   1               		.file	"hw_afsk.c"
   2               	__SREG__ = 0x3f
   3               	__SP_H__ = 0x3e
   4               	__SP_L__ = 0x3d
   5               	__CCP__  = 0x34
   6               	__tmp_reg__ = 0
   7               	__zero_reg__ = 1
  15               	.Ltext0:
  16               		.section	.text.__vector_21,"ax",@progbits
  17               	.global	__vector_21
  19               	__vector_21:
  20               	.LFB31:
  21               	.LSM0:
  22 0000 1F92      		push __zero_reg__	 ;  52	*pushqi/1	[length = 1]
  23 0002 0F92      		push r0	 ;  53	*pushqi/1	[length = 1]
  24 0004 0FB6      		in r0,__SREG__	 ;  54	*movqi/4	[length = 1]
  25 0006 0F92      		push r0	 ;  55	*pushqi/1	[length = 1]
  26 0008 1124      		clr __zero_reg__	 ;  56	*movqi/7	[length = 1]
  27 000a 2F93      		push r18	 ;  58	*pushqi/1	[length = 1]
  28 000c 3F93      		push r19	 ;  59	*pushqi/1	[length = 1]
  29 000e 4F93      		push r20	 ;  60	*pushqi/1	[length = 1]
  30 0010 5F93      		push r21	 ;  61	*pushqi/1	[length = 1]
  31 0012 6F93      		push r22	 ;  62	*pushqi/1	[length = 1]
  32 0014 7F93      		push r23	 ;  63	*pushqi/1	[length = 1]
  33 0016 8F93      		push r24	 ;  64	*pushqi/1	[length = 1]
  34 0018 9F93      		push r25	 ;  65	*pushqi/1	[length = 1]
  35 001a AF93      		push r26	 ;  66	*pushqi/1	[length = 1]
  36 001c BF93      		push r27	 ;  67	*pushqi/1	[length = 1]
  37 001e EF93      		push r30	 ;  68	*pushqi/1	[length = 1]
  38 0020 FF93      		push r31	 ;  69	*pushqi/1	[length = 1]
  39               	/* prologue: Signal */
  40               	/* frame size = 0 */
  41               	.LSM1:
  42 0022 80E2      		ldi r24,lo8(32)	 ;  6	*movqi/2	[length = 1]
  43 0024 86BB      		out 54-32,r24	 ;  7	*movqi/3	[length = 1]
  44               	.LSM2:
  45 0026 6091 7800 		lds r22,120	 ;  9	*movhi/2	[length = 4]
  46 002a 7091 7900 		lds r23,(120)+1
  47 002e 7695      		lsr r23	 ;  95	*lshrhi3_const/4	[length = 4]
  48 0030 6795      		ror r22
  49 0032 7695      		lsr r23
  50 0034 6795      		ror r22
  51 0036 6058      		subi r22,lo8(-(-128))	 ;  13	addqi3/2	[length = 1]
  52 0038 8091 0000 		lds r24,ctx	 ;  14	*movhi/2	[length = 4]
  53 003c 9091 0000 		lds r25,(ctx)+1
  54 0040 0E94 0000 		call afsk_adc_isr	 ;  16	call_insn/3	[length = 2]
  55               	.LSM3:
  56 0044 8091 0000 		lds r24,hw_afsk_dac_isr	 ;  17	*movqi/4	[length = 2]
  57 0048 8823      		tst r24	 ;  18	tstqi	[length = 1]
  58 004a 01F0      		breq .L2	 ;  19	branch	[length = 1]
  59               	.LSM4:
  60 004c 8091 0000 		lds r24,ctx	 ;  23	*movhi/2	[length = 4]
  61 0050 9091 0000 		lds r25,(ctx)+1
  62 0054 0E94 0000 		call afsk_dac_isr	 ;  24	call_value_insn/3	[length = 2]
  63 0058 807F      		andi r24,lo8(-16)	 ;  26	andqi3/2	[length = 1]
  64 005a 00C0      		rjmp .L5	 ;  96	jump	[length = 1]
  65               	.L2:
  66               	.LSM5:
  67 005c 80E8      		ldi r24,lo8(-128)	 ;  34	*movqi/2	[length = 1]
  68               	.L5:
  69 005e 8BB9      		out 43-32,r24	 ;  35	*movqi/3	[length = 1]
  70               	/* epilogue start */
  71               	.LSM6:
  72 0060 FF91      		pop r31	 ;  72	popqi	[length = 1]
  73 0062 EF91      		pop r30	 ;  73	popqi	[length = 1]
  74 0064 BF91      		pop r27	 ;  74	popqi	[length = 1]
  75 0066 AF91      		pop r26	 ;  75	popqi	[length = 1]
  76 0068 9F91      		pop r25	 ;  76	popqi	[length = 1]
  77 006a 8F91      		pop r24	 ;  77	popqi	[length = 1]
  78 006c 7F91      		pop r23	 ;  78	popqi	[length = 1]
  79 006e 6F91      		pop r22	 ;  79	popqi	[length = 1]
  80 0070 5F91      		pop r21	 ;  80	popqi	[length = 1]
  81 0072 4F91      		pop r20	 ;  81	popqi	[length = 1]
  82 0074 3F91      		pop r19	 ;  82	popqi	[length = 1]
  83 0076 2F91      		pop r18	 ;  83	popqi	[length = 1]
  84 0078 0F90      		pop r0	 ;  84	popqi	[length = 1]
  85 007a 0FBE      		out __SREG__,r0	 ;  85	*movqi/3	[length = 1]
  86 007c 0F90      		pop r0	 ;  86	popqi	[length = 1]
  87 007e 1F90      		pop __zero_reg__	 ;  87	popqi	[length = 1]
  88 0080 1895      		reti	 ;  88	return_from_interrupt_epilogue	[length = 1]
  89               	.LFE31:
  91               		.section	.text.hw_afsk_adcInit,"ax",@progbits
  92               	.global	hw_afsk_adcInit
  94               	hw_afsk_adcInit:
  95               	.LFB30:
  96               	.LSM7:
  97               	.LVL0:
  98 0000 CF93      		push r28	 ;  78	*pushqi/1	[length = 1]
  99 0002 DF93      		push r29	 ;  79	*pushqi/1	[length = 1]
 100               	/* prologue: function */
 101               	/* frame size = 0 */
 102 0004 EC01      		movw r28,r24	 ;  2	*movhi/1	[length = 1]
 103               	.LSM8:
 104 0006 7093 0000 		sts (ctx)+1,r23	 ;  7	*movhi/3	[length = 4]
 105 000a 6093 0000 		sts ctx,r22
 106               	.LSM9:
 107 000e 8630      		cpi r24,6	 ;  8	cmphi/2	[length = 2]
 108 0010 9105      		cpc r25,__zero_reg__
 109 0012 04F0      		brlt .L7	 ;  9	branch	[length = 1]
 110 0014 80E0      		ldi r24,lo8(__c.1775)	 ;  14	*movhi/4	[length = 2]
 111 0016 90E0      		ldi r25,hi8(__c.1775)
 112               	.LVL1:
 113 0018 60E0      		ldi r22,lo8(__c.1777)	 ;  15	*movhi/4	[length = 2]
 114 001a 70E0      		ldi r23,hi8(__c.1777)
 115               	.LVL2:
 116 001c 4AE3      		ldi r20,lo8(58)	 ;  16	*movhi/4	[length = 2]
 117 001e 50E0      		ldi r21,hi8(58)
 118 0020 0E94 0000 		call __bassert_P	 ;  17	call_value_insn/3	[length = 2]
 119               	.LVL3:
 120               	.L7:
 121               	.LSM10:
 122 0024 259A      		sbi 36-32,5	 ;  24	*sbi	[length = 1]
 123               	.LSM11:
 124 0026 2D98      		cbi 37-32,5	 ;  29	*cbi	[length = 1]
 125               	.LSM12:
 126 0028 1092 8000 		sts 128,__zero_reg__	 ;  31	*movqi/3	[length = 2]
 127               	.LSM13:
 128 002c 8AE1      		ldi r24,lo8(26)	 ;  33	*movqi/2	[length = 1]
 129 002e 8093 8100 		sts 129,r24	 ;  34	*movqi/3	[length = 2]
 130               	.LSM14:
 131 0032 8FEC      		ldi r24,lo8(207)	 ;  36	*movhi/4	[length = 2]
 132 0034 90E0      		ldi r25,hi8(207)
 133 0036 9093 8700 		sts (134)+1,r25	 ;  37	*movhi/3	[length = 4]
 134 003a 8093 8600 		sts 134,r24
 135               	.LSM15:
 136 003e 9E01      		movw r18,r28	 ;  75	*movhi/1	[length = 1]
 137 0040 2064      		ori r18,lo8(64)	 ;  38	iorqi3/2	[length = 1]
 138 0042 2093 7C00 		sts 124,r18	 ;  40	*movqi/3	[length = 2]
 139               	.LSM16:
 140 0046 37B1      		in r19,39-32	 ;  42	*movqi/4	[length = 1]
 141 0048 81E0      		ldi r24,lo8(1)	 ;  43	*movhi/4	[length = 2]
 142 004a 90E0      		ldi r25,hi8(1)
 143 004c 00C0      		rjmp 2f	 ;  44	ashlhi3/1	[length = 6]
 144 004e 880F      	1:	lsl r24
 145 0050 991F      		rol r25
 146 0052 CA95      	2:	dec r28
 147 0054 02F4      		brpl 1b
 148 0056 282F      		mov r18,r24	 ;  77	*movqi/1	[length = 1]
 149 0058 2095      		com r18	 ;  46	one_cmplqi2	[length = 1]
 150 005a 3223      		and r19,r18	 ;  47	andqi3/1	[length = 1]
 151 005c 37B9      		out 39-32,r19	 ;  49	*movqi/3	[length = 1]
 152               	.LSM17:
 153 005e 38B1      		in r19,40-32	 ;  51	*movqi/4	[length = 1]
 154 0060 2323      		and r18,r19	 ;  52	andqi3/1	[length = 1]
 155 0062 28B9      		out 40-32,r18	 ;  54	*movqi/3	[length = 1]
 156               	.LSM18:
 157 0064 2091 7E00 		lds r18,126	 ;  56	*movqi/4	[length = 2]
 158 0068 822B      		or r24,r18	 ;  57	iorqi3/1	[length = 1]
 159 006a 8093 7E00 		sts 126,r24	 ;  59	*movqi/3	[length = 2]
 160               	.LSM19:
 161 006e 87E0      		ldi r24,lo8(7)	 ;  61	*movqi/2	[length = 1]
 162 0070 8093 7B00 		sts 123,r24	 ;  62	*movqi/3	[length = 2]
 163               	.LSM20:
 164 0074 8CEE      		ldi r24,lo8(-20)	 ;  64	*movqi/2	[length = 1]
 165 0076 8093 7A00 		sts 122,r24	 ;  65	*movqi/3	[length = 2]
 166               	/* epilogue start */
 167               	.LSM21:
 168 007a DF91      		pop r29	 ;  82	popqi	[length = 1]
 169 007c CF91      		pop r28	 ;  83	popqi	[length = 1]
 170               	.LVL4:
 171 007e 0895      		ret	 ;  84	return_from_epilogue	[length = 1]
 172               	.LFE30:
 174               		.section	.progmem.data,"a",@progbits
 177               	__c.1777:
 178 0000 6170 7273 		.string	"aprs/hw/hw_afsk.c"
 178      2F68 772F 
 178      6877 5F61 
 178      6673 6B2E 
 178      6300 
 181               	__c.1775:
 182 0012 6368 203C 		.string	"ch <= 5"
 182      3D20 3500 
 183               		.section	.bss.ctx,"aw",@nobits
 186               	ctx:
 187 0000 0000      		.skip 2,0
 188               		.comm hw_afsk_dac_isr,1,1
 221               	.Letext0:
DEFINED SYMBOLS
                            *ABS*:00000000 hw_afsk.c
C:\DOCUME~1\develer\IMPOST~1\Temp/cc2bwMYD.s:2      *ABS*:0000003f __SREG__
C:\DOCUME~1\develer\IMPOST~1\Temp/cc2bwMYD.s:3      *ABS*:0000003e __SP_H__
C:\DOCUME~1\develer\IMPOST~1\Temp/cc2bwMYD.s:4      *ABS*:0000003d __SP_L__
C:\DOCUME~1\develer\IMPOST~1\Temp/cc2bwMYD.s:5      *ABS*:00000034 __CCP__
C:\DOCUME~1\develer\IMPOST~1\Temp/cc2bwMYD.s:6      *ABS*:00000000 __tmp_reg__
C:\DOCUME~1\develer\IMPOST~1\Temp/cc2bwMYD.s:7      *ABS*:00000001 __zero_reg__
C:\DOCUME~1\develer\IMPOST~1\Temp/cc2bwMYD.s:19     .text.__vector_21:00000000 __vector_21
C:\DOCUME~1\develer\IMPOST~1\Temp/cc2bwMYD.s:186    .bss.ctx:00000000 ctx
                            *COM*:00000001 hw_afsk_dac_isr
C:\DOCUME~1\develer\IMPOST~1\Temp/cc2bwMYD.s:94     .text.hw_afsk_adcInit:00000000 hw_afsk_adcInit
C:\DOCUME~1\develer\IMPOST~1\Temp/cc2bwMYD.s:181    .progmem.data:00000012 __c.1775
C:\DOCUME~1\develer\IMPOST~1\Temp/cc2bwMYD.s:177    .progmem.data:00000000 __c.1777

UNDEFINED SYMBOLS
afsk_adc_isr
afsk_dac_isr
__bassert_P
__do_clear_bss
