   1               		.file	"ser_avr.c"
   2               	__SREG__ = 0x3f
   3               	__SP_H__ = 0x3e
   4               	__SP_L__ = 0x3d
   5               	__CCP__  = 0x34
   6               	__tmp_reg__ = 0
   7               	__zero_reg__ = 1
  15               	.Ltext0:
  16               		.section	.text.uart0_init,"ax",@progbits
  18               	uart0_init:
  19               	.LFB46:
  20               	.LSM0:
  21               	.LVL0:
  22               	/* prologue: function */
  23               	/* frame size = 0 */
  24               	.LSM1:
  25 0000 88E9      		ldi r24,lo8(-104)	 ;  8	*movqi/2	[length = 1]
  26               	.LVL1:
  27 0002 8093 C100 		sts 193,r24	 ;  9	*movqi/3	[length = 2]
  28               	/* epilogue start */
  29               	.LSM2:
  30 0006 0895      		ret	 ;  20	return	[length = 1]
  31               	.LFE46:
  33               		.section	.text.uart0_cleanup,"ax",@progbits
  35               	uart0_cleanup:
  36               	.LFB47:
  37               	.LSM3:
  38               	.LVL2:
  39               	/* prologue: function */
  40               	/* frame size = 0 */
  41               	.LSM4:
  42 0000 1092 C100 		sts 193,__zero_reg__	 ;  7	*movqi/3	[length = 2]
  43               	/* epilogue start */
  44               	.LSM5:
  45 0004 0895      		ret	 ;  18	return	[length = 1]
  46               	.LFE47:
  48               		.section	.text.uart0_enabletxirq,"ax",@progbits
  50               	uart0_enabletxirq:
  51               	.LFB48:
  52               	.LSM6:
  53               	.LVL3:
  54               	/* prologue: function */
  55               	/* frame size = 0 */
  56               	.LSM7:
  57 0000 FC01      		movw r30,r24	 ;  36	*movhi/1	[length = 1]
  58               	.LVL4:
  59               	.LSM8:
  60 0002 8285      		ldd r24,Z+10	 ;  7	*movqi/4	[length = 1]
  61               	.LVL5:
  62 0004 8823      		tst r24	 ;  8	tstqi	[length = 1]
  63 0006 01F4      		brne .L7	 ;  9	branch	[length = 1]
  64               	.LSM9:
  65 0008 81E0      		ldi r24,lo8(1)	 ;  11	*movqi/2	[length = 1]
  66 000a 8287      		std Z+10,r24	 ;  12	*movqi/3	[length = 1]
  67               	.LSM10:
  68 000c 88EB      		ldi r24,lo8(-72)	 ;  14	*movqi/2	[length = 1]
  69 000e 8093 C100 		sts 193,r24	 ;  15	*movqi/3	[length = 2]
  70               	.L7:
  71 0012 0895      		ret	 ;  35	return	[length = 1]
  72               	.LFE48:
  74               		.section	.text.uart0_setbaudrate,"ax",@progbits
  76               	uart0_setbaudrate:
  77               	.LFB49:
  78               	.LSM11:
  79               	.LVL6:
  80               	/* prologue: function */
  81               	/* frame size = 0 */
  82 0000 9A01      		movw r18,r20	 ;  3	*movsi/1	[length = 2]
  83 0002 AB01      		movw r20,r22
  84               	.LSM12:
  85 0004 CA01      		movw r24,r20	 ;  32	*movsi/1	[length = 2]
  86 0006 B901      		movw r22,r18
  87 0008 9695      		lsr r25	 ;  37	*lshrsi3_const/2	[length = 4]
  88 000a 8795      		ror r24
  89 000c 7795      		ror r23
  90 000e 6795      		ror r22
  91 0010 605C      		subi r22,lo8(-(1000000))	 ;  8	addsi3/4	[length = 4]
  92 0012 7D4B      		sbci r23,hi8(-(1000000))
  93 0014 804F      		sbci r24,hlo8(-(1000000))
  94 0016 9F4F      		sbci r25,hhi8(-(1000000))
  95 0018 0E94 0000 		call __udivmodsi4	 ;  11	*udivmodsi4_call	[length = 2]
  96 001c 2150      		subi r18,lo8(-(-1))	 ;  14	*addhi3/4	[length = 2]
  97 001e 3040      		sbci r19,hi8(-(-1))
  98               	.LVL7:
  99               	.LSM13:
 100 0020 3093 C500 		sts 197,r19	 ;  18	*movqi/3	[length = 2]
 101               	.LVL8:
 102               	.LSM14:
 103 0024 2093 C400 		sts 196,r18	 ;  21	*movqi/3	[length = 2]
 104               	/* epilogue start */
 105               	.LSM15:
 106 0028 0895      		ret	 ;  35	return	[length = 1]
 107               	.LFE49:
 109               		.section	.text.uart0_setparity,"ax",@progbits
 111               	uart0_setparity:
 112               	.LFB50:
 113               	.LSM16:
 114               	.LVL9:
 115               	/* prologue: function */
 116               	/* frame size = 0 */
 117               	.LSM17:
 118 0000 E2EC      		ldi r30,lo8(194)	 ;  7	*movhi/4	[length = 2]
 119 0002 F0E0      		ldi r31,hi8(194)
 120 0004 8081      		ld r24,Z	 ;  8	*movqi/4	[length = 1]
 121               	.LVL10:
 122 0006 A4E0      		ldi r26,4	 ;  26	*ashlhi3_const/5	[length = 5]
 123 0008 660F      	1:	lsl r22
 124 000a 771F      		rol r23
 125 000c AA95      		dec r26
 126 000e 01F4      		brne 1b
 127               	.LVL11:
 128 0010 8F7C      		andi r24,lo8(-49)	 ;  10	andqi3/2	[length = 1]
 129 0012 862B      		or r24,r22	 ;  11	iorqi3/1	[length = 1]
 130 0014 8083      		st Z,r24	 ;  13	*movqi/3	[length = 1]
 131               	/* epilogue start */
 132               	.LSM18:
 133 0016 0895      		ret	 ;  24	return	[length = 1]
 134               	.LFE50:
 136               		.section	.text.spi_init,"ax",@progbits
 138               	spi_init:
 139               	.LFB51:
 140               	.LSM19:
 141               	.LVL12:
 142               	/* prologue: function */
 143               	/* frame size = 0 */
 144               	.LBB23:
 145               	.LSM20:
 146               	/* #APP */
 147               	 ;  474 "bertos/cpu/avr/drv/ser_avr.c" 1
 148 0000 9FB7      		in r25,__SREG__
 149 0002 F894      		cli
 150               	 ;  0 "" 2
 151               	.LVL13:
 152               	/* #NOAPP */
 153 0004 84B1      		in r24,36-32	 ;  9	*movqi/4	[length = 1]
 154               	.LVL14:
 155 0006 8862      		ori r24,lo8(40)	 ;  10	iorqi3/2	[length = 1]
 156 0008 84B9      		out 36-32,r24	 ;  12	*movqi/3	[length = 1]
 157               	/* #APP */
 158               	 ;  474 "bertos/cpu/avr/drv/ser_avr.c" 1
 159 000a 9FBF      		out __SREG__,r25
 160               	 ;  0 "" 2
 161               	/* #NOAPP */
 162               	.LBE23:
 163               	.LBB24:
 164               	.LSM21:
 165               	/* #APP */
 166               	 ;  485 "bertos/cpu/avr/drv/ser_avr.c" 1
 167 000c 8FB7      		in r24,__SREG__
 168 000e F894      		cli
 169               	 ;  0 "" 2
 170               	.LVL15:
 171               	/* #NOAPP */
 172 0010 229A      		sbi 36-32,2	 ;  19	*sbi	[length = 1]
 173               	/* #APP */
 174               	 ;  485 "bertos/cpu/avr/drv/ser_avr.c" 1
 175 0012 8FBF      		out __SREG__,r24
 176               	 ;  0 "" 2
 177               	/* #NOAPP */
 178               	.LBE24:
 179               	.LBB25:
 180               	.LSM22:
 181               	/* #APP */
 182               	 ;  487 "bertos/cpu/avr/drv/ser_avr.c" 1
 183 0014 8FB7      		in r24,__SREG__
 184 0016 F894      		cli
 185               	 ;  0 "" 2
 186               	.LVL16:
 187               	/* #NOAPP */
 188 0018 2498      		cbi 36-32,4	 ;  26	*cbi	[length = 1]
 189               	/* #APP */
 190               	 ;  487 "bertos/cpu/avr/drv/ser_avr.c" 1
 191 001a 8FBF      		out __SREG__,r24
 192               	 ;  0 "" 2
 193               	/* #NOAPP */
 194               	.LBE25:
 195               	.LSM23:
 196 001c 80ED      		ldi r24,lo8(-48)	 ;  29	*movqi/2	[length = 1]
 197               	.LVL17:
 198 001e 8CBD      		out 76-32,r24	 ;  30	*movqi/3	[length = 1]
 199               	.LSM24:
 200 0020 8CB5      		in r24,76-32	 ;  32	*movqi/4	[length = 1]
 201 0022 8160      		ori r24,lo8(1)	 ;  33	iorqi3/2	[length = 1]
 202 0024 8CBD      		out 76-32,r24	 ;  35	*movqi/3	[length = 1]
 203               	.LSM25:
 204 0026 8DB5      		in r24,77-32	 ;  37	*movqi/4	[length = 1]
 205 0028 8E7F      		andi r24,lo8(-2)	 ;  38	andqi3/2	[length = 1]
 206 002a 8DBD      		out 77-32,r24	 ;  40	*movqi/3	[length = 1]
 207               	/* epilogue start */
 208               	.LSM26:
 209 002c 0895      		ret	 ;  51	return	[length = 1]
 210               	.LFE51:
 212               		.section	.text.spi_cleanup,"ax",@progbits
 214               	spi_cleanup:
 215               	.LFB52:
 216               	.LSM27:
 217               	.LVL18:
 218               	/* prologue: function */
 219               	/* frame size = 0 */
 220               	.LSM28:
 221 0000 1CBC      		out 76-32,__zero_reg__	 ;  7	*movqi/3	[length = 1]
 222               	.LBB26:
 223               	.LSM29:
 224               	/* #APP */
 225               	 ;  540 "bertos/cpu/avr/drv/ser_avr.c" 1
 226 0002 9FB7      		in r25,__SREG__
 227 0004 F894      		cli
 228               	 ;  0 "" 2
 229               	.LVL19:
 230               	/* #NOAPP */
 231 0006 84B1      		in r24,36-32	 ;  10	*movqi/4	[length = 1]
 232               	.LVL20:
 233 0008 837C      		andi r24,lo8(-61)	 ;  11	andqi3/2	[length = 1]
 234 000a 84B9      		out 36-32,r24	 ;  13	*movqi/3	[length = 1]
 235               	/* #APP */
 236               	 ;  540 "bertos/cpu/avr/drv/ser_avr.c" 1
 237 000c 9FBF      		out __SREG__,r25
 238               	 ;  0 "" 2
 239               	/* epilogue start */
 240               	/* #NOAPP */
 241               	.LBE26:
 242               	.LSM30:
 243 000e 0895      		ret	 ;  25	return	[length = 1]
 244               	.LFE52:
 246               		.section	.text.spi_starttx,"ax",@progbits
 248               	spi_starttx:
 249               	.LFB53:
 250               	.LSM31:
 251               	.LVL21:
 252               	/* prologue: function */
 253               	/* frame size = 0 */
 254               	.LSM32:
 255 0000 FC01      		movw r30,r24	 ;  67	*movhi/1	[length = 1]
 256               	.LVL22:
 257               	.LSM33:
 258               	/* #APP */
 259               	 ;  548 "bertos/cpu/avr/drv/ser_avr.c" 1
 260 0002 4FB7      		in r20,__SREG__
 261 0004 F894      		cli
 262               	 ;  0 "" 2
 263               	.LVL23:
 264               	.LSM34:
 265               	/* #NOAPP */
 266 0006 8285      		ldd r24,Z+10	 ;  8	*movqi/4	[length = 1]
 267               	.LVL24:
 268 0008 8823      		tst r24	 ;  9	tstqi	[length = 1]
 269 000a 01F4      		brne .L17	 ;  10	branch	[length = 1]
 270 000c A091 0000 		lds r26,ser_handles+2	 ;  13	*movhi/2	[length = 4]
 271 0010 B091 0000 		lds r27,(ser_handles+2)+1
 272               	.LBB27:
 273               	.LBB28:
 274               	.LSM35:
 275 0014 5F96      		adiw r26,31	 ;  14	*movhi/2	[length = 4]
 276 0016 2D91      		ld r18,X+
 277 0018 3C91      		ld r19,X
 278 001a 9097      		sbiw r26,31+1
 279 001c 9196      		adiw r26,33	 ;  15	*movhi/2	[length = 4]
 280 001e 8D91      		ld r24,X+
 281 0020 9C91      		ld r25,X
 282 0022 9297      		sbiw r26,33+1
 283               	.LBE28:
 284               	.LBE27:
 285               	.LSM36:
 286 0024 2817      		cp r18,r24	 ;  16	cmphi/1	[length = 2]
 287 0026 3907      		cpc r19,r25
 288 0028 01F0      		breq .L17	 ;  17	branch	[length = 1]
 289               	.LSM37:
 290 002a 81E0      		ldi r24,lo8(1)	 ;  19	*movqi/2	[length = 1]
 291 002c 8287      		std Z+10,r24	 ;  20	*movqi/3	[length = 1]
 292               	.LBB29:
 293               	.LBB30:
 294               	.LSM38:
 295 002e 5F96      		adiw r26,31	 ;  21	*movhi/2	[length = 4]
 296 0030 ED91      		ld r30,X+
 297 0032 FC91      		ld r31,X
 298 0034 9097      		sbiw r26,31+1
 299               	.LVL25:
 300 0036 9596      		adiw r26,37	 ;  22	*movhi/2	[length = 4]
 301 0038 8D91      		ld r24,X+
 302 003a 9C91      		ld r25,X
 303 003c 9697      		sbiw r26,37+1
 304 003e E817      		cp r30,r24	 ;  23	cmphi/1	[length = 2]
 305 0040 F907      		cpc r31,r25
 306 0042 01F4      		brne .L18	 ;  24	branch	[length = 1]
 307               	.LSM39:
 308 0044 9396      		adiw r26,35	 ;  26	*movhi/2	[length = 4]
 309 0046 8D91      		ld r24,X+
 310 0048 9C91      		ld r25,X
 311 004a 9497      		sbiw r26,35+1
 312 004c 9096      		adiw r26,31+1	 ;  27	*movhi/3	[length = 4]
 313 004e 9C93      		st X,r25
 314 0050 8E93      		st -X,r24
 315 0052 5F97      		sbiw r26,31
 316               	.LSM40:
 317 0054 8081      		ld r24,Z	 ;  29	*movqi/4	[length = 1]
 318 0056 00C0      		rjmp .L19	 ;  68	jump	[length = 1]
 319               	.L18:
 320               	.LSM41:
 321 0058 5F96      		adiw r26,31	 ;  34	*movhi/2	[length = 4]
 322 005a ED91      		ld r30,X+
 323 005c FC91      		ld r31,X
 324 005e 9097      		sbiw r26,31+1
 325 0060 8191      		ld r24,Z+	 ;  35	*movqi/4	[length = 1]
 326 0062 9096      		adiw r26,31+1	 ;  37	*movhi/3	[length = 4]
 327 0064 FC93      		st X,r31
 328 0066 EE93      		st -X,r30
 329 0068 5F97      		sbiw r26,31
 330               	.L19:
 331               	.LBE30:
 332               	.LBE29:
 333               	.LSM42:
 334 006a 8EBD      		out 78-32,r24	 ;  41	*movqi/3	[length = 1]
 335               	.LVL26:
 336               	.L17:
 337               	.LSM43:
 338               	/* #APP */
 339               	 ;  557 "bertos/cpu/avr/drv/ser_avr.c" 1
 340 006c 4FBF      		out __SREG__,r20
 341               	 ;  0 "" 2
 342               	/* epilogue start */
 343               	.LSM44:
 344               	/* #NOAPP */
 345 006e 0895      		ret	 ;  65	return	[length = 1]
 346               	.LFE53:
 348               		.section	.text.spi_setbaudrate,"ax",@progbits
 350               	spi_setbaudrate:
 351               	.LFB54:
 352               	.LSM45:
 353               	.LVL27:
 354               	/* prologue: function */
 355               	/* frame size = 0 */
 356               	/* epilogue start */
 357               	.LSM46:
 358 0000 0895      		ret	 ;  17	return	[length = 1]
 359               	.LFE54:
 361               		.section	.text.spi_setparity,"ax",@progbits
 363               	spi_setparity:
 364               	.LFB55:
 365               	.LSM47:
 366               	.LVL28:
 367               	/* prologue: function */
 368               	/* frame size = 0 */
 369               	/* epilogue start */
 370               	.LSM48:
 371 0000 0895      		ret	 ;  17	return	[length = 1]
 372               	.LFE55:
 374               		.section	.text.tx_sending,"ax",@progbits
 376               	tx_sending:
 377               	.LFB56:
 378               	.LSM49:
 379               	.LVL29:
 380               	/* prologue: function */
 381               	/* frame size = 0 */
 382               	.LSM50:
 383 0000 FC01      		movw r30,r24	 ;  33	*movhi/1	[length = 1]
 384               	.LVL30:
 385               	.LSM51:
 386 0002 8285      		ldd r24,Z+10	 ;  7	*movqi/4	[length = 1]
 387               	.LVL31:
 388               	/* epilogue start */
 389               	.LSM52:
 390 0004 0895      		ret	 ;  31	return	[length = 1]
 391               	.LFE56:
 393               		.section	.text.__vector_19,"ax",@progbits
 394               	.global	__vector_19
 396               	__vector_19:
 397               	.LFB58:
 398               	.LSM53:
 399 0000 1F92      		push __zero_reg__	 ;  57	*pushqi/1	[length = 1]
 400 0002 0F92      		push r0	 ;  58	*pushqi/1	[length = 1]
 401 0004 0FB6      		in r0,__SREG__	 ;  59	*movqi/4	[length = 1]
 402 0006 0F92      		push r0	 ;  60	*pushqi/1	[length = 1]
 403 0008 1124      		clr __zero_reg__	 ;  61	*movqi/7	[length = 1]
 404 000a 2F93      		push r18	 ;  63	*pushqi/1	[length = 1]
 405 000c 3F93      		push r19	 ;  64	*pushqi/1	[length = 1]
 406 000e 8F93      		push r24	 ;  65	*pushqi/1	[length = 1]
 407 0010 9F93      		push r25	 ;  66	*pushqi/1	[length = 1]
 408 0012 AF93      		push r26	 ;  67	*pushqi/1	[length = 1]
 409 0014 BF93      		push r27	 ;  68	*pushqi/1	[length = 1]
 410 0016 EF93      		push r30	 ;  69	*pushqi/1	[length = 1]
 411 0018 FF93      		push r31	 ;  70	*pushqi/1	[length = 1]
 412               	/* prologue: Signal */
 413               	/* frame size = 0 */
 414               	.LSM54:
 415 001a A091 0000 		lds r26,ser_handles	 ;  6	*movhi/2	[length = 4]
 416 001e B091 0000 		lds r27,(ser_handles)+1
 417               	.LBB31:
 418               	.LBB32:
 419               	.LSM55:
 420 0022 5F96      		adiw r26,31	 ;  7	*movhi/2	[length = 4]
 421 0024 2D91      		ld r18,X+
 422 0026 3C91      		ld r19,X
 423 0028 9097      		sbiw r26,31+1
 424 002a 9196      		adiw r26,33	 ;  8	*movhi/2	[length = 4]
 425 002c 8D91      		ld r24,X+
 426 002e 9C91      		ld r25,X
 427 0030 9297      		sbiw r26,33+1
 428               	.LBE32:
 429               	.LBE31:
 430               	.LSM56:
 431 0032 2817      		cp r18,r24	 ;  9	cmphi/1	[length = 2]
 432 0034 3907      		cpc r19,r25
 433 0036 01F4      		brne .L28	 ;  10	branch	[length = 1]
 434               	.LSM57:
 435 0038 88E9      		ldi r24,lo8(-104)	 ;  13	*movqi/2	[length = 1]
 436 003a 8093 C100 		sts 193,r24	 ;  14	*movqi/3	[length = 2]
 437               	.LSM58:
 438 003e 1092 0000 		sts UARTDescs+10,__zero_reg__	 ;  16	*movqi/3	[length = 2]
 439 0042 00C0      		rjmp .L32	 ;  87	jump	[length = 1]
 440               	.L28:
 441               	.LBB33:
 442               	.LBB34:
 443               	.LBB35:
 444               	.LSM59:
 445 0044 5F96      		adiw r26,31	 ;  21	*movhi/2	[length = 4]
 446 0046 ED91      		ld r30,X+
 447 0048 FC91      		ld r31,X
 448 004a 9097      		sbiw r26,31+1
 449 004c 9596      		adiw r26,37	 ;  22	*movhi/2	[length = 4]
 450 004e 8D91      		ld r24,X+
 451 0050 9C91      		ld r25,X
 452 0052 9697      		sbiw r26,37+1
 453 0054 E817      		cp r30,r24	 ;  23	cmphi/1	[length = 2]
 454 0056 F907      		cpc r31,r25
 455 0058 01F4      		brne .L30	 ;  24	branch	[length = 1]
 456               	.LSM60:
 457 005a 9396      		adiw r26,35	 ;  26	*movhi/2	[length = 4]
 458 005c 8D91      		ld r24,X+
 459 005e 9C91      		ld r25,X
 460 0060 9497      		sbiw r26,35+1
 461 0062 9096      		adiw r26,31+1	 ;  27	*movhi/3	[length = 4]
 462 0064 9C93      		st X,r25
 463 0066 8E93      		st -X,r24
 464 0068 5F97      		sbiw r26,31
 465               	.LSM61:
 466 006a 8081      		ld r24,Z	 ;  29	*movqi/4	[length = 1]
 467 006c 00C0      		rjmp .L31	 ;  89	jump	[length = 1]
 468               	.L30:
 469               	.LSM62:
 470 006e 5F96      		adiw r26,31	 ;  34	*movhi/2	[length = 4]
 471 0070 ED91      		ld r30,X+
 472 0072 FC91      		ld r31,X
 473 0074 9097      		sbiw r26,31+1
 474 0076 8191      		ld r24,Z+	 ;  35	*movqi/4	[length = 1]
 475 0078 9096      		adiw r26,31+1	 ;  37	*movhi/3	[length = 4]
 476 007a FC93      		st X,r31
 477 007c EE93      		st -X,r30
 478 007e 5F97      		sbiw r26,31
 479               	.L31:
 480               	.LBE35:
 481               	.LBE34:
 482               	.LSM63:
 483 0080 8093 C600 		sts 198,r24	 ;  41	*movqi/3	[length = 2]
 484               	.L32:
 485               	/* epilogue start */
 486               	.LBE33:
 487               	.LSM64:
 488 0084 FF91      		pop r31	 ;  73	popqi	[length = 1]
 489 0086 EF91      		pop r30	 ;  74	popqi	[length = 1]
 490 0088 BF91      		pop r27	 ;  75	popqi	[length = 1]
 491 008a AF91      		pop r26	 ;  76	popqi	[length = 1]
 492 008c 9F91      		pop r25	 ;  77	popqi	[length = 1]
 493 008e 8F91      		pop r24	 ;  78	popqi	[length = 1]
 494 0090 3F91      		pop r19	 ;  79	popqi	[length = 1]
 495 0092 2F91      		pop r18	 ;  80	popqi	[length = 1]
 496 0094 0F90      		pop r0	 ;  81	popqi	[length = 1]
 497 0096 0FBE      		out __SREG__,r0	 ;  82	*movqi/3	[length = 1]
 498 0098 0F90      		pop r0	 ;  83	popqi	[length = 1]
 499 009a 1F90      		pop __zero_reg__	 ;  84	popqi	[length = 1]
 500 009c 1895      		reti	 ;  85	return_from_interrupt_epilogue	[length = 1]
 501               	.LFE58:
 503               		.section	.text.__vector_18,"ax",@progbits
 504               	.global	__vector_18
 506               	__vector_18:
 507               	.LFB59:
 508               	.LSM65:
 509 0000 1F92      		push __zero_reg__	 ;  82	*pushqi/1	[length = 1]
 510 0002 0F92      		push r0	 ;  83	*pushqi/1	[length = 1]
 511 0004 0FB6      		in r0,__SREG__	 ;  84	*movqi/4	[length = 1]
 512 0006 0F92      		push r0	 ;  85	*pushqi/1	[length = 1]
 513 0008 1124      		clr __zero_reg__	 ;  86	*movqi/7	[length = 1]
 514 000a 2F93      		push r18	 ;  88	*pushqi/1	[length = 1]
 515 000c 3F93      		push r19	 ;  89	*pushqi/1	[length = 1]
 516 000e 4F93      		push r20	 ;  90	*pushqi/1	[length = 1]
 517 0010 8F93      		push r24	 ;  91	*pushqi/1	[length = 1]
 518 0012 9F93      		push r25	 ;  92	*pushqi/1	[length = 1]
 519 0014 AF93      		push r26	 ;  93	*pushqi/1	[length = 1]
 520 0016 BF93      		push r27	 ;  94	*pushqi/1	[length = 1]
 521 0018 EF93      		push r30	 ;  95	*pushqi/1	[length = 1]
 522 001a FF93      		push r31	 ;  96	*pushqi/1	[length = 1]
 523               	/* prologue: Signal */
 524               	/* frame size = 0 */
 525               	.LSM66:
 526 001c A091 0000 		lds r26,ser_handles	 ;  6	*movhi/2	[length = 4]
 527 0020 B091 0000 		lds r27,(ser_handles)+1
 528 0024 9F96      		adiw r26,47	 ;  7	*movqi/4	[length = 3]
 529 0026 9C91      		ld r25,X
 530 0028 9F97      		sbiw r26,47
 531 002a 8091 C000 		lds r24,192	 ;  9	*movqi/4	[length = 2]
 532 002e 8871      		andi r24,lo8(24)	 ;  10	andqi3/2	[length = 1]
 533 0030 892B      		or r24,r25	 ;  11	iorqi3/1	[length = 1]
 534 0032 9F96      		adiw r26,47	 ;  12	*movqi/3	[length = 3]
 535 0034 8C93      		st X,r24
 536 0036 9F97      		sbiw r26,47
 537               	.LSM67:
 538 0038 4091 C600 		lds r20,198	 ;  14	*movqi/4	[length = 2]
 539               	.LBB36:
 540               	.LBB37:
 541               	.LSM68:
 542 003c 9796      		adiw r26,39	 ;  15	*movhi/2	[length = 4]
 543 003e 2D91      		ld r18,X+
 544 0040 3C91      		ld r19,X
 545 0042 9897      		sbiw r26,39+1
 546 0044 9B96      		adiw r26,43	 ;  16	*movhi/2	[length = 4]
 547 0046 8D91      		ld r24,X+
 548 0048 9C91      		ld r25,X
 549 004a 9C97      		sbiw r26,43+1
 550 004c 2817      		cp r18,r24	 ;  17	cmphi/1	[length = 2]
 551 004e 3907      		cpc r19,r25
 552 0050 01F4      		brne .L34	 ;  18	branch	[length = 1]
 553 0052 9996      		adiw r26,41	 ;  20	*movhi/2	[length = 4]
 554 0054 2D91      		ld r18,X+
 555 0056 3C91      		ld r19,X
 556 0058 9A97      		sbiw r26,41+1
 557 005a 9D96      		adiw r26,45	 ;  21	*movhi/2	[length = 4]
 558 005c 8D91      		ld r24,X+
 559 005e 9C91      		ld r25,X
 560 0060 9E97      		sbiw r26,45+1
 561 0062 2817      		cp r18,r24	 ;  22	cmphi/1	[length = 2]
 562 0064 3907      		cpc r19,r25
 563 0066 01F0      		breq .L35	 ;  23	branch	[length = 1]
 564               	.L34:
 565 0068 9996      		adiw r26,41	 ;  26	*movhi/2	[length = 4]
 566 006a 2D91      		ld r18,X+
 567 006c 3C91      		ld r19,X
 568 006e 9A97      		sbiw r26,41+1
 569 0070 9796      		adiw r26,39	 ;  27	*movhi/2	[length = 4]
 570 0072 8D91      		ld r24,X+
 571 0074 9C91      		ld r25,X
 572 0076 9897      		sbiw r26,39+1
 573 0078 0197      		sbiw r24,1	 ;  28	*addhi3/3	[length = 1]
 574 007a 2817      		cp r18,r24	 ;  29	cmphi/1	[length = 2]
 575 007c 3907      		cpc r19,r25
 576 007e 01F4      		brne .L36	 ;  30	branch	[length = 1]
 577               	.L35:
 578               	.LBE37:
 579               	.LBE36:
 580               	.LSM69:
 581 0080 9F96      		adiw r26,47	 ;  33	*movqi/4	[length = 3]
 582 0082 8C91      		ld r24,X
 583 0084 9F97      		sbiw r26,47
 584 0086 8160      		ori r24,lo8(1)	 ;  34	iorqi3/2	[length = 1]
 585 0088 9F96      		adiw r26,47	 ;  35	*movqi/3	[length = 2]
 586 008a 8C93      		st X,r24
 587 008c 00C0      		rjmp .L40	 ;  119	jump	[length = 1]
 588               	.L43:
 589               	.LBB38:
 590               	.LBB39:
 591               	.LSM70:
 592 008e 9B96      		adiw r26,43	 ;  39	*movhi/2	[length = 4]
 593 0090 8D91      		ld r24,X+
 594 0092 9C91      		ld r25,X
 595 0094 9C97      		sbiw r26,43+1
 596 0096 00C0      		rjmp .L42	 ;  121	jump	[length = 1]
 597               	.L41:
 598               	.LSM71:
 599 0098 9996      		adiw r26,41	 ;  44	*movhi/2	[length = 4]
 600 009a 8D91      		ld r24,X+
 601 009c 9C91      		ld r25,X
 602 009e 9A97      		sbiw r26,41+1
 603 00a0 0196      		adiw r24,1	 ;  45	*addhi3/2	[length = 1]
 604               	.L42:
 605 00a2 9A96      		adiw r26,41+1	 ;  46	*movhi/3	[length = 4]
 606 00a4 9C93      		st X,r25
 607 00a6 8E93      		st -X,r24
 608 00a8 9997      		sbiw r26,41
 609 00aa 00C0      		rjmp .L40	 ;  123	jump	[length = 1]
 610               	.L36:
 611               	.LSM72:
 612 00ac 9996      		adiw r26,41	 ;  53	*movhi/2	[length = 4]
 613 00ae ED91      		ld r30,X+
 614 00b0 FC91      		ld r31,X
 615 00b2 9A97      		sbiw r26,41+1
 616 00b4 4083      		st Z,r20	 ;  54	*movqi/3	[length = 1]
 617               	.LSM73:
 618 00b6 9996      		adiw r26,41	 ;  55	*movhi/2	[length = 4]
 619 00b8 2D91      		ld r18,X+
 620 00ba 3C91      		ld r19,X
 621 00bc 9A97      		sbiw r26,41+1
 622 00be 9D96      		adiw r26,45	 ;  57	*movhi/2	[length = 4]
 623 00c0 8D91      		ld r24,X+
 624 00c2 9C91      		ld r25,X
 625 00c4 9E97      		sbiw r26,45+1
 626 00c6 2817      		cp r18,r24	 ;  58	cmphi/1	[length = 2]
 627 00c8 3907      		cpc r19,r25
 628 00ca 01F4      		brne .L41	 ;  59	branch	[length = 1]
 629 00cc 00C0      		rjmp .L43	 ;  127	jump	[length = 1]
 630               	.L40:
 631               	/* epilogue start */
 632               	.LBE39:
 633               	.LBE38:
 634               	.LSM74:
 635 00ce FF91      		pop r31	 ;  99	popqi	[length = 1]
 636 00d0 EF91      		pop r30	 ;  100	popqi	[length = 1]
 637 00d2 BF91      		pop r27	 ;  101	popqi	[length = 1]
 638 00d4 AF91      		pop r26	 ;  102	popqi	[length = 1]
 639 00d6 9F91      		pop r25	 ;  103	popqi	[length = 1]
 640 00d8 8F91      		pop r24	 ;  104	popqi	[length = 1]
 641 00da 4F91      		pop r20	 ;  105	popqi	[length = 1]
 642 00dc 3F91      		pop r19	 ;  106	popqi	[length = 1]
 643 00de 2F91      		pop r18	 ;  107	popqi	[length = 1]
 644 00e0 0F90      		pop r0	 ;  108	popqi	[length = 1]
 645 00e2 0FBE      		out __SREG__,r0	 ;  109	*movqi/3	[length = 1]
 646 00e4 0F90      		pop r0	 ;  110	popqi	[length = 1]
 647 00e6 1F90      		pop __zero_reg__	 ;  111	popqi	[length = 1]
 648 00e8 1895      		reti	 ;  112	return_from_interrupt_epilogue	[length = 1]
 649               	.LFE59:
 651               		.section	.text.__vector_17,"ax",@progbits
 652               	.global	__vector_17
 654               	__vector_17:
 655               	.LFB60:
 656               	.LSM75:
 657 0000 1F92      		push __zero_reg__	 ;  110	*pushqi/1	[length = 1]
 658 0002 0F92      		push r0	 ;  111	*pushqi/1	[length = 1]
 659 0004 0FB6      		in r0,__SREG__	 ;  112	*movqi/4	[length = 1]
 660 0006 0F92      		push r0	 ;  113	*pushqi/1	[length = 1]
 661 0008 1124      		clr __zero_reg__	 ;  114	*movqi/7	[length = 1]
 662 000a 2F93      		push r18	 ;  116	*pushqi/1	[length = 1]
 663 000c 3F93      		push r19	 ;  117	*pushqi/1	[length = 1]
 664 000e 8F93      		push r24	 ;  118	*pushqi/1	[length = 1]
 665 0010 9F93      		push r25	 ;  119	*pushqi/1	[length = 1]
 666 0012 AF93      		push r26	 ;  120	*pushqi/1	[length = 1]
 667 0014 BF93      		push r27	 ;  121	*pushqi/1	[length = 1]
 668 0016 EF93      		push r30	 ;  122	*pushqi/1	[length = 1]
 669 0018 FF93      		push r31	 ;  123	*pushqi/1	[length = 1]
 670               	/* prologue: Signal */
 671               	/* frame size = 0 */
 672               	.LSM76:
 673 001a A091 0000 		lds r26,ser_handles+2	 ;  6	*movhi/2	[length = 4]
 674 001e B091 0000 		lds r27,(ser_handles+2)+1
 675               	.LBB40:
 676               	.LBB41:
 677               	.LSM77:
 678 0022 9796      		adiw r26,39	 ;  7	*movhi/2	[length = 4]
 679 0024 2D91      		ld r18,X+
 680 0026 3C91      		ld r19,X
 681 0028 9897      		sbiw r26,39+1
 682 002a 9B96      		adiw r26,43	 ;  8	*movhi/2	[length = 4]
 683 002c 8D91      		ld r24,X+
 684 002e 9C91      		ld r25,X
 685 0030 9C97      		sbiw r26,43+1
 686 0032 2817      		cp r18,r24	 ;  9	cmphi/1	[length = 2]
 687 0034 3907      		cpc r19,r25
 688 0036 01F4      		brne .L45	 ;  10	branch	[length = 1]
 689 0038 9996      		adiw r26,41	 ;  12	*movhi/2	[length = 4]
 690 003a 2D91      		ld r18,X+
 691 003c 3C91      		ld r19,X
 692 003e 9A97      		sbiw r26,41+1
 693 0040 9D96      		adiw r26,45	 ;  13	*movhi/2	[length = 4]
 694 0042 8D91      		ld r24,X+
 695 0044 9C91      		ld r25,X
 696 0046 9E97      		sbiw r26,45+1
 697 0048 2817      		cp r18,r24	 ;  14	cmphi/1	[length = 2]
 698 004a 3907      		cpc r19,r25
 699 004c 01F0      		breq .L48	 ;  15	branch	[length = 1]
 700               	.L45:
 701 004e 9996      		adiw r26,41	 ;  22	*movhi/2	[length = 4]
 702 0050 2D91      		ld r18,X+
 703 0052 3C91      		ld r19,X
 704 0054 9A97      		sbiw r26,41+1
 705 0056 9796      		adiw r26,39	 ;  23	*movhi/2	[length = 4]
 706 0058 8D91      		ld r24,X+
 707 005a 9C91      		ld r25,X
 708 005c 9897      		sbiw r26,39+1
 709 005e 0197      		sbiw r24,1	 ;  25	*addhi3/3	[length = 1]
 710 0060 2817      		cp r18,r24	 ;  26	cmphi/1	[length = 2]
 711 0062 3907      		cpc r19,r25
 712 0064 01F0      		breq .L48	 ;  27	branch	[length = 1]
 713               	.LBE41:
 714               	.LBE40:
 715               	.LSM78:
 716 0066 8EB5      		in r24,78-32	 ;  37	*movqi/4	[length = 1]
 717               	.LBB42:
 718               	.LBB43:
 719               	.LSM79:
 720 0068 9996      		adiw r26,41	 ;  38	*movhi/2	[length = 4]
 721 006a ED91      		ld r30,X+
 722 006c FC91      		ld r31,X
 723 006e 9A97      		sbiw r26,41+1
 724 0070 8083      		st Z,r24	 ;  39	*movqi/3	[length = 1]
 725               	.LSM80:
 726 0072 9996      		adiw r26,41	 ;  40	*movhi/2	[length = 4]
 727 0074 2D91      		ld r18,X+
 728 0076 3C91      		ld r19,X
 729 0078 9A97      		sbiw r26,41+1
 730 007a 9D96      		adiw r26,45	 ;  41	*movhi/2	[length = 4]
 731 007c 8D91      		ld r24,X+
 732 007e 9C91      		ld r25,X
 733 0080 9E97      		sbiw r26,45+1
 734 0082 2817      		cp r18,r24	 ;  42	cmphi/1	[length = 2]
 735 0084 3907      		cpc r19,r25
 736 0086 01F4      		brne .L49	 ;  43	branch	[length = 1]
 737               	.LSM81:
 738 0088 9B96      		adiw r26,43	 ;  45	*movhi/2	[length = 4]
 739 008a 8D91      		ld r24,X+
 740 008c 9C91      		ld r25,X
 741 008e 9C97      		sbiw r26,43+1
 742 0090 00C0      		rjmp .L56	 ;  145	jump	[length = 1]
 743               	.L49:
 744               	.LSM82:
 745 0092 9996      		adiw r26,41	 ;  51	*movhi/2	[length = 4]
 746 0094 8D91      		ld r24,X+
 747 0096 9C91      		ld r25,X
 748 0098 9A97      		sbiw r26,41+1
 749 009a 0196      		adiw r24,1	 ;  52	*addhi3/2	[length = 1]
 750               	.L56:
 751 009c 9A96      		adiw r26,41+1	 ;  53	*movhi/3	[length = 4]
 752 009e 9C93      		st X,r25
 753 00a0 8E93      		st -X,r24
 754 00a2 9997      		sbiw r26,41
 755               	.L48:
 756               	.LBE43:
 757               	.LBE42:
 758               	.LSM83:
 759 00a4 A091 0000 		lds r26,ser_handles+2	 ;  57	*movhi/2	[length = 4]
 760 00a8 B091 0000 		lds r27,(ser_handles+2)+1
 761               	.LBB44:
 762               	.LBB45:
 763               	.LSM84:
 764 00ac 5F96      		adiw r26,31	 ;  58	*movhi/2	[length = 4]
 765 00ae 2D91      		ld r18,X+
 766 00b0 3C91      		ld r19,X
 767 00b2 9097      		sbiw r26,31+1
 768 00b4 9196      		adiw r26,33	 ;  59	*movhi/2	[length = 4]
 769 00b6 8D91      		ld r24,X+
 770 00b8 9C91      		ld r25,X
 771 00ba 9297      		sbiw r26,33+1
 772               	.LBE45:
 773               	.LBE44:
 774               	.LSM85:
 775 00bc 2817      		cp r18,r24	 ;  60	cmphi/1	[length = 2]
 776 00be 3907      		cpc r19,r25
 777 00c0 01F0      		breq .L50	 ;  61	branch	[length = 1]
 778               	.LBB46:
 779               	.LBB47:
 780               	.LSM86:
 781 00c2 5F96      		adiw r26,31	 ;  63	*movhi/2	[length = 4]
 782 00c4 ED91      		ld r30,X+
 783 00c6 FC91      		ld r31,X
 784 00c8 9097      		sbiw r26,31+1
 785 00ca 9596      		adiw r26,37	 ;  64	*movhi/2	[length = 4]
 786 00cc 8D91      		ld r24,X+
 787 00ce 9C91      		ld r25,X
 788 00d0 9697      		sbiw r26,37+1
 789 00d2 E817      		cp r30,r24	 ;  65	cmphi/1	[length = 2]
 790 00d4 F907      		cpc r31,r25
 791 00d6 01F4      		brne .L51	 ;  66	branch	[length = 1]
 792               	.LSM87:
 793 00d8 9396      		adiw r26,35	 ;  68	*movhi/2	[length = 4]
 794 00da 8D91      		ld r24,X+
 795 00dc 9C91      		ld r25,X
 796 00de 9497      		sbiw r26,35+1
 797 00e0 9096      		adiw r26,31+1	 ;  69	*movhi/3	[length = 4]
 798 00e2 9C93      		st X,r25
 799 00e4 8E93      		st -X,r24
 800 00e6 5F97      		sbiw r26,31
 801               	.LSM88:
 802 00e8 8081      		ld r24,Z	 ;  71	*movqi/4	[length = 1]
 803 00ea 00C0      		rjmp .L52	 ;  147	jump	[length = 1]
 804               	.L51:
 805               	.LSM89:
 806 00ec 5F96      		adiw r26,31	 ;  76	*movhi/2	[length = 4]
 807 00ee ED91      		ld r30,X+
 808 00f0 FC91      		ld r31,X
 809 00f2 9097      		sbiw r26,31+1
 810 00f4 8191      		ld r24,Z+	 ;  77	*movqi/4	[length = 1]
 811 00f6 9096      		adiw r26,31+1	 ;  79	*movhi/3	[length = 4]
 812 00f8 FC93      		st X,r31
 813 00fa EE93      		st -X,r30
 814 00fc 5F97      		sbiw r26,31
 815               	.L52:
 816               	.LBE47:
 817               	.LBE46:
 818               	.LSM90:
 819 00fe 8EBD      		out 78-32,r24	 ;  83	*movqi/3	[length = 1]
 820 0100 00C0      		rjmp .L54	 ;  149	jump	[length = 1]
 821               	.L50:
 822               	.LSM91:
 823 0102 1092 0000 		sts UARTDescs+21,__zero_reg__	 ;  89	*movqi/3	[length = 2]
 824               	.L54:
 825               	/* epilogue start */
 826               	.LSM92:
 827 0106 FF91      		pop r31	 ;  126	popqi	[length = 1]
 828 0108 EF91      		pop r30	 ;  127	popqi	[length = 1]
 829 010a BF91      		pop r27	 ;  128	popqi	[length = 1]
 830 010c AF91      		pop r26	 ;  129	popqi	[length = 1]
 831 010e 9F91      		pop r25	 ;  130	popqi	[length = 1]
 832 0110 8F91      		pop r24	 ;  131	popqi	[length = 1]
 833 0112 3F91      		pop r19	 ;  132	popqi	[length = 1]
 834 0114 2F91      		pop r18	 ;  133	popqi	[length = 1]
 835 0116 0F90      		pop r0	 ;  134	popqi	[length = 1]
 836 0118 0FBE      		out __SREG__,r0	 ;  135	*movqi/3	[length = 1]
 837 011a 0F90      		pop r0	 ;  136	popqi	[length = 1]
 838 011c 1F90      		pop __zero_reg__	 ;  137	popqi	[length = 1]
 839 011e 1895      		reti	 ;  138	return_from_interrupt_epilogue	[length = 1]
 840               	.LFE60:
 842               		.section	.text.ser_hw_getdesc,"ax",@progbits
 843               	.global	ser_hw_getdesc
 845               	ser_hw_getdesc:
 846               	.LFB57:
 847               	.LSM93:
 848               	.LVL32:
 849 0000 CF93      		push r28	 ;  43	*pushqi/1	[length = 1]
 850 0002 DF93      		push r29	 ;  44	*pushqi/1	[length = 1]
 851               	/* prologue: function */
 852               	/* frame size = 0 */
 853 0004 EC01      		movw r28,r24	 ;  2	*movhi/1	[length = 1]
 854               	.LSM94:
 855 0006 8230      		cpi r24,2	 ;  6	cmphi/2	[length = 2]
 856 0008 9105      		cpc r25,__zero_reg__
 857 000a 04F0      		brlt .L58	 ;  7	branch	[length = 1]
 858 000c 80E0      		ldi r24,lo8(__c.2026)	 ;  12	*movhi/4	[length = 2]
 859 000e 90E0      		ldi r25,hi8(__c.2026)
 860               	.LVL33:
 861 0010 60E0      		ldi r22,lo8(__c.2028)	 ;  13	*movhi/4	[length = 2]
 862 0012 70E0      		ldi r23,hi8(__c.2028)
 863 0014 47E9      		ldi r20,lo8(663)	 ;  14	*movhi/4	[length = 2]
 864 0016 52E0      		ldi r21,hi8(663)
 865 0018 0E94 0000 		call __bassert_P	 ;  15	call_value_insn/3	[length = 2]
 866               	.LVL34:
 867               	.L58:
 868 001c 8BE0      		ldi r24,lo8(11)	 ;  18	*movhi/4	[length = 2]
 869 001e 90E0      		ldi r25,hi8(11)
 870 0020 C89F      		mul r28,r24	 ;  19	*mulhi3_enh	[length = 7]
 871 0022 9001      		movw r18,r0
 872 0024 C99F      		mul r28,r25
 873 0026 300D      		add r19,r0
 874 0028 D89F      		mul r29,r24
 875 002a 300D      		add r19,r0
 876 002c 1124      		clr r1
 877 002e 2050      		subi r18,lo8(-(UARTDescs))	 ;  21	*addhi3/4	[length = 2]
 878 0030 3040      		sbci r19,hi8(-(UARTDescs))
 879               	.LSM95:
 880 0032 C901      		movw r24,r18	 ;  51	*movhi/1	[length = 1]
 881               	/* epilogue start */
 882 0034 DF91      		pop r29	 ;  47	popqi	[length = 1]
 883 0036 CF91      		pop r28	 ;  48	popqi	[length = 1]
 884               	.LVL35:
 885 0038 0895      		ret	 ;  49	return_from_epilogue	[length = 1]
 886               	.LFE57:
 888               		.section	.data.UARTDescs,"aw",@progbits
 891               	UARTDescs:
 892 0000 0000      		.word	UART0_VT
 893 0002 0000      		.word	uart0_txbuffer
 894 0004 0000      		.word	uart0_rxbuffer
 895 0006 2000      		.word	32
 896 0008 2000      		.word	32
 897 000a 00        		.byte	0
 898 000b 0000      		.word	SPI_VT
 899 000d 0000      		.word	spi_txbuffer
 900 000f 0000      		.word	spi_rxbuffer
 901 0011 2000      		.word	32
 902 0013 2000      		.word	32
 903 0015 00        		.byte	0
 904               		.section	.progmem.data,"a",@progbits
 907               	__c.2028:
 908 0000 6265 7274 		.string	"bertos/cpu/avr/drv/ser_avr.c"
 908      6F73 2F63 
 908      7075 2F61 
 908      7672 2F64 
 908      7276 2F73 
 911               	__c.2026:
 912 001d 756E 6974 		.string	"unit < SER_CNT"
 912      203C 2053 
 912      4552 5F43 
 912      4E54 00
 913               		.section	.rodata.UART0_VT,"a",@progbits
 916               	UART0_VT:
 917 0000 0000      		.word	gs(uart0_init)
 918 0002 0000      		.word	gs(uart0_cleanup)
 919 0004 0000      		.word	gs(uart0_setbaudrate)
 920 0006 0000      		.word	gs(uart0_setparity)
 921 0008 0000      		.word	gs(uart0_enabletxirq)
 922 000a 0000      		.word	gs(tx_sending)
 923               		.section	.bss.uart0_txbuffer,"aw",@nobits
 926               	uart0_txbuffer:
 927 0000 0000 0000 		.skip 32,0
 927      0000 0000 
 927      0000 0000 
 927      0000 0000 
 927      0000 0000 
 928               		.section	.bss.uart0_rxbuffer,"aw",@nobits
 931               	uart0_rxbuffer:
 932 0000 0000 0000 		.skip 32,0
 932      0000 0000 
 932      0000 0000 
 932      0000 0000 
 932      0000 0000 
 933               		.section	.rodata.SPI_VT,"a",@progbits
 936               	SPI_VT:
 937 0000 0000      		.word	gs(spi_init)
 938 0002 0000      		.word	gs(spi_cleanup)
 939 0004 0000      		.word	gs(spi_setbaudrate)
 940 0006 0000      		.word	gs(spi_setparity)
 941 0008 0000      		.word	gs(spi_starttx)
 942 000a 0000      		.word	gs(tx_sending)
 943               		.section	.bss.spi_txbuffer,"aw",@nobits
 946               	spi_txbuffer:
 947 0000 0000 0000 		.skip 32,0
 947      0000 0000 
 947      0000 0000 
 947      0000 0000 
 947      0000 0000 
 948               		.section	.bss.spi_rxbuffer,"aw",@nobits
 951               	spi_rxbuffer:
 952 0000 0000 0000 		.skip 32,0
 952      0000 0000 
 952      0000 0000 
 952      0000 0000 
 952      0000 0000 
 1089               	.Letext0:
DEFINED SYMBOLS
                            *ABS*:00000000 ser_avr.c
C:\DOCUME~1\develer\IMPOST~1\Temp/ccNSc4dc.s:2      *ABS*:0000003f __SREG__
C:\DOCUME~1\develer\IMPOST~1\Temp/ccNSc4dc.s:3      *ABS*:0000003e __SP_H__
C:\DOCUME~1\develer\IMPOST~1\Temp/ccNSc4dc.s:4      *ABS*:0000003d __SP_L__
C:\DOCUME~1\develer\IMPOST~1\Temp/ccNSc4dc.s:5      *ABS*:00000034 __CCP__
C:\DOCUME~1\develer\IMPOST~1\Temp/ccNSc4dc.s:6      *ABS*:00000000 __tmp_reg__
C:\DOCUME~1\develer\IMPOST~1\Temp/ccNSc4dc.s:7      *ABS*:00000001 __zero_reg__
C:\DOCUME~1\develer\IMPOST~1\Temp/ccNSc4dc.s:18     .text.uart0_init:00000000 uart0_init
C:\DOCUME~1\develer\IMPOST~1\Temp/ccNSc4dc.s:35     .text.uart0_cleanup:00000000 uart0_cleanup
C:\DOCUME~1\develer\IMPOST~1\Temp/ccNSc4dc.s:50     .text.uart0_enabletxirq:00000000 uart0_enabletxirq
C:\DOCUME~1\develer\IMPOST~1\Temp/ccNSc4dc.s:76     .text.uart0_setbaudrate:00000000 uart0_setbaudrate
C:\DOCUME~1\develer\IMPOST~1\Temp/ccNSc4dc.s:111    .text.uart0_setparity:00000000 uart0_setparity
C:\DOCUME~1\develer\IMPOST~1\Temp/ccNSc4dc.s:138    .text.spi_init:00000000 spi_init
C:\DOCUME~1\develer\IMPOST~1\Temp/ccNSc4dc.s:214    .text.spi_cleanup:00000000 spi_cleanup
C:\DOCUME~1\develer\IMPOST~1\Temp/ccNSc4dc.s:248    .text.spi_starttx:00000000 spi_starttx
C:\DOCUME~1\develer\IMPOST~1\Temp/ccNSc4dc.s:350    .text.spi_setbaudrate:00000000 spi_setbaudrate
C:\DOCUME~1\develer\IMPOST~1\Temp/ccNSc4dc.s:363    .text.spi_setparity:00000000 spi_setparity
C:\DOCUME~1\develer\IMPOST~1\Temp/ccNSc4dc.s:376    .text.tx_sending:00000000 tx_sending
C:\DOCUME~1\develer\IMPOST~1\Temp/ccNSc4dc.s:396    .text.__vector_19:00000000 __vector_19
C:\DOCUME~1\develer\IMPOST~1\Temp/ccNSc4dc.s:891    .data.UARTDescs:00000000 UARTDescs
C:\DOCUME~1\develer\IMPOST~1\Temp/ccNSc4dc.s:506    .text.__vector_18:00000000 __vector_18
C:\DOCUME~1\develer\IMPOST~1\Temp/ccNSc4dc.s:654    .text.__vector_17:00000000 __vector_17
C:\DOCUME~1\develer\IMPOST~1\Temp/ccNSc4dc.s:845    .text.ser_hw_getdesc:00000000 ser_hw_getdesc
C:\DOCUME~1\develer\IMPOST~1\Temp/ccNSc4dc.s:911    .progmem.data:0000001d __c.2026
C:\DOCUME~1\develer\IMPOST~1\Temp/ccNSc4dc.s:907    .progmem.data:00000000 __c.2028
C:\DOCUME~1\develer\IMPOST~1\Temp/ccNSc4dc.s:916    .rodata.UART0_VT:00000000 UART0_VT
C:\DOCUME~1\develer\IMPOST~1\Temp/ccNSc4dc.s:926    .bss.uart0_txbuffer:00000000 uart0_txbuffer
C:\DOCUME~1\develer\IMPOST~1\Temp/ccNSc4dc.s:931    .bss.uart0_rxbuffer:00000000 uart0_rxbuffer
C:\DOCUME~1\develer\IMPOST~1\Temp/ccNSc4dc.s:936    .rodata.SPI_VT:00000000 SPI_VT
C:\DOCUME~1\develer\IMPOST~1\Temp/ccNSc4dc.s:946    .bss.spi_txbuffer:00000000 spi_txbuffer
C:\DOCUME~1\develer\IMPOST~1\Temp/ccNSc4dc.s:951    .bss.spi_rxbuffer:00000000 spi_rxbuffer

UNDEFINED SYMBOLS
__udivmodsi4
ser_handles
__bassert_P
__do_copy_data
__do_clear_bss
