   1               		.file	"main.c"
   2               	__SREG__ = 0x3f
   3               	__SP_H__ = 0x3e
   4               	__SP_L__ = 0x3d
   5               	__CCP__ = 0x34
   6               	__tmp_reg__ = 0
   7               	__zero_reg__ = 1
   8               		.global __do_copy_data
   9               		.global __do_clear_bss
  10               		.text
  11               	.Ltext0:
  12               		.cfi_sections	.debug_frame
  13               		.data
  14               	.LC0:
  15 0000 0A0A 5352 		.string	"\n\nSRC[%.6s-%d], DST[%.6s-%d]\r\n"
  15      435B 252E 
  15      3673 2D25 
  15      645D 2C20 
  15      4453 545B 
  16               	.LC1:
  17 001f 7669 613A 		.string	"via: [%.6s-%d]\r\n"
  17      205B 252E 
  17      3673 2D25 
  17      645D 0D0A 
  17      00
  18               	.LC2:
  19 0030 4441 5441 		.string	"DATA: %.*s\r\n"
  19      3A20 252E 
  19      2A73 0D0A 
  19      00
  20               		.section	.text.message_callback,"ax",@progbits
  22               	message_callback:
  23               	.LFB46:
  24               		.file 1 "aprs/main.c"
   1:aprs/main.c   **** /**
   2:aprs/main.c   ****  * \file
   3:aprs/main.c   ****  * <!--
   4:aprs/main.c   ****  * This file is part of BeRTOS.
   5:aprs/main.c   ****  *
   6:aprs/main.c   ****  * Bertos is free software; you can redistribute it and/or modify
   7:aprs/main.c   ****  * it under the terms of the GNU General Public License as published by
   8:aprs/main.c   ****  * the Free Software Foundation; either version 2 of the License, or
   9:aprs/main.c   ****  * (at your option) any later version.
  10:aprs/main.c   ****  *
  11:aprs/main.c   ****  * This program is distributed in the hope that it will be useful,
  12:aprs/main.c   ****  * but WITHOUT ANY WARRANTY; without even the implied warranty of
  13:aprs/main.c   ****  * MERCHANTABILITY or FITNESS FOR A PARTICULAR PURPOSE.  See the
  14:aprs/main.c   ****  * GNU General Public License for more details.
  15:aprs/main.c   ****  *
  16:aprs/main.c   ****  * You should have received a copy of the GNU General Public License
  17:aprs/main.c   ****  * along with this program; if not, write to the Free Software
  18:aprs/main.c   ****  * Foundation, Inc., 51 Franklin St, Fifth Floor, Boston, MA  02110-1301  USA
  19:aprs/main.c   ****  *
  20:aprs/main.c   ****  * As a special exception, you may use this file as part of a free software
  21:aprs/main.c   ****  * library without restriction.  Specifically, if other files instantiate
  22:aprs/main.c   ****  * templates or use macros or inline functions from this file, or you compile
  23:aprs/main.c   ****  * this file and link it with other files to produce an executable, this
  24:aprs/main.c   ****  * file does not by itself cause the resulting executable to be covered by
  25:aprs/main.c   ****  * the GNU General Public License.  This exception does not however
  26:aprs/main.c   ****  * invalidate any other reasons why the executable file might be covered by
  27:aprs/main.c   ****  * the GNU General Public License.
  28:aprs/main.c   ****  *
  29:aprs/main.c   ****  * Copyright 2010 Develer S.r.l. (http://www.develer.com/)
  30:aprs/main.c   ****  *
  31:aprs/main.c   ****  * -->
  32:aprs/main.c   ****  *
  33:aprs/main.c   ****  * \author Francesco Sacchi <batt@develer.com>
  34:aprs/main.c   ****  * \author Luca Ottaviano <lottaviano@develer.com>
  35:aprs/main.c   ****  * \author Daniele Basile <asterix@develer.com>
  36:aprs/main.c   ****  *
  37:aprs/main.c   ****  * \brief Arduino APRS radio demo.
  38:aprs/main.c   ****  *
  39:aprs/main.c   ****  * This example shows how to read and decode APRS radio packets.
  40:aprs/main.c   ****  * It uses the following modules:
  41:aprs/main.c   ****  * afsk
  42:aprs/main.c   ****  * ax25
  43:aprs/main.c   ****  * ser
  44:aprs/main.c   ****  *
  45:aprs/main.c   ****  * You will see how to use a serial port to output messages, init the afsk demodulator and
  46:aprs/main.c   ****  * how to parse input messages using ax25 module.
  47:aprs/main.c   ****  */
  48:aprs/main.c   **** 
  49:aprs/main.c   **** #include <cpu/irq.h>
  50:aprs/main.c   **** #include <cfg/debug.h>
  51:aprs/main.c   **** 
  52:aprs/main.c   **** #include <net/afsk.h>
  53:aprs/main.c   **** #include <net/ax25.h>
  54:aprs/main.c   **** 
  55:aprs/main.c   **** #include <drv/ser.h>
  56:aprs/main.c   **** #include <drv/timer.h>
  57:aprs/main.c   **** 
  58:aprs/main.c   **** #include <stdio.h>
  59:aprs/main.c   **** #include <string.h>
  60:aprs/main.c   **** 
  61:aprs/main.c   **** static Afsk afsk;
  62:aprs/main.c   **** static AX25Ctx ax25;
  63:aprs/main.c   **** static Serial ser;
  64:aprs/main.c   **** 
  65:aprs/main.c   **** #define ADC_CH 0
  66:aprs/main.c   **** 
  67:aprs/main.c   **** int count = 0, pkts_rxed = 0;
  68:aprs/main.c   **** 
  69:aprs/main.c   **** /*
  70:aprs/main.c   ****  * Print on console the message that we have received.
  71:aprs/main.c   ****  */
  72:aprs/main.c   **** static void message_callback(struct AX25Msg *msg)
  73:aprs/main.c   **** {
  25               		.loc 1 73 0
  26               		.cfi_startproc
  27               	.LVL0:
  28 0000 6F92      		push r6	 ;  163	*pushqi/1	[length = 1]
  29               	.LCFI0:
  30               		.cfi_def_cfa_offset 3
  31               		.cfi_offset 6, -2
  32 0002 7F92      		push r7	 ;  164	*pushqi/1	[length = 1]
  33               	.LCFI1:
  34               		.cfi_def_cfa_offset 4
  35               		.cfi_offset 7, -3
  36 0004 8F92      		push r8	 ;  165	*pushqi/1	[length = 1]
  37               	.LCFI2:
  38               		.cfi_def_cfa_offset 5
  39               		.cfi_offset 8, -4
  40 0006 9F92      		push r9	 ;  166	*pushqi/1	[length = 1]
  41               	.LCFI3:
  42               		.cfi_def_cfa_offset 6
  43               		.cfi_offset 9, -5
  44 0008 BF92      		push r11	 ;  167	*pushqi/1	[length = 1]
  45               	.LCFI4:
  46               		.cfi_def_cfa_offset 7
  47               		.cfi_offset 11, -6
  48 000a CF92      		push r12	 ;  168	*pushqi/1	[length = 1]
  49               	.LCFI5:
  50               		.cfi_def_cfa_offset 8
  51               		.cfi_offset 12, -7
  52 000c DF92      		push r13	 ;  169	*pushqi/1	[length = 1]
  53               	.LCFI6:
  54               		.cfi_def_cfa_offset 9
  55               		.cfi_offset 13, -8
  56 000e EF92      		push r14	 ;  170	*pushqi/1	[length = 1]
  57               	.LCFI7:
  58               		.cfi_def_cfa_offset 10
  59               		.cfi_offset 14, -9
  60 0010 FF92      		push r15	 ;  171	*pushqi/1	[length = 1]
  61               	.LCFI8:
  62               		.cfi_def_cfa_offset 11
  63               		.cfi_offset 15, -10
  64 0012 0F93      		push r16	 ;  172	*pushqi/1	[length = 1]
  65               	.LCFI9:
  66               		.cfi_def_cfa_offset 12
  67               		.cfi_offset 16, -11
  68 0014 1F93      		push r17	 ;  173	*pushqi/1	[length = 1]
  69               	.LCFI10:
  70               		.cfi_def_cfa_offset 13
  71               		.cfi_offset 17, -12
  72 0016 CF93      		push r28	 ;  174	*pushqi/1	[length = 1]
  73               	.LCFI11:
  74               		.cfi_def_cfa_offset 14
  75               		.cfi_offset 28, -13
  76 0018 DF93      		push r29	 ;  175	*pushqi/1	[length = 1]
  77               	.LCFI12:
  78               		.cfi_def_cfa_offset 15
  79               		.cfi_offset 29, -14
  80               	/* prologue: function */
  81               	/* frame size = 0 */
  82               	/* stack size = 13 */
  83               	.L__stack_usage = 13
  84 001a 8C01      		movw r16,r24	 ;  26	*movhi/1	[length = 1]
  74:aprs/main.c   **** 	kfile_printf(&ser.fd, "\n\nSRC[%.6s-%d], DST[%.6s-%d]\r\n", msg->src.call, msg->src.ssid, msg->dst
  85               		.loc 1 74 0
  86 001c 8DB7      		in r24,__SP_L__	 ;  134	*movhi_sp/2	[length = 2]
  87 001e 9EB7      		in r25,__SP_H__
  88               	.LVL1:
  89 0020 0C97      		sbiw r24,12	 ;  31	*addhi3/3	[length = 1]
  90 0022 0FB6      		in __tmp_reg__,__SREG__	 ;  135	*movhi_sp/1	[length = 5]
  91 0024 F894      		cli
  92 0026 9EBF      		out __SP_H__,r25
  93 0028 0FBE      		out __SREG__,__tmp_reg__
  94 002a 8DBF      		out __SP_L__,r24
  95 002c EDB7      		in r30,__SP_L__	 ;  136	*movhi_sp/2	[length = 2]
  96 002e FEB7      		in r31,__SP_H__
  97 0030 3196      		adiw r30,1	 ;  103	*addhi3/2	[length = 1]
  98 0032 30E0      		ldi r19,lo8(ser)	 ;  194	*reload_inhi	[length = 4]
  99 0034 C32E      		mov r12,r19
 100 0036 30E0      		ldi r19,hi8(ser)
 101 0038 D32E      		mov r13,r19
 102 003a ADB7      		in r26,__SP_L__	 ;  137	*movhi_sp/2	[length = 2]
 103 003c BEB7      		in r27,__SP_H__
 104 003e 1296      		adiw r26,1+1	 ;  34	*movhi/3	[length = 4]
 105 0040 DC92      		st X,r13
 106 0042 CE92      		st -X,r12
 107 0044 1197      		sbiw r26,1
 108 0046 80E0      		ldi r24,lo8(.LC0)	 ;  35	*movhi/4	[length = 2]
 109 0048 90E0      		ldi r25,hi8(.LC0)
 110 004a 9383      		std Z+3,r25	 ;  36	*movhi/3	[length = 2]
 111 004c 8283      		std Z+2,r24
 112 004e 1583      		std Z+5,r17	 ;  37	*movhi/3	[length = 2]
 113 0050 0483      		std Z+4,r16
 114 0052 D801      		movw r26,r16	 ;  138	*movhi/1	[length = 1]
 115 0054 1696      		adiw r26,6	 ;  38	*movqi/4	[length = 3]
 116 0056 8C91      		ld r24,X
 117 0058 1697      		sbiw r26,6
 118 005a 8683      		std Z+6,r24	 ;  108	*movqi/3	[length = 1]
 119 005c 1782      		std Z+7,__zero_reg__	 ;  109	*movqi/3	[length = 1]
 120 005e C801      		movw r24,r16	 ;  139	*movhi/1	[length = 1]
 121 0060 0796      		adiw r24,7	 ;  41	*addhi3/2	[length = 1]
 122 0062 9187      		std Z+9,r25	 ;  42	*movhi/3	[length = 2]
 123 0064 8087      		std Z+8,r24
 124 0066 1D96      		adiw r26,13	 ;  43	*movqi/4	[length = 2]
 125 0068 8C91      		ld r24,X
 126 006a 8287      		std Z+10,r24	 ;  112	*movqi/3	[length = 1]
 127 006c 1386      		std Z+11,__zero_reg__	 ;  113	*movqi/3	[length = 1]
 128 006e 0E94 0000 		call kfile_printf	 ;  46	call_value_insn/3	[length = 2]
 129               	.LVL2:
 130 0072 7801      		movw r14,r16	 ;  48	*movhi/1	[length = 1]
 131               	.LBB15:
  75:aprs/main.c   **** 
  76:aprs/main.c   **** 	for (int i = 0; i < msg->rpt_cnt; i++)
 132               		.loc 1 76 0
 133 0074 EDB7      		in r30,__SP_L__	 ;  140	*movhi_sp/2	[length = 2]
 134 0076 FEB7      		in r31,__SP_H__
 135 0078 3C96      		adiw r30,12	 ;  49	*addhi3/2	[length = 1]
 136 007a 0FB6      		in __tmp_reg__,__SREG__	 ;  141	*movhi_sp/1	[length = 5]
 137 007c F894      		cli
 138 007e FEBF      		out __SP_H__,r31
 139 0080 0FBE      		out __SREG__,__tmp_reg__
 140 0082 EDBF      		out __SP_L__,r30
 141 0084 C0E0      		ldi r28,lo8(0)	 ;  28	*movhi/4	[length = 2]
 142 0086 D0E0      		ldi r29,hi8(0)
 143 0088 4EE4      		ldi r20,lo8(78)	 ;  195	*reload_inhi	[length = 3]
 144 008a 642E      		mov r6,r20
 145 008c 712C      		mov r7,__zero_reg__
 146 008e 600E      		add r6,r16	 ;  78	*addhi3/1	[length = 2]
 147 0090 711E      		adc r7,r17
 148 0092 BC2C      		mov r11,r12	 ;  128	*movqi/1	[length = 1]
 149 0094 CD2C      		mov r12,r13	 ;  129	*movqi/1	[length = 1]
  77:aprs/main.c   **** 		kfile_printf(&ser.fd, "via: [%.6s-%d]\r\n", msg->rpt_lst[i].call, msg->rpt_lst[i].ssid);
 150               		.loc 1 77 0
 151 0096 50E0      		ldi r21,lo8(.LC1)	 ;  196	*reload_inhi	[length = 4]
 152 0098 852E      		mov r8,r21
 153 009a 50E0      		ldi r21,hi8(.LC1)
 154 009c 952E      		mov r9,r21
  76:aprs/main.c   **** 	for (int i = 0; i < msg->rpt_cnt; i++)
 155               		.loc 1 76 0
 156 009e 00C0      		rjmp .L2	 ;  197	jump	[length = 1]
 157               	.LVL3:
 158               	.L3:
 159               		.loc 1 77 0 discriminator 2
 160 00a0 8DB7      		in r24,__SP_L__	 ;  143	*movhi_sp/2	[length = 2]
 161 00a2 9EB7      		in r25,__SP_H__
 162 00a4 0897      		sbiw r24,8	 ;  53	*addhi3/3	[length = 1]
 163 00a6 0FB6      		in __tmp_reg__,__SREG__	 ;  144	*movhi_sp/1	[length = 5]
 164 00a8 F894      		cli
 165 00aa 9EBF      		out __SP_H__,r25
 166 00ac 0FBE      		out __SREG__,__tmp_reg__
 167 00ae 8DBF      		out __SP_L__,r24
 168 00b0 EDB7      		in r30,__SP_L__	 ;  145	*movhi_sp/2	[length = 2]
 169 00b2 FEB7      		in r31,__SP_H__
 170 00b4 3196      		adiw r30,1	 ;  104	*addhi3/2	[length = 1]
 171 00b6 ADB7      		in r26,__SP_L__	 ;  146	*movhi_sp/2	[length = 2]
 172 00b8 BEB7      		in r27,__SP_H__
 173 00ba 1196      		adiw r26,1	 ;  130	*movqi/3	[length = 3]
 174 00bc BC92      		st X,r11
 175 00be 1197      		sbiw r26,1
 176 00c0 1296      		adiw r26,2	 ;  131	*movqi/3	[length = 2]
 177 00c2 CC92      		st X,r12
 178 00c4 9382      		std Z+3,r9	 ;  58	*movhi/3	[length = 2]
 179 00c6 8282      		std Z+2,r8
 180 00c8 CE01      		movw r24,r28	 ;  147	*movhi/1	[length = 1]
 181 00ca 23E0      		ldi r18,3	 ;  193	*ashlhi3_const/5	[length = 5]
 182 00cc 880F      	1:	lsl r24
 183 00ce 991F      		rol r25
 184 00d0 2A95      		dec r18
 185 00d2 01F4      		brne 1b
 186 00d4 8C1B      		sub r24,r28	 ;  62	subhi3/1	[length = 2]
 187 00d6 9D0B      		sbc r25,r29
 188 00d8 0E96      		adiw r24,14	 ;  63	*addhi3/2	[length = 1]
 189 00da 800F      		add r24,r16	 ;  64	*addhi3/1	[length = 2]
 190 00dc 911F      		adc r25,r17
 191 00de 9583      		std Z+5,r25	 ;  65	*movhi/3	[length = 2]
 192 00e0 8483      		std Z+4,r24
 193 00e2 D701      		movw r26,r14	 ;  148	*movhi/1	[length = 1]
 194 00e4 1D96      		adiw r26,13	 ;  66	*movqi/4	[length = 2]
 195 00e6 8C91      		ld r24,X
 196 00e8 8683      		std Z+6,r24	 ;  116	*movqi/3	[length = 1]
 197 00ea 1782      		std Z+7,__zero_reg__	 ;  117	*movqi/3	[length = 1]
 198 00ec 0E94 0000 		call kfile_printf	 ;  69	call_value_insn/3	[length = 2]
  76:aprs/main.c   **** 	for (int i = 0; i < msg->rpt_cnt; i++)
 199               		.loc 1 76 0 discriminator 2
 200 00f0 2196      		adiw r28,1	 ;  70	*addhi3/2	[length = 1]
 201               	.LVL4:
 202 00f2 EDB7      		in r30,__SP_L__	 ;  149	*movhi_sp/2	[length = 2]
 203 00f4 FEB7      		in r31,__SP_H__
 204 00f6 3896      		adiw r30,8	 ;  72	*addhi3/2	[length = 1]
 205 00f8 0FB6      		in __tmp_reg__,__SREG__	 ;  150	*movhi_sp/1	[length = 5]
 206 00fa F894      		cli
 207 00fc FEBF      		out __SP_H__,r31
 208 00fe 0FBE      		out __SREG__,__tmp_reg__
 209 0100 EDBF      		out __SP_L__,r30
 210               	.LVL5:
 211               	.L2:
  76:aprs/main.c   **** 	for (int i = 0; i < msg->rpt_cnt; i++)
 212               		.loc 1 76 0 is_stmt 0 discriminator 1
 213 0102 87E0      		ldi r24,lo8(7)	 ;  151	*movhi/4	[length = 2]
 214 0104 90E0      		ldi r25,hi8(7)
 215 0106 E80E      		add r14,r24	 ;  76	*addhi3/1	[length = 2]
 216 0108 F91E      		adc r15,r25
 217 010a D301      		movw r26,r6	 ;  152	*movhi/1	[length = 1]
 218 010c 8C91      		ld r24,X	 ;  79	*movqi/4	[length = 1]
 219 010e 90E0      		ldi r25,lo8(0)	 ;  162	*movqi/2	[length = 1]
 220 0110 C817      		cp r28,r24	 ;  81	*cmphi/3	[length = 2]
 221 0112 D907      		cpc r29,r25
 222 0114 04F0      		brlt .L3	 ;  82	branch	[length = 1]
 223               	.LBE15:
  78:aprs/main.c   **** 
  79:aprs/main.c   **** 	kfile_printf(&ser.fd, "DATA: %.*s\r\n", msg->len, msg->info);
 224               		.loc 1 79 0 is_stmt 1
 225 0116 EDB7      		in r30,__SP_L__	 ;  153	*movhi_sp/2	[length = 2]
 226 0118 FEB7      		in r31,__SP_H__
 227 011a 3897      		sbiw r30,8	 ;  84	*addhi3/3	[length = 1]
 228 011c 0FB6      		in __tmp_reg__,__SREG__	 ;  154	*movhi_sp/1	[length = 5]
 229 011e F894      		cli
 230 0120 FEBF      		out __SP_H__,r31
 231 0122 0FBE      		out __SREG__,__tmp_reg__
 232 0124 EDBF      		out __SP_L__,r30
 233 0126 3196      		adiw r30,1	 ;  105	*addhi3/2	[length = 1]
 234 0128 80E0      		ldi r24,lo8(ser)	 ;  132	*movhi/4	[length = 2]
 235 012a 90E0      		ldi r25,hi8(ser)
 236 012c ADB7      		in r26,__SP_L__	 ;  156	*movhi_sp/2	[length = 2]
 237 012e BEB7      		in r27,__SP_H__
 238 0130 1296      		adiw r26,1+1	 ;  87	*movhi/3	[length = 4]
 239 0132 9C93      		st X,r25
 240 0134 8E93      		st -X,r24
 241 0136 1197      		sbiw r26,1
 242 0138 80E0      		ldi r24,lo8(.LC2)	 ;  88	*movhi/4	[length = 2]
 243 013a 90E0      		ldi r25,hi8(.LC2)
 244 013c 9383      		std Z+3,r25	 ;  89	*movhi/3	[length = 2]
 245 013e 8283      		std Z+2,r24
 246 0140 D801      		movw r26,r16	 ;  157	*movhi/1	[length = 1]
 247 0142 AC5A      		subi r26,lo8(-(84))	 ;  90	*addhi3/4	[length = 2]
 248 0144 BF4F      		sbci r27,hi8(-(84))
 249 0146 8D91      		ld r24,X+	 ;  91	*movhi/2	[length = 2]
 250 0148 9C91      		ld r25,X
 251 014a 9583      		std Z+5,r25	 ;  92	*movhi/3	[length = 2]
 252 014c 8483      		std Z+4,r24
 253 014e D801      		movw r26,r16	 ;  158	*movhi/1	[length = 1]
 254 0150 AE5A      		subi r26,lo8(-(82))	 ;  93	*addhi3/4	[length = 2]
 255 0152 BF4F      		sbci r27,hi8(-(82))
 256 0154 8D91      		ld r24,X+	 ;  94	*movhi/2	[length = 2]
 257 0156 9C91      		ld r25,X
 258 0158 9783      		std Z+7,r25	 ;  95	*movhi/3	[length = 2]
 259 015a 8683      		std Z+6,r24
 260 015c 0E94 0000 		call kfile_printf	 ;  96	call_value_insn/3	[length = 2]
  80:aprs/main.c   ****     pkts_rxed++;
 261               		.loc 1 80 0
 262 0160 8091 0000 		lds r24,pkts_rxed	 ;  97	*movhi/2	[length = 4]
 263 0164 9091 0000 		lds r25,pkts_rxed+1
 264 0168 0196      		adiw r24,1	 ;  98	*addhi3/2	[length = 1]
 265 016a 9093 0000 		sts pkts_rxed+1,r25	 ;  99	*movhi/3	[length = 4]
 266 016e 8093 0000 		sts pkts_rxed,r24
 267 0172 EDB7      		in r30,__SP_L__	 ;  159	*movhi_sp/2	[length = 2]
 268 0174 FEB7      		in r31,__SP_H__
 269 0176 3896      		adiw r30,8	 ;  100	*addhi3/2	[length = 1]
 270 0178 0FB6      		in __tmp_reg__,__SREG__	 ;  160	*movhi_sp/1	[length = 5]
 271 017a F894      		cli
 272 017c FEBF      		out __SP_H__,r31
 273 017e 0FBE      		out __SREG__,__tmp_reg__
 274 0180 EDBF      		out __SP_L__,r30
 275               	/* epilogue start */
  81:aprs/main.c   **** }
 276               		.loc 1 81 0
 277 0182 DF91      		pop r29	 ;  178	popqi	[length = 1]
 278 0184 CF91      		pop r28	 ;  179	popqi	[length = 1]
 279               	.LVL6:
 280 0186 1F91      		pop r17	 ;  180	popqi	[length = 1]
 281 0188 0F91      		pop r16	 ;  181	popqi	[length = 1]
 282               	.LVL7:
 283 018a FF90      		pop r15	 ;  182	popqi	[length = 1]
 284 018c EF90      		pop r14	 ;  183	popqi	[length = 1]
 285 018e DF90      		pop r13	 ;  184	popqi	[length = 1]
 286 0190 CF90      		pop r12	 ;  185	popqi	[length = 1]
 287 0192 BF90      		pop r11	 ;  186	popqi	[length = 1]
 288 0194 9F90      		pop r9	 ;  187	popqi	[length = 1]
 289 0196 8F90      		pop r8	 ;  188	popqi	[length = 1]
 290 0198 7F90      		pop r7	 ;  189	popqi	[length = 1]
 291 019a 6F90      		pop r6	 ;  190	popqi	[length = 1]
 292 019c 0895      		ret	 ;  191	return_from_epilogue	[length = 1]
 293               		.cfi_endproc
 294               	.LFE46:
 296               		.data
 297               	.LC3:
 298 003d 424F 4F54 		.string	"BOOTED\r\n"
 298      4544 0D0A 
 298      00
 299               	.LC4:
 300 0046 436F 756E 		.string	"Count: %d, Pkts rx'd: %d\r\n"
 300      743A 2025 
 300      642C 2050 
 300      6B74 7320 
 300      7278 2764 
 301               		.section	.text.startup.main,"ax",@progbits
 302               	.global	main
 304               	main:
 305               	.LFB48:
  82:aprs/main.c   **** 
  83:aprs/main.c   **** static void init(void)
  84:aprs/main.c   **** {
  85:aprs/main.c   **** 	IRQ_ENABLE;
  86:aprs/main.c   **** 	kdbg_init();
  87:aprs/main.c   **** 	timer_init();
  88:aprs/main.c   **** 
  89:aprs/main.c   **** 	/*
  90:aprs/main.c   **** 	 * Init afsk demodulator. We need to implement the macros defined in hw_afsk.h, which
  91:aprs/main.c   **** 	 * is the hardware abstraction layer.
  92:aprs/main.c   **** 	 * We do not need transmission for now, so we set transmission DAC channel to 0.
  93:aprs/main.c   **** 	 */
  94:aprs/main.c   **** 	afsk_init(&afsk, ADC_CH, 0);
  95:aprs/main.c   **** 	/*
  96:aprs/main.c   **** 	 * Here we initialize AX25 context, the channel (KFile) we are going to read messages
  97:aprs/main.c   **** 	 * from and the callback that will be called on incoming messages.
  98:aprs/main.c   **** 	 */
  99:aprs/main.c   **** 	ax25_init(&ax25, &afsk.fd, message_callback);
 100:aprs/main.c   **** 
 101:aprs/main.c   **** 	/* Initialize serial port, we are going to use it to show APRS messages*/
 102:aprs/main.c   **** 	ser_init(&ser, SER_UART0);
 103:aprs/main.c   **** 	ser_setbaudrate(&ser, 9600);
 104:aprs/main.c   ****     kfile_printf(&ser.fd, "BOOTED\r\n");
 105:aprs/main.c   **** }
 106:aprs/main.c   **** 
 107:aprs/main.c   **** static AX25Call path[] = AX25_PATH(AX25_CALL("apzbrt", 0), AX25_CALL("nocall", 0), AX25_CALL("wide1
 108:aprs/main.c   **** 
 109:aprs/main.c   **** #define APRS_MSG    ">Test BeRTOS APRS http://www.bertos.org"
 110:aprs/main.c   **** 
 111:aprs/main.c   **** int main(void)
 112:aprs/main.c   **** {
 306               		.loc 1 112 0
 307               		.cfi_startproc
 308               	/* prologue: function */
 309               	/* frame size = 0 */
 310               	/* stack size = 0 */
 311               	.L__stack_usage = 0
 312               	.LBB16:
 313               	.LBB17:
  85:aprs/main.c   **** 	IRQ_ENABLE;
 314               		.loc 1 85 0
 315               	/* #APP */
 316               	 ;  85 "aprs/main.c" 1
 317 0000 7894      		sei
 318               	 ;  0 "" 2
  86:aprs/main.c   **** 	kdbg_init();
 319               		.loc 1 86 0
 320               	/* #NOAPP */
 321 0002 0E94 0000 		call kdbg_init	 ;  7	call_insn/3	[length = 2]
  87:aprs/main.c   **** 	timer_init();
 322               		.loc 1 87 0
 323 0006 0E94 0000 		call timer_init	 ;  9	call_insn/3	[length = 2]
  94:aprs/main.c   **** 	afsk_init(&afsk, ADC_CH, 0);
 324               		.loc 1 94 0
 325 000a 80E0      		ldi r24,lo8(afsk)	 ;  12	*movhi/4	[length = 2]
 326 000c 90E0      		ldi r25,hi8(afsk)
 327 000e 60E0      		ldi r22,lo8(0)	 ;  13	*movhi/4	[length = 2]
 328 0010 70E0      		ldi r23,hi8(0)
 329 0012 40E0      		ldi r20,lo8(0)	 ;  14	*movhi/4	[length = 2]
 330 0014 50E0      		ldi r21,hi8(0)
 331 0016 0E94 0000 		call afsk_init	 ;  15	call_insn/3	[length = 2]
  99:aprs/main.c   **** 	ax25_init(&ax25, &afsk.fd, message_callback);
 332               		.loc 1 99 0
 333 001a 80E0      		ldi r24,lo8(ax25)	 ;  20	*movhi/4	[length = 2]
 334 001c 90E0      		ldi r25,hi8(ax25)
 335 001e 60E0      		ldi r22,lo8(afsk)	 ;  21	*movhi/4	[length = 2]
 336 0020 70E0      		ldi r23,hi8(afsk)
 337 0022 40E0      		ldi r20,lo8(gs(message_callback))	 ;  22	*movhi/4	[length = 2]
 338 0024 50E0      		ldi r21,hi8(gs(message_callback))
 339 0026 0E94 0000 		call ax25_init	 ;  23	call_insn/3	[length = 2]
 102:aprs/main.c   **** 	ser_init(&ser, SER_UART0);
 340               		.loc 1 102 0
 341 002a C0E0      		ldi r28,lo8(ser)	 ;  25	*movhi/4	[length = 2]
 342 002c D0E0      		ldi r29,hi8(ser)
 343 002e CE01      		movw r24,r28	 ;  26	*movhi/1	[length = 1]
 344 0030 60E0      		ldi r22,lo8(0)	 ;  27	*movhi/4	[length = 2]
 345 0032 70E0      		ldi r23,hi8(0)
 346 0034 0E94 0000 		call ser_init	 ;  28	call_insn/3	[length = 2]
 103:aprs/main.c   **** 	ser_setbaudrate(&ser, 9600);
 347               		.loc 1 103 0
 348 0038 CE01      		movw r24,r28	 ;  31	*movhi/1	[length = 1]
 349 003a 40E8      		ldi r20,lo8(9600)	 ;  32	*movsi/5	[length = 4]
 350 003c 55E2      		ldi r21,hi8(9600)
 351 003e 60E0      		ldi r22,hlo8(9600)
 352 0040 70E0      		ldi r23,hhi8(9600)
 353 0042 0E94 0000 		call ser_setbaudrate	 ;  33	call_insn/3	[length = 2]
 104:aprs/main.c   ****     kfile_printf(&ser.fd, "BOOTED\r\n");
 354               		.loc 1 104 0
 355 0046 00D0      		rcall .	 ;  34	*addhi3_sp_R_pc2	[length = 2]
 356 0048 00D0      		rcall .
 357               	.LCFI13:
 358               		.cfi_def_cfa_offset 6
 359 004a ADB7      		in r26,__SP_L__	 ;  121	*movhi_sp/2	[length = 2]
 360 004c BEB7      		in r27,__SP_H__
 361 004e 1296      		adiw r26,1+1	 ;  37	*movhi/3	[length = 4]
 362 0050 DC93      		st X,r29
 363 0052 CE93      		st -X,r28
 364 0054 1197      		sbiw r26,1
 365 0056 80E0      		ldi r24,lo8(.LC3)	 ;  38	*movhi/4	[length = 2]
 366 0058 90E0      		ldi r25,hi8(.LC3)
 367 005a 1496      		adiw r26,3+1	 ;  39	*movhi/3	[length = 4]
 368 005c 9C93      		st X,r25
 369 005e 8E93      		st -X,r24
 370 0060 1397      		sbiw r26,3
 371               		.cfi_escape 0x2e,0x4
 372 0062 0E94 0000 		call kfile_printf	 ;  40	call_value_insn/3	[length = 2]
 373               	.LBE17:
 374               	.LBE16:
 375               	.LBB18:
 376               	.LBB19:
 377               	.LBB20:
 378               		.file 2 "bertos/drv/timer.h"
   1:bertos/drv/timer.h **** /**
   2:bertos/drv/timer.h ****  * \file
   3:bertos/drv/timer.h ****  * <!--
   4:bertos/drv/timer.h ****  * This file is part of BeRTOS.
   5:bertos/drv/timer.h ****  *
   6:bertos/drv/timer.h ****  * Bertos is free software; you can redistribute it and/or modify
   7:bertos/drv/timer.h ****  * it under the terms of the GNU General Public License as published by
   8:bertos/drv/timer.h ****  * the Free Software Foundation; either version 2 of the License, or
   9:bertos/drv/timer.h ****  * (at your option) any later version.
  10:bertos/drv/timer.h ****  *
  11:bertos/drv/timer.h ****  * This program is distributed in the hope that it will be useful,
  12:bertos/drv/timer.h ****  * but WITHOUT ANY WARRANTY; without even the implied warranty of
  13:bertos/drv/timer.h ****  * MERCHANTABILITY or FITNESS FOR A PARTICULAR PURPOSE.  See the
  14:bertos/drv/timer.h ****  * GNU General Public License for more details.
  15:bertos/drv/timer.h ****  *
  16:bertos/drv/timer.h ****  * You should have received a copy of the GNU General Public License
  17:bertos/drv/timer.h ****  * along with this program; if not, write to the Free Software
  18:bertos/drv/timer.h ****  * Foundation, Inc., 51 Franklin St, Fifth Floor, Boston, MA  02110-1301  USA
  19:bertos/drv/timer.h ****  *
  20:bertos/drv/timer.h ****  * As a special exception, you may use this file as part of a free software
  21:bertos/drv/timer.h ****  * library without restriction.  Specifically, if other files instantiate
  22:bertos/drv/timer.h ****  * templates or use macros or inline functions from this file, or you compile
  23:bertos/drv/timer.h ****  * this file and link it with other files to produce an executable, this
  24:bertos/drv/timer.h ****  * file does not by itself cause the resulting executable to be covered by
  25:bertos/drv/timer.h ****  * the GNU General Public License.  This exception does not however
  26:bertos/drv/timer.h ****  * invalidate any other reasons why the executable file might be covered by
  27:bertos/drv/timer.h ****  * the GNU General Public License.
  28:bertos/drv/timer.h ****  *
  29:bertos/drv/timer.h ****  * Copyright 2003, 2004, 2005 Develer S.r.l. (http://www.develer.com/)
  30:bertos/drv/timer.h ****  * Copyright 2000, 2008 Bernie Innocenti <bernie@codewiz.org>
  31:bertos/drv/timer.h ****  * -->
  32:bertos/drv/timer.h ****  *
  33:bertos/drv/timer.h ****  * \brief Hardware independent timer driver.
  34:bertos/drv/timer.h ****  *
  35:bertos/drv/timer.h ****  * All timer related functions are implemented in this module. You have several options to use time
  36:bertos/drv/timer.h ****  * \li simple delay: just use timer_delay() if you want to wait for a few milliseconds;
  37:bertos/drv/timer.h ****  * \li delay with callback: create a timer structure and use timer_setDelay() and timer_setSoftint(
  38:bertos/drv/timer.h ****  * \li delay with signal: same as above but use timer_setSignal() to set specify which signal to se
  39:bertos/drv/timer.h ****  * \li simple synchronous timer based scheduler: use synctimer_add() to schedule an event in a user
  40:bertos/drv/timer.h ****  *
  41:bertos/drv/timer.h ****  * Whenever a timer expires you need to explicitly arm it again with timer_add(). If you want to ab
  42:bertos/drv/timer.h ****  * You can use conversion macros when using msecs to specify the delay.
  43:bertos/drv/timer.h ****  *
  44:bertos/drv/timer.h ****  * \author Bernie Innocenti <bernie@codewiz.org>
  45:bertos/drv/timer.h ****  *
  46:bertos/drv/timer.h ****  * $WIZ$ module_name = "timer"
  47:bertos/drv/timer.h ****  * $WIZ$ module_configuration = "bertos/cfg/cfg_timer.h"
  48:bertos/drv/timer.h ****  * $WIZ$ module_depends = "event", "sysirq"
  49:bertos/drv/timer.h ****  * $WIZ$ module_supports = "not atmega103 and not atmega8"
  50:bertos/drv/timer.h ****  */
  51:bertos/drv/timer.h **** 
  52:bertos/drv/timer.h **** #ifndef DRV_TIMER_H
  53:bertos/drv/timer.h **** #define DRV_TIMER_H
  54:bertos/drv/timer.h **** 
  55:bertos/drv/timer.h **** #include <cfg/os.h>
  56:bertos/drv/timer.h **** #include <cfg/macros.h>
  57:bertos/drv/timer.h **** 
  58:bertos/drv/timer.h **** #include <cpu/attr.h>
  59:bertos/drv/timer.h **** #include <cpu/irq.h>
  60:bertos/drv/timer.h **** 
  61:bertos/drv/timer.h **** 
  62:bertos/drv/timer.h **** /*
  63:bertos/drv/timer.h ****  * Include platform-specific binding header if we're hosted.
  64:bertos/drv/timer.h ****  * Try the CPU specific one for bare-metal environments.
  65:bertos/drv/timer.h ****  */
  66:bertos/drv/timer.h **** #if OS_HOSTED
  67:bertos/drv/timer.h **** 	//#include OS_HEADER(timer)
  68:bertos/drv/timer.h **** 	#include <emul/timer_posix.h>
  69:bertos/drv/timer.h **** #else
  70:bertos/drv/timer.h **** 	#include CPU_HEADER(timer)
  71:bertos/drv/timer.h **** #endif
  72:bertos/drv/timer.h **** 
  73:bertos/drv/timer.h **** STATIC_ASSERT(sizeof(hptime_t) == SIZEOF_HPTIME_T);
  74:bertos/drv/timer.h **** 
  75:bertos/drv/timer.h **** #include "cfg/cfg_timer.h"
  76:bertos/drv/timer.h **** #include <cfg/debug.h>
  77:bertos/drv/timer.h **** #include <cfg/compiler.h>
  78:bertos/drv/timer.h **** 
  79:bertos/drv/timer.h **** #include <struct/list.h>
  80:bertos/drv/timer.h **** 
  81:bertos/drv/timer.h **** /*
  82:bertos/drv/timer.h ****  * Sanity check for config parameters required by this module.
  83:bertos/drv/timer.h ****  */
  84:bertos/drv/timer.h **** #if !defined(CONFIG_TIMER_EVENTS) || ((CONFIG_TIMER_EVENTS != 0) && CONFIG_TIMER_EVENTS != 1)
  85:bertos/drv/timer.h **** 	#error CONFIG_TIMER_EVENTS must be set to either 0 or 1 in cfg_timer.h
  86:bertos/drv/timer.h **** #endif
  87:bertos/drv/timer.h **** #if !defined(CONFIG_TIMER_UDELAY) || ((CONFIG_TIMER_UDELAY != 0) && CONFIG_TIMER_EVENTS != 1)
  88:bertos/drv/timer.h **** 	#error CONFIG_TIMER_UDELAY must be set to either 0 or 1 in cfg_timer.h
  89:bertos/drv/timer.h **** #endif
  90:bertos/drv/timer.h **** #if defined(CONFIG_TIMER_DISABLE_UDELAY)
  91:bertos/drv/timer.h **** 	#error Obosolete config option CONFIG_TIMER_DISABLE_UDELAY.  Use CONFIG_TIMER_UDELAY
  92:bertos/drv/timer.h **** #endif
  93:bertos/drv/timer.h **** #if defined(CONFIG_TIMER_DISABLE_EVENTS)
  94:bertos/drv/timer.h **** 	#error Obosolete config option CONFIG_TIMER_DISABLE_EVENTS.  Use CONFIG_TIMER_EVENTS
  95:bertos/drv/timer.h **** #endif
  96:bertos/drv/timer.h **** 
  97:bertos/drv/timer.h **** extern volatile ticks_t _clock;
  98:bertos/drv/timer.h **** 
  99:bertos/drv/timer.h **** /**
 100:bertos/drv/timer.h ****  * \brief Return the system tick counter (expressed in ticks)
 101:bertos/drv/timer.h ****  *
 102:bertos/drv/timer.h ****  * The result is guaranteed to increment monotonically,
 103:bertos/drv/timer.h ****  * but client code must be tolerant with respect to overflows.
 104:bertos/drv/timer.h ****  *
 105:bertos/drv/timer.h ****  * The following code is safe:
 106:bertos/drv/timer.h ****  *
 107:bertos/drv/timer.h ****  * \code
 108:bertos/drv/timer.h ****  *   drop_teabag();
 109:bertos/drv/timer.h ****  *   ticks_t tea_start_time = timer_clock();
 110:bertos/drv/timer.h ****  *
 111:bertos/drv/timer.h ****  *   for (;;)
 112:bertos/drv/timer.h ****  *   {
 113:bertos/drv/timer.h ****  *       if (timer_clock() - tea_start_time > TEAPOT_DELAY)
 114:bertos/drv/timer.h ****  *       {
 115:bertos/drv/timer.h ****  *           printf("Your tea, Sir.\n");
 116:bertos/drv/timer.h ****  *           break;
 117:bertos/drv/timer.h ****  *       }
 118:bertos/drv/timer.h ****  *       patience();
 119:bertos/drv/timer.h ****  *   }
 120:bertos/drv/timer.h ****  * \endcode
 121:bertos/drv/timer.h ****  *
 122:bertos/drv/timer.h ****  * \note This function must disable interrupts on 8/16bit CPUs because the
 123:bertos/drv/timer.h ****  * clock variable is larger than the processor word size and can't
 124:bertos/drv/timer.h ****  * be copied atomically.
 125:bertos/drv/timer.h ****  * \sa timer_delay()
 126:bertos/drv/timer.h ****  */
 127:bertos/drv/timer.h **** INLINE ticks_t timer_clock(void)
 128:bertos/drv/timer.h **** {
 129:bertos/drv/timer.h **** 	ticks_t result;
 130:bertos/drv/timer.h **** 
 131:bertos/drv/timer.h **** 	ATOMIC(result = _clock);
 379               		.loc 2 131 0
 380               	/* #APP */
 381               	 ;  131 "bertos/drv/timer.h" 1
 382 0066 8FB7      		in r24,__SREG__
 383 0068 F894      		cli
 384               	 ;  0 "" 2
 385               	.LVL8:
 386               	/* #NOAPP */
 387 006a C090 0000 		lds r12,_clock	 ;  44	*movsi/3	[length = 8]
 388 006e D090 0000 		lds r13,_clock+1
 389 0072 E090 0000 		lds r14,_clock+2
 390 0076 F090 0000 		lds r15,_clock+3
 391               	.LVL9:
 392               	/* #APP */
 393               	 ;  131 "bertos/drv/timer.h" 1
 394 007a 8FBF      		out __SREG__,r24
 395               	 ;  0 "" 2
 396               	/* #NOAPP */
 397 007c 0F90      		pop __tmp_reg__	 ;  48	*addhi3_sp_R_pc2	[length = 4]
 398 007e 0F90      		pop __tmp_reg__
 399 0080 0F90      		pop __tmp_reg__
 400 0082 0F90      		pop __tmp_reg__
 401               	.LCFI14:
 402               		.cfi_def_cfa_offset 2
 403               	.LBE20:
 404               	.LBE19:
 405               	.LBE18:
 113:aprs/main.c   **** 	init();
 114:aprs/main.c   **** 	ticks_t start = timer_clock();
 115:aprs/main.c   **** 
 116:aprs/main.c   **** 	while (1)
 117:aprs/main.c   **** 	{
 118:aprs/main.c   **** 		/*
 119:aprs/main.c   **** 		 * This function will look for new messages from the AFSK channel.
 120:aprs/main.c   **** 		 * It will call the message_callback() function when a new message is received.
 121:aprs/main.c   **** 		 * If there's nothing to do, this function will call cpu_relax()
 122:aprs/main.c   **** 		 */
 123:aprs/main.c   **** 		ax25_poll(&ax25);
 124:aprs/main.c   **** 
 125:aprs/main.c   **** 
 126:aprs/main.c   **** 		/* Send out message every 15sec */
 127:aprs/main.c   **** 		if (timer_clock() - start > ms_to_ticks(15000L))
 128:aprs/main.c   **** 		{
 129:aprs/main.c   **** 			start = timer_clock();
 130:aprs/main.c   **** 			kfile_printf(&ser.fd, "Count: %d, Pkts rx'd: %d\r\n", count, pkts_rxed);
 406               		.loc 1 130 0
 407 0084 00E0      		ldi r16,lo8(.LC4)	 ;  79	*movhi/4	[length = 2]
 408 0086 10E0      		ldi r17,hi8(.LC4)
 409               	.L9:
 410               	.LVL10:
 123:aprs/main.c   **** 		ax25_poll(&ax25);
 411               		.loc 1 123 0
 412 0088 80E0      		ldi r24,lo8(ax25)	 ;  112	*movhi/4	[length = 2]
 413 008a 90E0      		ldi r25,hi8(ax25)
 414               		.cfi_escape 0x2e,0
 415 008c 0E94 0000 		call ax25_poll	 ;  55	call_insn/3	[length = 2]
 416               	.LBB21:
 417               	.LBB22:
 418               	.LBB23:
 419               		.loc 2 131 0
 420               	/* #APP */
 421               	 ;  131 "bertos/drv/timer.h" 1
 422 0090 2FB7      		in r18,__SREG__
 423 0092 F894      		cli
 424               	 ;  0 "" 2
 425               	.LVL11:
 426               	/* #NOAPP */
 427 0094 8091 0000 		lds r24,_clock	 ;  59	*movsi/3	[length = 8]
 428 0098 9091 0000 		lds r25,_clock+1
 429 009c A091 0000 		lds r26,_clock+2
 430 00a0 B091 0000 		lds r27,_clock+3
 431               	.LVL12:
 432               	/* #APP */
 433               	 ;  131 "bertos/drv/timer.h" 1
 434 00a4 2FBF      		out __SREG__,r18
 435               	 ;  0 "" 2
 436               	.LVL13:
 437               	/* #NOAPP */
 438               	.LBE23:
 439               	.LBE22:
 440               	.LBE21:
 127:aprs/main.c   **** 		if (timer_clock() - start > ms_to_ticks(15000L))
 441               		.loc 1 127 0
 442 00a6 8C19      		sub r24,r12	 ;  64	subsi3/1	[length = 4]
 443 00a8 9D09      		sbc r25,r13
 444 00aa AE09      		sbc r26,r14
 445 00ac BF09      		sbc r27,r15
 446 00ae 8939      		cpi r24,lo8(15001)	 ;  65	*cmpsi/4	[length = 7]
 447 00b0 EAE3      		ldi r30,hi8(15001)
 448 00b2 9E07      		cpc r25,r30
 449 00b4 E0E0      		ldi r30,hlo8(15001)
 450 00b6 AE07      		cpc r26,r30
 451 00b8 E0E0      		ldi r30,hhi8(15001)
 452 00ba BE07      		cpc r27,r30
 453 00bc 04F0      		brlt .L9	 ;  66	branch	[length = 1]
 454               	.LBB24:
 455               	.LBB25:
 456               	.LBB26:
 457               		.loc 2 131 0
 458               	/* #APP */
 459               	 ;  131 "bertos/drv/timer.h" 1
 460 00be 8FB7      		in r24,__SREG__
 461 00c0 F894      		cli
 462               	 ;  0 "" 2
 463               	.LVL14:
 464               	/* #NOAPP */
 465 00c2 C090 0000 		lds r12,_clock	 ;  71	*movsi/3	[length = 8]
 466 00c6 D090 0000 		lds r13,_clock+1
 467 00ca E090 0000 		lds r14,_clock+2
 468 00ce F090 0000 		lds r15,_clock+3
 469               	.LVL15:
 470               	/* #APP */
 471               	 ;  131 "bertos/drv/timer.h" 1
 472 00d2 8FBF      		out __SREG__,r24
 473               	 ;  0 "" 2
 474               	/* #NOAPP */
 475               	.LBE26:
 476               	.LBE25:
 477               	.LBE24:
 478               		.loc 1 130 0
 479 00d4 8DB7      		in r24,__SP_L__	 ;  122	*movhi_sp/2	[length = 2]
 480 00d6 9EB7      		in r25,__SP_H__
 481 00d8 0897      		sbiw r24,8	 ;  75	*addhi3/3	[length = 1]
 482 00da 0FB6      		in __tmp_reg__,__SREG__	 ;  123	*movhi_sp/1	[length = 5]
 483 00dc F894      		cli
 484 00de 9EBF      		out __SP_H__,r25
 485 00e0 0FBE      		out __SREG__,__tmp_reg__
 486 00e2 8DBF      		out __SP_L__,r24
 487 00e4 EDB7      		in r30,__SP_L__	 ;  124	*movhi_sp/2	[length = 2]
 488 00e6 FEB7      		in r31,__SP_H__
 489 00e8 3196      		adiw r30,1	 ;  108	*addhi3/2	[length = 1]
 490 00ea ADB7      		in r26,__SP_L__	 ;  125	*movhi_sp/2	[length = 2]
 491 00ec BEB7      		in r27,__SP_H__
 492 00ee 1296      		adiw r26,1+1	 ;  78	*movhi/3	[length = 4]
 493 00f0 DC93      		st X,r29
 494 00f2 CE93      		st -X,r28
 495 00f4 1197      		sbiw r26,1
 496 00f6 1383      		std Z+3,r17	 ;  80	*movhi/3	[length = 2]
 497 00f8 0283      		std Z+2,r16
 498 00fa 8091 0000 		lds r24,count	 ;  81	*movhi/2	[length = 4]
 499 00fe 9091 0000 		lds r25,count+1
 500 0102 9583      		std Z+5,r25	 ;  82	*movhi/3	[length = 2]
 501 0104 8483      		std Z+4,r24
 502 0106 8091 0000 		lds r24,pkts_rxed	 ;  83	*movhi/2	[length = 4]
 503 010a 9091 0000 		lds r25,pkts_rxed+1
 504 010e 9783      		std Z+7,r25	 ;  84	*movhi/3	[length = 2]
 505 0110 8683      		std Z+6,r24
 506 0112 0E94 0000 		call kfile_printf	 ;  85	call_value_insn/3	[length = 2]
 131:aprs/main.c   ****             count++;
 507               		.loc 1 131 0
 508 0116 8091 0000 		lds r24,count	 ;  86	*movhi/2	[length = 4]
 509 011a 9091 0000 		lds r25,count+1
 510 011e 0196      		adiw r24,1	 ;  87	*addhi3/2	[length = 1]
 511 0120 9093 0000 		sts count+1,r25	 ;  88	*movhi/3	[length = 4]
 512 0124 8093 0000 		sts count,r24
 513 0128 EDB7      		in r30,__SP_L__	 ;  126	*movhi_sp/2	[length = 2]
 514 012a FEB7      		in r31,__SP_H__
 515 012c 3896      		adiw r30,8	 ;  90	*addhi3/2	[length = 1]
 516 012e 0FB6      		in __tmp_reg__,__SREG__	 ;  127	*movhi_sp/1	[length = 5]
 517 0130 F894      		cli
 518 0132 FEBF      		out __SP_H__,r31
 519 0134 0FBE      		out __SREG__,__tmp_reg__
 520 0136 EDBF      		out __SP_L__,r30
 521 0138 00C0      		rjmp .L9	 ;  129	jump	[length = 1]
 522               		.cfi_endproc
 523               	.LFE48:
 525               	.global	pkts_rxed
 526               		.section	.bss.pkts_rxed,"aw",@nobits
 529               	pkts_rxed:
 530 0000 0000      		.skip 2,0
 531               	.global	count
 532               		.section	.bss.count,"aw",@nobits
 535               	count:
 536 0000 0000      		.skip 2,0
 537               		.section	.bss.afsk,"aw",@nobits
 540               	afsk:
 541 0000 0000 0000 		.skip 220,0
 541      0000 0000 
 541      0000 0000 
 541      0000 0000 
 541      0000 0000 
 542               		.section	.bss.ax25,"aw",@nobits
 545               	ax25:
 546 0000 0000 0000 		.skip 342,0
 546      0000 0000 
 546      0000 0000 
 546      0000 0000 
 546      0000 0000 
 547               		.section	.bss.ser,"aw",@nobits
 550               	ser:
 551 0000 0000 0000 		.skip 50,0
 551      0000 0000 
 551      0000 0000 
 551      0000 0000 
 551      0000 0000 
 552               		.text
 553               	.Letext0:
 554               		.file 3 "/usr/local/CrossPack-AVR-20121207/lib/gcc/avr/4.6.2/include/stddef.h"
 555               		.file 4 "/usr/local/CrossPack-AVR-20121207/lib/gcc/avr/4.6.2/../../../../avr/include/stdint.h"
 556               		.file 5 "bertos/cfg/compiler.h"
 557               		.file 6 "bertos/cpu/types.h"
 558               		.file 7 "bertos/struct/list.h"
 559               		.file 8 "bertos/kern/proc.h"
 560               		.file 9 "bertos/cfg/macros.h"
 561               		.file 10 "bertos/kern/kfile.h"
 562               		.file 11 "bertos/struct/fifobuf.h"
 563               		.file 12 "bertos/net/afsk.h"
 564               		.file 13 "bertos/net/ax25.h"
 565               		.file 14 "bertos/cpu/avr/drv/ser_avr.h"
 566               		.file 15 "bertos/drv/ser.h"
DEFINED SYMBOLS
                            *ABS*:00000000 main.c
/var/folders/yq/1c5lpctj6dd1dv230ntn69lm0000gn/T//ccY4SCUq.s:2      *ABS*:0000003f __SREG__
/var/folders/yq/1c5lpctj6dd1dv230ntn69lm0000gn/T//ccY4SCUq.s:3      *ABS*:0000003e __SP_H__
/var/folders/yq/1c5lpctj6dd1dv230ntn69lm0000gn/T//ccY4SCUq.s:4      *ABS*:0000003d __SP_L__
/var/folders/yq/1c5lpctj6dd1dv230ntn69lm0000gn/T//ccY4SCUq.s:5      *ABS*:00000034 __CCP__
/var/folders/yq/1c5lpctj6dd1dv230ntn69lm0000gn/T//ccY4SCUq.s:6      *ABS*:00000000 __tmp_reg__
/var/folders/yq/1c5lpctj6dd1dv230ntn69lm0000gn/T//ccY4SCUq.s:7      *ABS*:00000001 __zero_reg__
/var/folders/yq/1c5lpctj6dd1dv230ntn69lm0000gn/T//ccY4SCUq.s:22     .text.message_callback:00000000 message_callback
/var/folders/yq/1c5lpctj6dd1dv230ntn69lm0000gn/T//ccY4SCUq.s:550    .bss.ser:00000000 ser
/var/folders/yq/1c5lpctj6dd1dv230ntn69lm0000gn/T//ccY4SCUq.s:529    .bss.pkts_rxed:00000000 pkts_rxed
/var/folders/yq/1c5lpctj6dd1dv230ntn69lm0000gn/T//ccY4SCUq.s:304    .text.startup.main:00000000 main
/var/folders/yq/1c5lpctj6dd1dv230ntn69lm0000gn/T//ccY4SCUq.s:540    .bss.afsk:00000000 afsk
/var/folders/yq/1c5lpctj6dd1dv230ntn69lm0000gn/T//ccY4SCUq.s:545    .bss.ax25:00000000 ax25
/var/folders/yq/1c5lpctj6dd1dv230ntn69lm0000gn/T//ccY4SCUq.s:535    .bss.count:00000000 count

UNDEFINED SYMBOLS
__do_copy_data
__do_clear_bss
kfile_printf
kdbg_init
timer_init
afsk_init
ax25_init
ser_init
ser_setbaudrate
_clock
ax25_poll
