   1               		.file	"ax25.c"
   2               	__SREG__ = 0x3f
   3               	__SP_H__ = 0x3e
   4               	__SP_L__ = 0x3d
   5               	__CCP__  = 0x34
   6               	__tmp_reg__ = 0
   7               	__zero_reg__ = 1
  15               	.Ltext0:
  16               		.section	.text.ax25_init,"ax",@progbits
  17               	.global	ax25_init
  19               	ax25_init:
  20               	.LFB19:
  21               	.LSM0:
  22               	.LVL0:
  23 0000 EF92      		push r14	 ;  59	*pushqi/1	[length = 1]
  24 0002 FF92      		push r15	 ;  60	*pushqi/1	[length = 1]
  25 0004 0F93      		push r16	 ;  61	*pushqi/1	[length = 1]
  26 0006 1F93      		push r17	 ;  62	*pushqi/1	[length = 1]
  27 0008 CF93      		push r28	 ;  63	*pushqi/1	[length = 1]
  28 000a DF93      		push r29	 ;  64	*pushqi/1	[length = 1]
  29               	/* prologue: function */
  30               	/* frame size = 0 */
  31 000c EC01      		movw r28,r24	 ;  2	*movhi/1	[length = 1]
  32 000e 8B01      		movw r16,r22	 ;  3	*movhi/1	[length = 1]
  33 0010 7A01      		movw r14,r20	 ;  4	*movhi/1	[length = 1]
  34               	.LSM1:
  35 0012 0097      		sbiw r24,0	 ;  8	tsthi/1	[length = 1]
  36 0014 01F4      		brne .L2	 ;  9	branch	[length = 1]
  37               	.LVL1:
  38 0016 80E0      		ldi r24,lo8(__c.1932)	 ;  14	*movhi/4	[length = 2]
  39 0018 90E0      		ldi r25,hi8(__c.1932)
  40               	.LVL2:
  41 001a 60E0      		ldi r22,lo8(__c.1934)	 ;  15	*movhi/4	[length = 2]
  42 001c 70E0      		ldi r23,hi8(__c.1934)
  43 001e 4DE2      		ldi r20,lo8(301)	 ;  16	*movhi/4	[length = 2]
  44 0020 51E0      		ldi r21,hi8(301)
  45 0022 0E94 0000 		call __bassert_P	 ;  17	call_value_insn/3	[length = 2]
  46               	.LVL3:
  47               	.L2:
  48               	.LSM2:
  49 0026 0115      		cp r16,__zero_reg__	 ;  20	tsthi/2	[length = 2]
  50 0028 1105      		cpc r17,__zero_reg__
  51 002a 01F4      		brne .L3	 ;  21	branch	[length = 1]
  52 002c 80E0      		ldi r24,lo8(__c.1936)	 ;  26	*movhi/4	[length = 2]
  53 002e 90E0      		ldi r25,hi8(__c.1936)
  54 0030 60E0      		ldi r22,lo8(__c.1938)	 ;  27	*movhi/4	[length = 2]
  55 0032 70E0      		ldi r23,hi8(__c.1938)
  56 0034 4EE2      		ldi r20,lo8(302)	 ;  28	*movhi/4	[length = 2]
  57 0036 51E0      		ldi r21,hi8(302)
  58 0038 0E94 0000 		call __bassert_P	 ;  29	call_value_insn/3	[length = 2]
  59               	.LVL4:
  60               	.L3:
  61               	.LSM3:
  62 003c 86E5      		ldi r24,lo8(342)	 ;  32	*movhi/4	[length = 2]
  63 003e 91E0      		ldi r25,hi8(342)
  64 0040 FE01      		movw r30,r28	 ;  57	*movhi/1	[length = 1]
  65 0042 9C01      		movw r18,r24	 ;  58	*movhi/1	[length = 1]
  66 0044 1192      		st Z+,__zero_reg__	 ;  34	*clrmemhi/2	[length = 4]
  67 0046 2150      		subi r18,1
  68 0048 3040      		sbci r19,0
  69 004a 01F4      		brne .-8
  70               	.LSM4:
  71 004c C65B      		subi r28,lo8(-(330))	 ;  35	*addhi3/4	[length = 2]
  72 004e DE4F      		sbci r29,hi8(-(330))
  73 0050 1983      		std Y+1,r17	 ;  36	*movhi/3	[length = 2]
  74 0052 0883      		st Y,r16
  75               	.LSM5:
  76 0054 2896      		adiw r28,8	 ;  37	*addhi3/2	[length = 1]
  77 0056 F982      		std Y+1,r15	 ;  38	*movhi/3	[length = 2]
  78 0058 E882      		st Y,r14
  79               	.LSM6:
  80 005a 8FEF      		ldi r24,lo8(-1)	 ;  40	*movhi/4	[length = 2]
  81 005c 9FEF      		ldi r25,hi8(-1)
  82 005e 9A93      		st -Y,r25	 ;  41	*movhi/3	[length = 2]
  83 0060 8A93      		st -Y,r24
  84 0062 FE01      		movw r30,r28	 ;  42	*movhi/1	[length = 1]
  85 0064 9293      		st -Z,r25	 ;  44	*movhi/3	[length = 2]
  86 0066 8293      		st -Z,r24
  87               	/* epilogue start */
  88               	.LSM7:
  89 0068 DF91      		pop r29	 ;  67	popqi	[length = 1]
  90 006a CF91      		pop r28	 ;  68	popqi	[length = 1]
  91               	.LVL5:
  92 006c 1F91      		pop r17	 ;  69	popqi	[length = 1]
  93 006e 0F91      		pop r16	 ;  70	popqi	[length = 1]
  94               	.LVL6:
  95 0070 FF90      		pop r15	 ;  71	popqi	[length = 1]
  96 0072 EF90      		pop r14	 ;  72	popqi	[length = 1]
  97               	.LVL7:
  98 0074 0895      		ret	 ;  73	return_from_epilogue	[length = 1]
  99               	.LFE19:
 101               		.section	.text.ax25_putchar,"ax",@progbits
 103               	ax25_putchar:
 104               	.LFB14:
 105               	.LSM8:
 106               	.LVL8:
 107 0000 1F93      		push r17	 ;  63	*pushqi/1	[length = 1]
 108 0002 CF93      		push r28	 ;  64	*pushqi/1	[length = 1]
 109 0004 DF93      		push r29	 ;  65	*pushqi/1	[length = 1]
 110               	/* prologue: function */
 111               	/* frame size = 0 */
 112 0006 EC01      		movw r28,r24	 ;  2	*movhi/1	[length = 1]
 113 0008 162F      		mov r17,r22	 ;  3	*movqi/1	[length = 1]
 114               	.LSM9:
 115 000a 862F      		mov r24,r22	 ;  58	*movqi/1	[length = 1]
 116               	.LVL9:
 117 000c 8E57      		subi r24,lo8(-(-126))	 ;  7	addqi3/2	[length = 1]
 118 000e 8230      		cpi r24,lo8(2)	 ;  8	cmpqi/2	[length = 1]
 119 0010 00F0      		brlo .L6	 ;  9	branch	[length = 1]
 120 0012 6B31      		cpi r22,lo8(27)	 ;  11	cmpqi/2	[length = 1]
 121 0014 01F4      		brne .L7	 ;  12	branch	[length = 1]
 122               	.L6:
 123               	.LSM10:
 124 0016 C65B      		subi r28,lo8(-(330))	 ;  16	*addhi3/4	[length = 2]
 125 0018 DE4F      		sbci r29,hi8(-(330))
 126 001a 6881      		ld r22,Y	 ;  17	*movhi/2	[length = 2]
 127 001c 7981      		ldd r23,Y+1
 128               	.LVL10:
 129 001e CA54      		subi r28,lo8(-(-330))	 ;  56	*addhi3/4	[length = 2]
 130 0020 D140      		sbci r29,hi8(-(-330))
 131 0022 8BE1      		ldi r24,lo8(27)	 ;  18	*movhi/4	[length = 2]
 132 0024 90E0      		ldi r25,hi8(27)
 133 0026 0E94 0000 		call kfile_putc	 ;  20	call_value_insn/3	[length = 2]
 134               	.LVL11:
 135               	.L7:
 136               	.LSM11:
 137 002a DE01      		movw r26,r28	 ;  59	*movhi/1	[length = 1]
 138 002c A05B      		subi r26,lo8(-(336))	 ;  23	*addhi3/4	[length = 2]
 139 002e BE4F      		sbci r27,hi8(-(336))
 140 0030 2D91      		ld r18,X+	 ;  24	*movhi/2	[length = 3]
 141 0032 3C91      		ld r19,X
 142 0034 1197      		sbiw r26,1
 143               	.LBB71:
 144               	.LBB72:
 145               	.LBB73:
 146               	.LSM12:
 147 0036 412F      		mov r20,r17	 ;  61	*movqi/1	[length = 1]
 148               	.LVL12:
 149 0038 50E0      		ldi r21,lo8(0)	 ;  62	*movqi/2	[length = 1]
 150               	.LVL13:
 151 003a 4227      		eor r20,r18	 ;  26	xorhi3	[length = 2]
 152 003c 5327      		eor r21,r19
 153               	.LVL14:
 154 003e 5070      		andi r21,hi8(255)	 ;  27	andhi3/2	[length = 2]
 155 0040 440F      		lsl r20	 ;  74	*ashlhi3_const/2	[length = 2]
 156 0042 551F      		rol r21
 157 0044 4050      		subi r20,lo8(-(crc_ccitt_tab))	 ;  30	*addhi3/4	[length = 2]
 158 0046 5040      		sbci r21,hi8(-(crc_ccitt_tab))
 159 0048 FA01      		movw r30,r20	 ;  60	*movhi/1	[length = 1]
 160               	/* #APP */
 161               	 ;  60 "bertos/algo/crc_ccitt.h" 1
 162 004a 8591      		lpm r24, Z+
 163 004c 9491      		lpm r25, Z
 164               		
 165               	 ;  0 "" 2
 166               	.LVL15:
 167               	/* #NOAPP */
 168               	.LBE73:
 169               	.LBE72:
 170               	.LBE71:
 171               	.LSM13:
 172 004e 232F      		mov r18,r19	 ;  73	*lshrhi3_const/3	[length = 2]
 173 0050 3327      		clr r19
 174               	.LVL16:
 175 0052 8227      		eor r24,r18	 ;  34	xorhi3	[length = 2]
 176 0054 9327      		eor r25,r19
 177 0056 8D93      		st X+,r24	 ;  35	*movhi/3	[length = 2]
 178 0058 9C93      		st X,r25
 179               	.LSM14:
 180 005a C65B      		subi r28,lo8(-(330))	 ;  38	*addhi3/4	[length = 2]
 181 005c DE4F      		sbci r29,hi8(-(330))
 182 005e 6881      		ld r22,Y	 ;  39	*movhi/2	[length = 2]
 183 0060 7981      		ldd r23,Y+1
 184 0062 812F      		mov r24,r17	 ;  54	*movqi/1	[length = 1]
 185               	.LVL17:
 186 0064 90E0      		ldi r25,lo8(0)	 ;  55	*movqi/2	[length = 1]
 187 0066 0E94 0000 		call kfile_putc	 ;  42	call_value_insn/3	[length = 2]
 188               	.LVL18:
 189               	/* epilogue start */
 190               	.LSM15:
 191 006a DF91      		pop r29	 ;  68	popqi	[length = 1]
 192 006c CF91      		pop r28	 ;  69	popqi	[length = 1]
 193               	.LVL19:
 194 006e 1F91      		pop r17	 ;  70	popqi	[length = 1]
 195               	.LVL20:
 196 0070 0895      		ret	 ;  71	return_from_epilogue	[length = 1]
 197               	.LFE14:
 199               		.data
 200               	.LC0:
 201 0000 252E 3673 		.string	"%.6s"
 201      00
 202               	.LC1:
 203 0005 2D25 6400 		.string	"-%d"
 204               		.section	.text.print_call,"ax",@progbits
 206               	print_call:
 207               	.LFB17:
 208               	.LSM16:
 209 0000 0F93      		push r16	 ;  53	*pushqi/1	[length = 1]
 210 0002 1F93      		push r17	 ;  54	*pushqi/1	[length = 1]
 211 0004 CF93      		push r28	 ;  55	*pushqi/1	[length = 1]
 212 0006 DF93      		push r29	 ;  56	*pushqi/1	[length = 1]
 213               	/* prologue: function */
 214               	/* frame size = 0 */
 215 0008 EC01      		movw r28,r24	 ;  2	*movhi/1	[length = 1]
 216 000a 8B01      		movw r16,r22	 ;  3	*movhi/1	[length = 1]
 217               	.LSM17:
 218 000c 00D0      		rcall .	 ;  7	*addhi3_sp_R_pc2	[length = 3]
 219 000e 00D0      		rcall .
 220 0010 00D0      		rcall .
 221 0012 EDB7      		in r30,__SP_L__	 ;  44	*movhi_sp/2	[length = 2]
 222 0014 FEB7      		in r31,__SP_H__
 223 0016 3196      		adiw r30,1	 ;  37	*addhi3/2	[length = 1]
 224 0018 ADB7      		in r26,__SP_L__	 ;  45	*movhi_sp/2	[length = 2]
 225 001a BEB7      		in r27,__SP_H__
 226 001c 1296      		adiw r26,1+1	 ;  9	*movhi/3	[length = 4]
 227 001e 9C93      		st X,r25
 228 0020 8E93      		st -X,r24
 229 0022 1197      		sbiw r26,1
 230 0024 80E0      		ldi r24,lo8(.LC0)	 ;  10	*movhi/4	[length = 2]
 231 0026 90E0      		ldi r25,hi8(.LC0)
 232 0028 9383      		std Z+3,r25	 ;  11	*movhi/3	[length = 2]
 233 002a 8283      		std Z+2,r24
 234 002c 7583      		std Z+5,r23	 ;  12	*movhi/3	[length = 2]
 235 002e 6483      		std Z+4,r22
 236 0030 0E94 0000 		call kfile_printf	 ;  13	call_value_insn/3	[length = 2]
 237               	.LSM18:
 238 0034 F801      		movw r30,r16	 ;  46	*movhi/1	[length = 1]
 239 0036 2681      		ldd r18,Z+6	 ;  14	*movqi/4	[length = 1]
 240 0038 8DB7      		in r24,__SP_L__	 ;  47	*movhi_sp/2	[length = 2]
 241 003a 9EB7      		in r25,__SP_H__
 242 003c 0696      		adiw r24,6	 ;  15	*addhi3/2	[length = 1]
 243 003e 0FB6      		in __tmp_reg__,__SREG__	 ;  48	*movhi_sp/1	[length = 5]
 244 0040 F894      		cli
 245 0042 9EBF      		out __SP_H__,r25
 246 0044 0FBE      		out __SREG__,__tmp_reg__
 247 0046 8DBF      		out __SP_L__,r24
 248 0048 2223      		tst r18	 ;  16	tstqi	[length = 1]
 249 004a 01F0      		breq .L11	 ;  17	branch	[length = 1]
 250               	.LSM19:
 251 004c 00D0      		rcall .	 ;  19	*addhi3_sp_R_pc2	[length = 3]
 252 004e 00D0      		rcall .
 253 0050 00D0      		rcall .
 254 0052 EDB7      		in r30,__SP_L__	 ;  49	*movhi_sp/2	[length = 2]
 255 0054 FEB7      		in r31,__SP_H__
 256 0056 3196      		adiw r30,1	 ;  38	*addhi3/2	[length = 1]
 257 0058 ADB7      		in r26,__SP_L__	 ;  50	*movhi_sp/2	[length = 2]
 258 005a BEB7      		in r27,__SP_H__
 259 005c 1296      		adiw r26,1+1	 ;  21	*movhi/3	[length = 4]
 260 005e DC93      		st X,r29
 261 0060 CE93      		st -X,r28
 262 0062 1197      		sbiw r26,1
 263 0064 80E0      		ldi r24,lo8(.LC1)	 ;  22	*movhi/4	[length = 2]
 264 0066 90E0      		ldi r25,hi8(.LC1)
 265 0068 9383      		std Z+3,r25	 ;  23	*movhi/3	[length = 2]
 266 006a 8283      		std Z+2,r24
 267 006c 2483      		std Z+4,r18	 ;  41	*movqi/3	[length = 1]
 268 006e 1582      		std Z+5,__zero_reg__	 ;  42	*movqi/3	[length = 1]
 269 0070 0E94 0000 		call kfile_printf	 ;  26	call_value_insn/3	[length = 2]
 270 0074 EDB7      		in r30,__SP_L__	 ;  51	*movhi_sp/2	[length = 2]
 271 0076 FEB7      		in r31,__SP_H__
 272 0078 3696      		adiw r30,6	 ;  27	*addhi3/2	[length = 1]
 273 007a 0FB6      		in __tmp_reg__,__SREG__	 ;  52	*movhi_sp/1	[length = 5]
 274 007c F894      		cli
 275 007e FEBF      		out __SP_H__,r31
 276 0080 0FBE      		out __SREG__,__tmp_reg__
 277 0082 EDBF      		out __SP_L__,r30
 278               	.L11:
 279               	/* epilogue start */
 280               	.LSM20:
 281 0084 DF91      		pop r29	 ;  59	popqi	[length = 1]
 282 0086 CF91      		pop r28	 ;  60	popqi	[length = 1]
 283 0088 1F91      		pop r17	 ;  61	popqi	[length = 1]
 284 008a 0F91      		pop r16	 ;  62	popqi	[length = 1]
 285 008c 0895      		ret	 ;  63	return_from_epilogue	[length = 1]
 286               	.LFE17:
 288               		.data
 289               	.LC2:
 290 0009 3A25 2E2A 		.string	":%.*s\n"
 290      730A 00
 291               		.section	.text.ax25_print,"ax",@progbits
 292               	.global	ax25_print
 294               	ax25_print:
 295               	.LFB18:
 296               	.LSM21:
 297               	.LVL21:
 298 0000 CF92      		push r12	 ;  90	*pushqi/1	[length = 1]
 299 0002 DF92      		push r13	 ;  91	*pushqi/1	[length = 1]
 300 0004 EF92      		push r14	 ;  92	*pushqi/1	[length = 1]
 301 0006 FF92      		push r15	 ;  93	*pushqi/1	[length = 1]
 302 0008 0F93      		push r16	 ;  94	*pushqi/1	[length = 1]
 303 000a 1F93      		push r17	 ;  95	*pushqi/1	[length = 1]
 304 000c CF93      		push r28	 ;  96	*pushqi/1	[length = 1]
 305 000e DF93      		push r29	 ;  97	*pushqi/1	[length = 1]
 306               	/* prologue: function */
 307               	/* frame size = 0 */
 308 0010 7C01      		movw r14,r24	 ;  3	*movhi/1	[length = 1]
 309 0012 EB01      		movw r28,r22	 ;  4	*movhi/1	[length = 1]
 310               	.LSM22:
 311 0014 0E94 0000 		call print_call	 ;  11	call_insn/3	[length = 2]
 312               	.LVL22:
 313               	.LSM23:
 314 0018 8EE3      		ldi r24,lo8(62)	 ;  13	*movhi/4	[length = 2]
 315 001a 90E0      		ldi r25,hi8(62)
 316 001c B701      		movw r22,r14	 ;  14	*movhi/1	[length = 1]
 317 001e 0E94 0000 		call kfile_putc	 ;  15	call_value_insn/3	[length = 2]
 318               	.LSM24:
 319 0022 BE01      		movw r22,r28	 ;  78	*movhi/1	[length = 1]
 320 0024 695F      		subi r22,lo8(-(7))	 ;  17	*addhi3/4	[length = 2]
 321 0026 7F4F      		sbci r23,hi8(-(7))
 322 0028 C701      		movw r24,r14	 ;  18	*movhi/1	[length = 1]
 323 002a 0E94 0000 		call print_call	 ;  20	call_insn/3	[length = 2]
 324 002e 00E0      		ldi r16,lo8(0)	 ;  21	*movhi/4	[length = 2]
 325 0030 10E0      		ldi r17,hi8(0)
 326               	.LVL23:
 327               	.LBB74:
 328               	.LSM25:
 329 0032 F6E4      		ldi r31,lo8(70)	 ;  111	*reload_inhi	[length = 3]
 330 0034 CF2E      		mov r12,r31
 331 0036 D12C      		mov r13,__zero_reg__
 332 0038 CC0E      		add r12,r28	 ;  42	*addhi3/1	[length = 2]
 333 003a DD1E      		adc r13,r29
 334 003c 00C0      		rjmp .L13	 ;  112	jump	[length = 1]
 335               	.L14:
 336               	.LSM26:
 337 003e 8CE2      		ldi r24,lo8(44)	 ;  26	*movhi/4	[length = 2]
 338 0040 90E0      		ldi r25,hi8(44)
 339 0042 B701      		movw r22,r14	 ;  27	*movhi/1	[length = 1]
 340 0044 0E94 0000 		call kfile_putc	 ;  28	call_value_insn/3	[length = 2]
 341               	.LSM27:
 342 0048 B801      		movw r22,r16	 ;  80	*movhi/1	[length = 1]
 343 004a E3E0      		ldi r30,3	 ;  110	*ashlhi3_const/5	[length = 5]
 344 004c 660F      	1:	lsl r22
 345 004e 771F      		rol r23
 346 0050 EA95      		dec r30
 347 0052 01F4      		brne 1b
 348 0054 601B      		sub r22,r16	 ;  32	subhi3/1	[length = 2]
 349 0056 710B      		sbc r23,r17
 350 0058 625F      		subi r22,lo8(-(14))	 ;  33	*addhi3/4	[length = 2]
 351 005a 7F4F      		sbci r23,hi8(-(14))
 352 005c 6C0F      		add r22,r28	 ;  34	*addhi3/1	[length = 2]
 353 005e 7D1F      		adc r23,r29
 354 0060 C701      		movw r24,r14	 ;  35	*movhi/1	[length = 1]
 355 0062 0E94 0000 		call print_call	 ;  37	call_insn/3	[length = 2]
 356               	.LSM28:
 357 0066 0F5F      		subi r16,lo8(-(1))	 ;  38	*addhi3/4	[length = 2]
 358 0068 1F4F      		sbci r17,hi8(-(1))
 359               	.L13:
 360 006a D601      		movw r26,r12	 ;  81	*movhi/1	[length = 1]
 361 006c 8C91      		ld r24,X	 ;  43	*movqi/4	[length = 1]
 362 006e 90E0      		ldi r25,lo8(0)	 ;  89	*movqi/2	[length = 1]
 363 0070 0817      		cp r16,r24	 ;  45	cmphi/1	[length = 2]
 364 0072 1907      		cpc r17,r25
 365 0074 04F0      		brlt .L14	 ;  46	branch	[length = 1]
 366               	.LBE74:
 367               	.LSM29:
 368 0076 EDB7      		in r30,__SP_L__	 ;  82	*movhi_sp/2	[length = 2]
 369 0078 FEB7      		in r31,__SP_H__
 370 007a 3897      		sbiw r30,8	 ;  48	*addhi3/3	[length = 1]
 371 007c 0FB6      		in __tmp_reg__,__SREG__	 ;  83	*movhi_sp/1	[length = 5]
 372 007e F894      		cli
 373 0080 FEBF      		out __SP_H__,r31
 374 0082 0FBE      		out __SREG__,__tmp_reg__
 375 0084 EDBF      		out __SP_L__,r30
 376 0086 3196      		adiw r30,1	 ;  73	*addhi3/2	[length = 1]
 377 0088 ADB7      		in r26,__SP_L__	 ;  85	*movhi_sp/2	[length = 2]
 378 008a BEB7      		in r27,__SP_H__
 379 008c 1296      		adiw r26,1+1	 ;  50	*movhi/3	[length = 4]
 380 008e FC92      		st X,r15
 381 0090 EE92      		st -X,r14
 382 0092 1197      		sbiw r26,1
 383 0094 80E0      		ldi r24,lo8(.LC2)	 ;  51	*movhi/4	[length = 2]
 384 0096 90E0      		ldi r25,hi8(.LC2)
 385 0098 9383      		std Z+3,r25	 ;  52	*movhi/3	[length = 2]
 386 009a 8283      		std Z+2,r24
 387 009c C45B      		subi r28,lo8(-(76))	 ;  53	*addhi3/4	[length = 2]
 388 009e DF4F      		sbci r29,hi8(-(76))
 389 00a0 8881      		ld r24,Y	 ;  54	*movhi/2	[length = 2]
 390 00a2 9981      		ldd r25,Y+1
 391 00a4 9583      		std Z+5,r25	 ;  55	*movhi/3	[length = 2]
 392 00a6 8483      		std Z+4,r24
 393 00a8 DE01      		movw r26,r28	 ;  56	*movhi/1	[length = 1]
 394 00aa 9E91      		ld r25,-X	 ;  57	*movhi/2	[length = 2]
 395 00ac 8E91      		ld r24,-X
 396 00ae 9783      		std Z+7,r25	 ;  58	*movhi/3	[length = 2]
 397 00b0 8683      		std Z+6,r24
 398 00b2 0E94 0000 		call kfile_printf	 ;  59	call_value_insn/3	[length = 2]
 399 00b6 EDB7      		in r30,__SP_L__	 ;  86	*movhi_sp/2	[length = 2]
 400 00b8 FEB7      		in r31,__SP_H__
 401 00ba 3896      		adiw r30,8	 ;  60	*addhi3/2	[length = 1]
 402 00bc 0FB6      		in __tmp_reg__,__SREG__	 ;  87	*movhi_sp/1	[length = 5]
 403 00be F894      		cli
 404 00c0 FEBF      		out __SP_H__,r31
 405 00c2 0FBE      		out __SREG__,__tmp_reg__
 406 00c4 EDBF      		out __SP_L__,r30
 407               	/* epilogue start */
 408               	.LSM30:
 409 00c6 DF91      		pop r29	 ;  100	popqi	[length = 1]
 410 00c8 CF91      		pop r28	 ;  101	popqi	[length = 1]
 411               	.LVL24:
 412 00ca 1F91      		pop r17	 ;  102	popqi	[length = 1]
 413 00cc 0F91      		pop r16	 ;  103	popqi	[length = 1]
 414               	.LVL25:
 415 00ce FF90      		pop r15	 ;  104	popqi	[length = 1]
 416 00d0 EF90      		pop r14	 ;  105	popqi	[length = 1]
 417               	.LVL26:
 418 00d2 DF90      		pop r13	 ;  106	popqi	[length = 1]
 419 00d4 CF90      		pop r12	 ;  107	popqi	[length = 1]
 420 00d6 0895      		ret	 ;  108	return_from_epilogue	[length = 1]
 421               	.LFE18:
 423               		.section	.text.ax25_sendVia,"ax",@progbits
 424               	.global	ax25_sendVia
 426               	ax25_sendVia:
 427               	.LFB16:
 428               	.LSM31:
 429               	.LVL27:
 430 0000 2F92      		push r2	 ;  340	*pushqi/1	[length = 1]
 431 0002 3F92      		push r3	 ;  341	*pushqi/1	[length = 1]
 432 0004 4F92      		push r4	 ;  342	*pushqi/1	[length = 1]
 433 0006 5F92      		push r5	 ;  343	*pushqi/1	[length = 1]
 434 0008 6F92      		push r6	 ;  344	*pushqi/1	[length = 1]
 435 000a 7F92      		push r7	 ;  345	*pushqi/1	[length = 1]
 436 000c 8F92      		push r8	 ;  346	*pushqi/1	[length = 1]
 437 000e 9F92      		push r9	 ;  347	*pushqi/1	[length = 1]
 438 0010 AF92      		push r10	 ;  348	*pushqi/1	[length = 1]
 439 0012 BF92      		push r11	 ;  349	*pushqi/1	[length = 1]
 440 0014 CF92      		push r12	 ;  350	*pushqi/1	[length = 1]
 441 0016 DF92      		push r13	 ;  351	*pushqi/1	[length = 1]
 442 0018 EF92      		push r14	 ;  352	*pushqi/1	[length = 1]
 443 001a FF92      		push r15	 ;  353	*pushqi/1	[length = 1]
 444 001c 0F93      		push r16	 ;  354	*pushqi/1	[length = 1]
 445               	.LVL28:
 446 001e 1F93      		push r17	 ;  355	*pushqi/1	[length = 1]
 447 0020 DF93      		push r29	 ;  356	*pushhi/1	[length = 2]
 448 0022 CF93      		push r28
 449 0024 00D0      		rcall .	 ;  362	*addhi3_sp_R_pc2	[length = 2]
 450 0026 0F92      		push __tmp_reg__
 451 0028 CDB7      		in r28,__SP_L__	 ;  363	*movhi_sp/2	[length = 2]
 452 002a DEB7      		in r29,__SP_H__
 453               	/* prologue: function */
 454               	/* frame size = 3 */
 455 002c 6C01      		movw r12,r24	 ;  33	*movhi/1	[length = 1]
 456 002e 5B01      		movw r10,r22	 ;  34	*movhi/1	[length = 1]
 457 0030 3A01      		movw r6,r20	 ;  35	*movhi/1	[length = 1]
 458 0032 E22E      		mov r14,r18	 ;  260	*movqi/1	[length = 1]
 459 0034 3983      		std Y+1,r19	 ;  261	*movqi/3	[length = 1]
 460               	.LVL29:
 461 0036 2801      		movw r4,r16	 ;  37	*movhi/1	[length = 1]
 462               	.LVL30:
 463               	.LSM32:
 464 0038 6115      		cp r22,__zero_reg__	 ;  41	tsthi/2	[length = 2]
 465 003a 7105      		cpc r23,__zero_reg__
 466 003c 01F4      		brne .L17	 ;  42	branch	[length = 1]
 467               	.LVL31:
 468 003e 80E0      		ldi r24,lo8(__c.1858)	 ;  47	*movhi/4	[length = 2]
 469 0040 90E0      		ldi r25,hi8(__c.1858)
 470 0042 60E0      		ldi r22,lo8(__c.1860)	 ;  48	*movhi/4	[length = 2]
 471 0044 70E0      		ldi r23,hi8(__c.1860)
 472               	.LVL32:
 473 0046 46EE      		ldi r20,lo8(230)	 ;  49	*movhi/4	[length = 2]
 474 0048 50E0      		ldi r21,hi8(230)
 475 004a 0E94 0000 		call __bassert_P	 ;  50	call_value_insn/3	[length = 2]
 476               	.LVL33:
 477               	.L17:
 478               	.LSM33:
 479 004e 22E0      		ldi r18,lo8(2)	 ;  53	cmphi/4	[length = 3]
 480 0050 6216      		cp r6,r18
 481 0052 7104      		cpc r7,__zero_reg__
 482 0054 00F4      		brsh .L18	 ;  54	branch	[length = 1]
 483 0056 80E0      		ldi r24,lo8(__c.1862)	 ;  59	*movhi/4	[length = 2]
 484 0058 90E0      		ldi r25,hi8(__c.1862)
 485 005a 60E0      		ldi r22,lo8(__c.1864)	 ;  60	*movhi/4	[length = 2]
 486 005c 70E0      		ldi r23,hi8(__c.1864)
 487 005e 47EE      		ldi r20,lo8(231)	 ;  61	*movhi/4	[length = 2]
 488 0060 50E0      		ldi r21,hi8(231)
 489 0062 0E94 0000 		call __bassert_P	 ;  62	call_value_insn/3	[length = 2]
 490               	.LVL34:
 491               	.L18:
 492               	.LSM34:
 493 0066 80E5      		ldi r24,lo8(336)	 ;  313	*movhi/4	[length = 2]
 494 0068 91E0      		ldi r25,hi8(336)
 495 006a C80E      		add r12,r24	 ;  65	*addhi3/1	[length = 2]
 496 006c D91E      		adc r13,r25
 497 006e 8FEF      		ldi r24,lo8(-1)	 ;  66	*movhi/4	[length = 2]
 498 0070 9FEF      		ldi r25,hi8(-1)
 499 0072 D601      		movw r26,r12	 ;  314	*movhi/1	[length = 1]
 500 0074 8D93      		st X+,r24	 ;  67	*movhi/3	[length = 2]
 501 0076 9C93      		st X,r25
 502               	.LSM35:
 503 0078 EAEF      		ldi r30,lo8(-6)	 ;  315	*movhi/4	[length = 2]
 504 007a FFEF      		ldi r31,hi8(-6)
 505 007c CE0E      		add r12,r30	 ;  69	*addhi3/1	[length = 2]
 506 007e DF1E      		adc r13,r31
 507 0080 D601      		movw r26,r12	 ;  316	*movhi/1	[length = 1]
 508 0082 6D91      		ld r22,X+	 ;  70	*movhi/2	[length = 2]
 509 0084 7C91      		ld r23,X
 510 0086 E6EB      		ldi r30,lo8(-330)	 ;  317	*movhi/4	[length = 2]
 511 0088 FEEF      		ldi r31,hi8(-330)
 512 008a CE0E      		add r12,r30	 ;  306	*addhi3/1	[length = 2]
 513 008c DF1E      		adc r13,r31
 514 008e 8EE7      		ldi r24,lo8(126)	 ;  71	*movhi/4	[length = 2]
 515 0090 90E0      		ldi r25,hi8(126)
 516 0092 0E94 0000 		call kfile_putc	 ;  73	call_value_insn/3	[length = 2]
 517               	.LVL35:
 518 0096 8824      		clr r8	 ;  75	*movhi/5	[length = 2]
 519 0098 9924      		clr r9
 520               	.LVL36:
 521               	.LBB75:
 522               	.LBB76:
 523               	.LBB77:
 524               	.LSM36:
 525 009a 1301      		movw r2,r6	 ;  318	*movhi/1	[length = 1]
 526 009c 0894      		sec	 ;  155	*addhi3/6	[length = 3]
 527 009e 2108      		sbc r2,__zero_reg__
 528 00a0 3108      		sbc r3,__zero_reg__
 529 00a2 00C0      		rjmp .L19	 ;  391	jump	[length = 1]
 530               	.LVL37:
 531               	.L28:
 532               	.LBE77:
 533               	.LSM37:
 534 00a4 D501      		movw r26,r10	 ;  319	*movhi/1	[length = 1]
 535               	.LVL38:
 536 00a6 0D90      		ld __tmp_reg__,X+	 ;  81	*strlenhi	[length = 3]
 537 00a8 0020      		tst __tmp_reg__
 538 00aa 01F4      		brne .-6
 539 00ac 1197      		sbiw r26,1	 ;  82	*addhi3/3	[length = 1]
 540 00ae AA19      		sub r26,r10	 ;  83	subhi3/1	[length = 2]
 541 00b0 BB09      		sbc r27,r11
 542 00b2 BB83      		std Y+3,r27	 ;  322	*movhi/3	[length = 2]
 543 00b4 AA83      		std Y+2,r26
 544               	.LVL39:
 545 00b6 1797      		sbiw r26,7	 ;  86	cmphi/2	[length = 2]
 546 00b8 00F0      		brlo .L20	 ;  87	branch	[length = 1]
 547 00ba E6E0      		ldi r30,lo8(6)	 ;  289	*movhi/4	[length = 2]
 548 00bc F0E0      		ldi r31,hi8(6)
 549 00be FB83      		std Y+3,r31	 ;  323	*movhi/3	[length = 2]
 550 00c0 EA83      		std Y+2,r30
 551               	.LVL40:
 552               	.L20:
 553 00c2 00E0      		ldi r16,lo8(0)	 ;  290	*movhi/4	[length = 2]
 554 00c4 10E0      		ldi r17,hi8(0)
 555               	.LVL41:
 556 00c6 00C0      		rjmp .L21	 ;  393	jump	[length = 1]
 557               	.L23:
 558               	.LBB85:
 559               	.LBB79:
 560               	.LBB81:
 561               	.LSM38:
 562 00c8 F501      		movw r30,r10	 ;  324	*movhi/1	[length = 1]
 563 00ca E00F      		add r30,r16	 ;  94	*addhi3/1	[length = 2]
 564 00cc F11F      		adc r31,r17
 565 00ce F080      		ld r15,Z	 ;  95	*movqi/4	[length = 1]
 566               	.LBE81:
 567               	.LBE79:
 568               	.LBE85:
 569               	.LSM39:
 570 00d0 8F2D      		mov r24,r15	 ;  271	*movqi/1	[length = 1]
 571 00d2 90E0      		ldi r25,lo8(0)	 ;  272	*movqi/2	[length = 1]
 572 00d4 0E94 0000 		call isalnum	 ;  99	call_value_insn/3	[length = 2]
 573               	.LBB86:
 574               	.LBB78:
 575               	.LBB80:
 576 00d8 892B      		or r24,r25	 ;  101	tsthi/1	[length = 1]
 577 00da 01F4      		brne .L22	 ;  102	branch	[length = 1]
 578 00dc F0E2      		ldi r31,lo8(32)	 ;  325	*movqi/2	[length = 1]
 579 00de FF16      		cp r15,r31	 ;  104	cmpqi/1	[length = 1]
 580 00e0 01F0      		breq .L22	 ;  105	branch	[length = 1]
 581               	.LBE80:
 582               	.LBE78:
 583               	.LBE86:
 584 00e2 80E0      		ldi r24,lo8(__c.1816)	 ;  287	*movhi/4	[length = 2]
 585 00e4 90E0      		ldi r25,hi8(__c.1816)
 586 00e6 60E0      		ldi r22,lo8(__c.1818)	 ;  288	*movhi/4	[length = 2]
 587 00e8 70E0      		ldi r23,hi8(__c.1818)
 588 00ea 4BEC      		ldi r20,lo8(203)	 ;  112	*movhi/4	[length = 2]
 589 00ec 50E0      		ldi r21,hi8(203)
 590 00ee 0E94 0000 		call __bassert_P	 ;  113	call_value_insn/3	[length = 2]
 591               	.L22:
 592               	.LSM40:
 593 00f2 8F2D      		mov r24,r15	 ;  273	*movqi/1	[length = 1]
 594 00f4 90E0      		ldi r25,lo8(0)	 ;  274	*movqi/2	[length = 1]
 595 00f6 0E94 0000 		call toupper	 ;  118	call_value_insn/3	[length = 2]
 596               	.LBB87:
 597               	.LBB83:
 598               	.LBB82:
 599               	.LSM41:
 600 00fa 682F      		mov r22,r24	 ;  326	*movqi/1	[length = 1]
 601 00fc 660F      		lsl r22	 ;  121	*ashlqi3/3	[length = 1]
 602 00fe C601      		movw r24,r12	 ;  122	*movhi/1	[length = 1]
 603 0100 0E94 0000 		call ax25_putchar	 ;  124	call_insn/3	[length = 2]
 604               	.LBE82:
 605               	.LSM42:
 606 0104 0F5F      		subi r16,lo8(-(1))	 ;  125	*addhi3/4	[length = 2]
 607 0106 1F4F      		sbci r17,hi8(-(1))
 608               	.L21:
 609 0108 2A81      		ldd r18,Y+2	 ;  327	*movhi/2	[length = 2]
 610 010a 3B81      		ldd r19,Y+3
 611 010c 0217      		cp r16,r18	 ;  129	cmphi/1	[length = 2]
 612 010e 1307      		cpc r17,r19
 613 0110 00F0      		brlo .L23	 ;  130	branch	[length = 1]
 614               	.LBE83:
 615               	.LSM43:
 616 0112 2630      		cpi r18,6	 ;  132	cmphi/2	[length = 2]
 617 0114 3105      		cpc r19,__zero_reg__
 618 0116 00F4      		brsh .L24	 ;  133	branch	[length = 1]
 619 0118 00E0      		ldi r16,lo8(0)	 ;  293	*movhi/4	[length = 2]
 620 011a 10E0      		ldi r17,hi8(0)
 621               	.LVL42:
 622               	.LBB84:
 623               	.LSM44:
 624 011c 86E0      		ldi r24,lo8(6)	 ;  328	*movhi/4	[length = 2]
 625 011e 90E0      		ldi r25,hi8(6)
 626 0120 821B      		sub r24,r18	 ;  148	subhi3/1	[length = 2]
 627 0122 930B      		sbc r25,r19
 628 0124 9B83      		std Y+3,r25	 ;  329	*movhi/3	[length = 2]
 629 0126 8A83      		std Y+2,r24
 630 0128 00C0      		rjmp .L25	 ;  395	jump	[length = 1]
 631               	.L26:
 632               	.LSM45:
 633 012a C601      		movw r24,r12	 ;  140	*movhi/1	[length = 1]
 634 012c 60E4      		ldi r22,lo8(64)	 ;  141	*movqi/2	[length = 1]
 635 012e 0E94 0000 		call ax25_putchar	 ;  142	call_insn/3	[length = 2]
 636               	.LSM46:
 637 0132 0F5F      		subi r16,lo8(-(1))	 ;  143	*addhi3/4	[length = 2]
 638 0134 1F4F      		sbci r17,hi8(-(1))
 639               	.L25:
 640 0136 AA81      		ldd r26,Y+2	 ;  330	*movhi/2	[length = 2]
 641 0138 BB81      		ldd r27,Y+3
 642 013a 0A17      		cp r16,r26	 ;  149	cmphi/1	[length = 2]
 643 013c 1B07      		cpc r17,r27
 644 013e 00F0      		brlo .L26	 ;  150	branch	[length = 1]
 645               	.LVL43:
 646               	.L24:
 647               	.LBE84:
 648               	.LSM47:
 649 0140 80E0      		ldi r24,lo8(0)	 ;  154	*movqi/2	[length = 1]
 650 0142 8214      		cp r8,r2	 ;  156	cmphi/1	[length = 2]
 651 0144 9304      		cpc r9,r3
 652 0146 01F4      		brne .L27	 ;  157	branch	[length = 1]
 653 0148 81E0      		ldi r24,lo8(1)	 ;  297	*movqi/2	[length = 1]
 654               	.L27:
 655 014a F501      		movw r30,r10	 ;  331	*movhi/1	[length = 1]
 656 014c 6681      		ldd r22,Z+6	 ;  160	*movqi/4	[length = 1]
 657 014e 660F      		lsl r22	 ;  162	*ashlqi3/3	[length = 1]
 658 0150 682B      		or r22,r24	 ;  163	iorqi3/1	[length = 1]
 659 0152 C601      		movw r24,r12	 ;  164	*movhi/1	[length = 1]
 660 0154 0E94 0000 		call ax25_putchar	 ;  166	call_insn/3	[length = 2]
 661               	.LBE87:
 662               	.LBE76:
 663               	.LSM48:
 664 0158 0894      		sec	 ;  167	*addhi3/5	[length = 3]
 665 015a 811C      		adc r8,__zero_reg__
 666 015c 911C      		adc r9,__zero_reg__
 667 015e 27E0      		ldi r18,lo8(7)	 ;  332	*movhi/4	[length = 2]
 668 0160 30E0      		ldi r19,hi8(7)
 669 0162 A20E      		add r10,r18	 ;  168	*addhi3/1	[length = 2]
 670 0164 B31E      		adc r11,r19
 671               	.LVL44:
 672               	.L19:
 673 0166 8614      		cp r8,r6	 ;  172	cmphi/1	[length = 2]
 674 0168 9704      		cpc r9,r7
 675 016a 00F4      		brsh .+2	 ;  173	branch	[length = 2]
 676 016c 00C0      		rjmp .L28
 677               	.LBE75:
 678               	.LSM49:
 679 016e 8E2D      		mov r24,r14	 ;  278	*movqi/1	[length = 1]
 680               	.LVL45:
 681 0170 9981      		ldd r25,Y+1	 ;  279	*movqi/4	[length = 1]
 682               	.LVL46:
 683 0172 9C01      		movw r18,r24	 ;  389	*movhi/1	[length = 1]
 684               	.LVL47:
 685 0174 7901      		movw r14,r18	 ;  311	*movhi/1	[length = 1]
 686               	.LVL48:
 687               	.LSM50:
 688 0176 C601      		movw r24,r12	 ;  177	*movhi/1	[length = 1]
 689 0178 63E0      		ldi r22,lo8(3)	 ;  178	*movqi/2	[length = 1]
 690 017a 0E94 0000 		call ax25_putchar	 ;  179	call_insn/3	[length = 2]
 691               	.LVL49:
 692               	.LSM51:
 693 017e C601      		movw r24,r12	 ;  181	*movhi/1	[length = 1]
 694 0180 60EF      		ldi r22,lo8(-16)	 ;  182	*movqi/2	[length = 1]
 695 0182 0E94 0000 		call ax25_putchar	 ;  183	call_insn/3	[length = 2]
 696 0186 00C0      		rjmp .L29	 ;  397	jump	[length = 1]
 697               	.L30:
 698               	.LSM52:
 699 0188 D701      		movw r26,r14	 ;  333	*movhi/1	[length = 1]
 700 018a 6D91      		ld r22,X+	 ;  187	*movqi/4	[length = 1]
 701 018c 7D01      		movw r14,r26	 ;  334	*movhi/1	[length = 1]
 702 018e C601      		movw r24,r12	 ;  190	*movhi/1	[length = 1]
 703 0190 0E94 0000 		call ax25_putchar	 ;  192	call_insn/3	[length = 2]
 704 0194 0894      		sec	 ;  193	*addhi3/6	[length = 3]
 705 0196 4108      		sbc r4,__zero_reg__
 706 0198 5108      		sbc r5,__zero_reg__
 707               	.LVL50:
 708               	.L29:
 709               	.LSM53:
 710 019a 4114      		cp r4,__zero_reg__	 ;  197	tsthi/2	[length = 2]
 711 019c 5104      		cpc r5,__zero_reg__
 712 019e 01F4      		brne .L30	 ;  198	branch	[length = 1]
 713               	.LSM54:
 714 01a0 8601      		movw r16,r12	 ;  335	*movhi/1	[length = 1]
 715               	.LVL51:
 716 01a2 005B      		subi r16,lo8(-(336))	 ;  200	*addhi3/4	[length = 2]
 717 01a4 1E4F      		sbci r17,hi8(-(336))
 718 01a6 F801      		movw r30,r16	 ;  336	*movhi/1	[length = 1]
 719 01a8 6081      		ld r22,Z	 ;  281	*movqi/4	[length = 1]
 720 01aa F180      		ldd r15,Z+1	 ;  282	*movqi/4	[length = 1]
 721               	.LSM55:
 722 01ac 6095      		com r22	 ;  203	one_cmplqi2	[length = 1]
 723 01ae C601      		movw r24,r12	 ;  204	*movhi/1	[length = 1]
 724 01b0 0E94 0000 		call ax25_putchar	 ;  206	call_insn/3	[length = 2]
 725               	.LSM56:
 726 01b4 F094      		com r15	 ;  209	one_cmplqi2	[length = 1]
 727 01b6 C601      		movw r24,r12	 ;  210	*movhi/1	[length = 1]
 728 01b8 6F2D      		mov r22,r15	 ;  211	*movqi/1	[length = 1]
 729 01ba 0E94 0000 		call ax25_putchar	 ;  212	call_insn/3	[length = 2]
 730               	.LSM57:
 731 01be D801      		movw r26,r16	 ;  337	*movhi/1	[length = 1]
 732 01c0 8D91      		ld r24,X+	 ;  214	*movhi/2	[length = 2]
 733 01c2 9C91      		ld r25,X
 734 01c4 885B      		subi r24,lo8(-3912)	 ;  215	cmphi/3	[length = 3]
 735 01c6 904F      		sbci r25,hi8(-3912)
 736 01c8 01F0      		breq .L31	 ;  216	branch	[length = 1]
 737 01ca 80E0      		ldi r24,lo8(__c.1875)	 ;  221	*movhi/4	[length = 2]
 738 01cc 90E0      		ldi r25,hi8(__c.1875)
 739 01ce 60E0      		ldi r22,lo8(__c.1877)	 ;  222	*movhi/4	[length = 2]
 740 01d0 70E0      		ldi r23,hi8(__c.1877)
 741 01d2 40E0      		ldi r20,lo8(256)	 ;  223	*movhi/4	[length = 2]
 742 01d4 51E0      		ldi r21,hi8(256)
 743 01d6 0E94 0000 		call __bassert_P	 ;  224	call_value_insn/3	[length = 2]
 744               	.L31:
 745               	.LSM58:
 746 01da EAE4      		ldi r30,lo8(330)	 ;  338	*movhi/4	[length = 2]
 747 01dc F1E0      		ldi r31,hi8(330)
 748 01de CE0E      		add r12,r30	 ;  228	*addhi3/1	[length = 2]
 749 01e0 DF1E      		adc r13,r31
 750 01e2 D601      		movw r26,r12	 ;  339	*movhi/1	[length = 1]
 751 01e4 6D91      		ld r22,X+	 ;  229	*movhi/2	[length = 2]
 752 01e6 7C91      		ld r23,X
 753 01e8 8EE7      		ldi r24,lo8(126)	 ;  230	*movhi/4	[length = 2]
 754 01ea 90E0      		ldi r25,hi8(126)
 755 01ec 0E94 0000 		call kfile_putc	 ;  232	call_value_insn/3	[length = 2]
 756               	/* epilogue start */
 757               	.LSM59:
 758 01f0 0F90      		pop __tmp_reg__	 ;  369	*addhi3_sp_R_pc2	[length = 3]
 759 01f2 0F90      		pop __tmp_reg__
 760 01f4 0F90      		pop __tmp_reg__
 761 01f6 CF91      		pop r28	 ;  370	pophi	[length = 2]
 762 01f8 DF91      		pop r29
 763 01fa 1F91      		pop r17	 ;  371	popqi	[length = 1]
 764 01fc 0F91      		pop r16	 ;  372	popqi	[length = 1]
 765 01fe FF90      		pop r15	 ;  373	popqi	[length = 1]
 766 0200 EF90      		pop r14	 ;  374	popqi	[length = 1]
 767               	.LVL52:
 768 0202 DF90      		pop r13	 ;  375	popqi	[length = 1]
 769 0204 CF90      		pop r12	 ;  376	popqi	[length = 1]
 770               	.LVL53:
 771 0206 BF90      		pop r11	 ;  377	popqi	[length = 1]
 772 0208 AF90      		pop r10	 ;  378	popqi	[length = 1]
 773               	.LVL54:
 774 020a 9F90      		pop r9	 ;  379	popqi	[length = 1]
 775 020c 8F90      		pop r8	 ;  380	popqi	[length = 1]
 776               	.LVL55:
 777 020e 7F90      		pop r7	 ;  381	popqi	[length = 1]
 778 0210 6F90      		pop r6	 ;  382	popqi	[length = 1]
 779               	.LVL56:
 780 0212 5F90      		pop r5	 ;  383	popqi	[length = 1]
 781 0214 4F90      		pop r4	 ;  384	popqi	[length = 1]
 782               	.LVL57:
 783 0216 3F90      		pop r3	 ;  385	popqi	[length = 1]
 784 0218 2F90      		pop r2	 ;  386	popqi	[length = 1]
 785 021a 0895      		ret	 ;  387	return_from_epilogue	[length = 1]
 786               	.LFE16:
 788               		.data
 789               	.LC3:
 790 0010 5741 524E 		.string	"WARN"
 790      00
 791               	.LC4:
 792 0015 4552 5200 		.string	"ERR"
 793               		.section	.text.ax25_poll,"ax",@progbits
 794               	.global	ax25_poll
 796               	ax25_poll:
 797               	.LFB13:
 798               	.LSM60:
 799               	.LVL58:
 800 0000 2F92      		push r2	 ;  549	*pushqi/1	[length = 1]
 801 0002 3F92      		push r3	 ;  550	*pushqi/1	[length = 1]
 802 0004 4F92      		push r4	 ;  551	*pushqi/1	[length = 1]
 803 0006 5F92      		push r5	 ;  552	*pushqi/1	[length = 1]
 804 0008 6F92      		push r6	 ;  553	*pushqi/1	[length = 1]
 805 000a 7F92      		push r7	 ;  554	*pushqi/1	[length = 1]
 806 000c 8F92      		push r8	 ;  555	*pushqi/1	[length = 1]
 807 000e 9F92      		push r9	 ;  556	*pushqi/1	[length = 1]
 808 0010 AF92      		push r10	 ;  557	*pushqi/1	[length = 1]
 809 0012 BF92      		push r11	 ;  558	*pushqi/1	[length = 1]
 810 0014 CF92      		push r12	 ;  559	*pushqi/1	[length = 1]
 811 0016 DF92      		push r13	 ;  560	*pushqi/1	[length = 1]
 812 0018 EF92      		push r14	 ;  561	*pushqi/1	[length = 1]
 813 001a FF92      		push r15	 ;  562	*pushqi/1	[length = 1]
 814 001c 0F93      		push r16	 ;  563	*pushqi/1	[length = 1]
 815 001e 1F93      		push r17	 ;  564	*pushqi/1	[length = 1]
 816 0020 DF93      		push r29	 ;  565	*pushhi/1	[length = 2]
 817 0022 CF93      		push r28
 818 0024 CDB7      		in r28,__SP_L__	 ;  569	*movhi_sp/2	[length = 2]
 819 0026 DEB7      		in r29,__SP_H__
 820 0028 C655      		subi r28,lo8(-(-86))	 ;  570	*addhi3/4	[length = 2]
 821 002a D040      		sbci r29,hi8(-(-86))
 822 002c 0FB6      		in __tmp_reg__,__SREG__	 ;  571	*movhi_sp/1	[length = 5]
 823 002e F894      		cli
 824 0030 DEBF      		out __SP_H__,r29
 825 0032 0FBE      		out __SREG__,__tmp_reg__
 826 0034 CDBF      		out __SP_L__,r28
 827               	/* prologue: function */
 828               	/* frame size = 86 */
 829 0036 7C01      		movw r14,r24	 ;  2	*movhi/1	[length = 1]
 830               	.LSM61:
 831 0038 9C01      		movw r18,r24	 ;  463	*movhi/1	[length = 1]
 832 003a 265B      		subi r18,lo8(-(330))	 ;  272	*addhi3/4	[length = 2]
 833 003c 3E4F      		sbci r19,hi8(-(330))
 834 003e 6196      		adiw r28,79-62	 ;  464	*movhi/3	[length = 4]
 835 0040 3FAF      		std Y+63,r19
 836 0042 2EAF      		std Y+62,r18
 837 0044 6197      		sbiw r28,79-62
 838               	.LSM62:
 839 0046 B5E5      		ldi r27,lo8(341)	 ;  615	*reload_inhi	[length = 4]
 840 0048 8B2E      		mov r8,r27
 841 004a B1E0      		ldi r27,hi8(341)
 842 004c 9B2E      		mov r9,r27
 843 004e 880E      		add r8,r24	 ;  11	*addhi3/1	[length = 2]
 844 0050 991E      		adc r9,r25
 845               	.LSM63:
 846 0052 A4E5      		ldi r26,lo8(340)	 ;  614	*reload_inhi	[length = 4]
 847 0054 AA2E      		mov r10,r26
 848 0056 A1E0      		ldi r26,hi8(340)
 849 0058 BA2E      		mov r11,r26
 850 005a A80E      		add r10,r24	 ;  230	*addhi3/1	[length = 2]
 851 005c B91E      		adc r11,r25
 852               	.LSM64:
 853 005e 8C01      		movw r16,r24	 ;  467	*movhi/1	[length = 1]
 854 0060 045B      		subi r16,lo8(-(332))	 ;  235	*addhi3/4	[length = 2]
 855 0062 1E4F      		sbci r17,hi8(-(332))
 856               	.LSM65:
 857 0064 FEE4      		ldi r31,lo8(334)	 ;  613	*reload_inhi	[length = 4]
 858 0066 CF2E      		mov r12,r31
 859 0068 F1E0      		ldi r31,hi8(334)
 860 006a DF2E      		mov r13,r31
 861 006c C80E      		add r12,r24	 ;  246	*addhi3/1	[length = 2]
 862 006e D91E      		adc r13,r25
 863               	.LBB88:
 864               	.LBB89:
 865               	.LBB92:
 866               	.LSM66:
 867 0070 CE01      		movw r24,r28	 ;  469	*movhi/1	[length = 1]
 868               	.LVL59:
 869 0072 0E96      		adiw r24,14	 ;  44	*addhi3/2	[length = 1]
 870 0074 6596      		adiw r28,83-62	 ;  470	*movhi/3	[length = 4]
 871 0076 9FAF      		std Y+63,r25
 872 0078 8EAF      		std Y+62,r24
 873 007a 6597      		sbiw r28,83-62
 874               	.LBE92:
 875               	.LBB90:
 876               	.LSM67:
 877 007c DE01      		movw r26,r28	 ;  471	*movhi/1	[length = 1]
 878 007e 1796      		adiw r26,7	 ;  69	*addhi3/2	[length = 1]
 879 0080 6796      		adiw r28,85-62	 ;  472	*movhi/3	[length = 4]
 880 0082 BFAF      		std Y+63,r27
 881 0084 AEAF      		std Y+62,r26
 882 0086 6797      		sbiw r28,85-62
 883 0088 EDE0      		ldi r30,lo8(13)	 ;  612	*reload_inhi	[length = 3]
 884 008a 2E2E      		mov r2,r30
 885 008c 312C      		mov r3,__zero_reg__
 886               	.LVL60:
 887 008e 2E0C      		add r2,r14	 ;  73	*addhi3/1	[length = 2]
 888 0090 3F1C      		adc r3,r15
 889               	.LBE90:
 890               	.LSM68:
 891 0092 77E4      		ldi r23,lo8(71)	 ;  611	*reload_inhi	[length = 3]
 892 0094 472E      		mov r4,r23
 893 0096 512C      		mov r5,__zero_reg__
 894 0098 4C0E      		add r4,r28	 ;  78	*addhi3/1	[length = 2]
 895 009a 5D1E      		adc r5,r29
 896               	.LSM69:
 897 009c F701      		movw r30,r14	 ;  475	*movhi/1	[length = 1]
 898 009e EE5A      		subi r30,lo8(-(338))	 ;  189	*addhi3/4	[length = 2]
 899 00a0 FE4F      		sbci r31,hi8(-(338))
 900 00a2 6396      		adiw r28,81-62	 ;  476	*movhi/3	[length = 4]
 901 00a4 FFAF      		std Y+63,r31
 902 00a6 EEAF      		std Y+62,r30
 903 00a8 6397      		sbiw r28,81-62
 904 00aa 00C0      		rjmp .L60	 ;  616	jump	[length = 1]
 905               	.LVL61:
 906               	.L51:
 907               	.LBE89:
 908               	.LBE88:
 909               	.LSM70:
 910 00ac D401      		movw r26,r8	 ;  477	*movhi/1	[length = 1]
 911 00ae 8C91      		ld r24,X	 ;  12	*movqi/4	[length = 1]
 912               	.LVL62:
 913 00b0 8823      		tst r24	 ;  13	tstqi	[length = 1]
 914 00b2 01F0      		breq .+2	 ;  14	branch	[length = 2]
 915 00b4 00C0      		rjmp .L35
 916 00b6 4E37      		cpi r20,126	 ;  16	cmphi/2	[length = 2]
 917 00b8 5105      		cpc r21,__zero_reg__
 918 00ba 01F0      		breq .+2	 ;  17	branch	[length = 2]
 919 00bc 00C0      		rjmp .L36
 920               	.LSM71:
 921 00be F801      		movw r30,r16	 ;  478	*movhi/1	[length = 1]
 922 00c0 8081      		ld r24,Z	 ;  20	*movhi/2	[length = 2]
 923 00c2 9181      		ldd r25,Z+1
 924 00c4 4297      		sbiw r24,18	 ;  21	cmphi/2	[length = 2]
 925 00c6 00F4      		brsh .+2	 ;  22	branch	[length = 2]
 926 00c8 00C0      		rjmp .L37
 927               	.LSM72:
 928 00ca D601      		movw r26,r12	 ;  479	*movhi/1	[length = 1]
 929 00cc 8D91      		ld r24,X+	 ;  25	*movhi/2	[length = 2]
 930 00ce 9C91      		ld r25,X
 931 00d0 885B      		subi r24,lo8(-3912)	 ;  26	cmphi/3	[length = 3]
 932 00d2 904F      		sbci r25,hi8(-3912)
 933 00d4 01F0      		breq .+2	 ;  27	branch	[length = 2]
 934 00d6 00C0      		rjmp .L37
 935 00d8 FE01      		movw r30,r28	 ;  480	*movhi/1	[length = 1]
 936 00da 3896      		adiw r30,8	 ;  412	*addhi3/2	[length = 1]
 937 00dc D701      		movw r26,r14	 ;  30	*movhi/1	[length = 1]
 938               	.LVL63:
 939               	.L39:
 940               	.LBB102:
 941               	.LBB99:
 942               	.LBB94:
 943               	.LBB93:
 944               	.LSM73:
 945 00de 8D91      		ld r24,X+	 ;  32	*movqi/4	[length = 1]
 946 00e0 8695      		lsr r24	 ;  33	*lshrqi3/3	[length = 1]
 947 00e2 8032      		cpi r24,lo8(32)	 ;  35	cmpqi/2	[length = 1]
 948 00e4 01F4      		brne .L38	 ;  36	branch	[length = 1]
 949 00e6 80E0      		ldi r24,lo8(0)	 ;  440	*movqi/2	[length = 1]
 950               	.L38:
 951 00e8 8193      		st Z+,r24	 ;  41	*movqi/3	[length = 1]
 952               	.LBE93:
 953 00ea 6596      		adiw r28,83-62	 ;  481	*movhi/2	[length = 4]
 954 00ec 2EAD      		ldd r18,Y+62
 955 00ee 3FAD      		ldd r19,Y+63
 956 00f0 6597      		sbiw r28,83-62
 957 00f2 E217      		cp r30,r18	 ;  45	cmphi/1	[length = 2]
 958 00f4 F307      		cpc r31,r19
 959 00f6 01F4      		brne .L39	 ;  46	branch	[length = 1]
 960               	.LBE94:
 961               	.LSM74:
 962 00f8 D701      		movw r26,r14	 ;  482	*movhi/1	[length = 1]
 963               	.LVL64:
 964 00fa 1696      		adiw r26,6	 ;  49	*movqi/4	[length = 3]
 965 00fc 8C91      		ld r24,X
 966 00fe 1697      		sbiw r26,6
 967               	.LVL65:
 968 0100 8695      		lsr r24	 ;  50	*lshrqi3/3	[length = 1]
 969 0102 8F70      		andi r24,lo8(15)	 ;  51	andqi3/2	[length = 1]
 970 0104 8E87      		std Y+14,r24	 ;  52	*movqi/3	[length = 1]
 971 0106 FE01      		movw r30,r28	 ;  483	*movhi/1	[length = 1]
 972 0108 3196      		adiw r30,1	 ;  361	*addhi3/2	[length = 1]
 973               	.LVL66:
 974               	.L41:
 975               	.LBB95:
 976               	.LBB91:
 977               	.LSM75:
 978 010a 1796      		adiw r26,7	 ;  57	*movqi/4	[length = 3]
 979 010c 8C91      		ld r24,X
 980 010e 1797      		sbiw r26,7
 981 0110 8695      		lsr r24	 ;  58	*lshrqi3/3	[length = 1]
 982 0112 8032      		cpi r24,lo8(32)	 ;  59	cmpqi/2	[length = 1]
 983 0114 01F4      		brne .L40	 ;  60	branch	[length = 1]
 984 0116 80E0      		ldi r24,lo8(0)	 ;  439	*movqi/2	[length = 1]
 985               	.L40:
 986 0118 8193      		st Z+,r24	 ;  65	*movqi/3	[length = 1]
 987 011a 1196      		adiw r26,1	 ;  66	*addhi3/2	[length = 1]
 988               	.LBE91:
 989 011c 6796      		adiw r28,85-62	 ;  484	*movhi/2	[length = 4]
 990 011e 2EAD      		ldd r18,Y+62
 991 0120 3FAD      		ldd r19,Y+63
 992 0122 6797      		sbiw r28,85-62
 993 0124 E217      		cp r30,r18	 ;  70	cmphi/1	[length = 2]
 994 0126 F307      		cpc r31,r19
 995 0128 01F4      		brne .L41	 ;  71	branch	[length = 1]
 996 012a 9101      		movw r18,r2	 ;  420	*movhi/1	[length = 1]
 997               	.LVL67:
 998               	.LBE95:
 999               	.LSM76:
 1000 012c D101      		movw r26,r2	 ;  485	*movhi/1	[length = 1]
 1001 012e 8C91      		ld r24,X	 ;  74	*movqi/4	[length = 1]
 1002               	.LVL68:
 1003 0130 8695      		lsr r24	 ;  75	*lshrqi3/3	[length = 1]
 1004 0132 8F70      		andi r24,lo8(15)	 ;  76	andqi3/2	[length = 1]
 1005 0134 8F83      		std Y+7,r24	 ;  77	*movqi/3	[length = 1]
 1006               	.LSM77:
 1007 0136 F201      		movw r30,r4	 ;  486	*movhi/1	[length = 1]
 1008 0138 1082      		st Z,__zero_reg__	 ;  79	*movqi/3	[length = 1]
 1009               	.LSM78:
 1010 013a 3E01      		movw r6,r28	 ;  487	*movhi/1	[length = 1]
 1011 013c 0894      		sec	 ;  363	*addhi3/5	[length = 3]
 1012 013e 611C      		adc r6,__zero_reg__
 1013 0140 711C      		adc r7,__zero_reg__
 1014 0142 00C0      		rjmp .L42	 ;  618	jump	[length = 1]
 1015               	.LVL69:
 1016               	.L44:
 1017               	.LBB96:
 1018               	.LBB97:
 1019               	.LSM79:
 1020 0144 1196      		adiw r26,1	 ;  83	*movqi/4	[length = 3]
 1021 0146 8C91      		ld r24,X
 1022 0148 1197      		sbiw r26,1
 1023 014a 8695      		lsr r24	 ;  84	*lshrqi3/3	[length = 1]
 1024 014c 8032      		cpi r24,lo8(32)	 ;  85	cmpqi/2	[length = 1]
 1025 014e 01F4      		brne .L43	 ;  86	branch	[length = 1]
 1026 0150 80E0      		ldi r24,lo8(0)	 ;  438	*movqi/2	[length = 1]
 1027               	.L43:
 1028 0152 8193      		st Z+,r24	 ;  91	*movqi/3	[length = 1]
 1029 0154 1196      		adiw r26,1	 ;  92	*addhi3/2	[length = 1]
 1030               	.LBE97:
 1031 0156 A617      		cp r26,r22	 ;  96	cmphi/1	[length = 2]
 1032 0158 B707      		cpc r27,r23
 1033 015a 01F4      		brne .L44	 ;  97	branch	[length = 1]
 1034 015c 295F      		subi r18,lo8(-(7))	 ;  99	*addhi3/4	[length = 2]
 1035 015e 3F4F      		sbci r19,hi8(-(7))
 1036               	.LBE96:
 1037               	.LSM80:
 1038 0160 FA01      		movw r30,r20	 ;  488	*movhi/1	[length = 1]
 1039 0162 63E0      		ldi r22,3	 ;  610	*ashlhi3_const/5	[length = 5]
 1040 0164 EE0F      	1:	lsl r30
 1041 0166 FF1F      		rol r31
 1042 0168 6A95      		dec r22
 1043 016a 01F4      		brne 1b
 1044 016c E41B      		sub r30,r20	 ;  102	subhi3/1	[length = 2]
 1045 016e F50B      		sbc r31,r21
 1046 0170 E60D      		add r30,r6	 ;  103	*addhi3/1	[length = 2]
 1047 0172 F71D      		adc r31,r7
 1048 0174 D901      		movw r26,r18	 ;  489	*movhi/1	[length = 1]
 1049 0176 8C91      		ld r24,X	 ;  105	*movqi/4	[length = 1]
 1050               	.LVL70:
 1051 0178 8695      		lsr r24	 ;  106	*lshrqi3/3	[length = 1]
 1052 017a 8F70      		andi r24,lo8(15)	 ;  107	andqi3/2	[length = 1]
 1053 017c 848B      		std Z+20,r24	 ;  108	*movqi/3	[length = 1]
 1054               	.LSM81:
 1055 017e 9F5F      		subi r25,lo8(-(1))	 ;  110	addqi3/2	[length = 1]
 1056 0180 F201      		movw r30,r4	 ;  490	*movhi/1	[length = 1]
 1057 0182 9083      		st Z,r25	 ;  111	*movqi/3	[length = 1]
 1058               	.LVL71:
 1059               	.L42:
 1060 0184 F901      		movw r30,r18	 ;  491	*movhi/1	[length = 1]
 1061 0186 3196      		adiw r30,1	 ;  114	*addhi3/2	[length = 1]
 1062               	.LVL72:
 1063 0188 D901      		movw r26,r18	 ;  492	*movhi/1	[length = 1]
 1064 018a 8C91      		ld r24,X	 ;  115	*movqi/4	[length = 1]
 1065 018c 80FD      		sbrc r24,0	 ;  119	*sbrx_branch	[length = 2]
 1066 018e 00C0      		rjmp .L45
 1067               	.LVL73:
 1068 0190 D201      		movw r26,r4	 ;  493	*movhi/1	[length = 1]
 1069 0192 9C91      		ld r25,X	 ;  122	*movqi/4	[length = 1]
 1070 0194 9830      		cpi r25,lo8(8)	 ;  123	cmpqi/2	[length = 1]
 1071 0196 00F4      		brsh .L45	 ;  124	branch	[length = 1]
 1072               	.LSM82:
 1073 0198 492F      		mov r20,r25	 ;  547	*movqi/1	[length = 1]
 1074               	.LVL74:
 1075 019a 50E0      		ldi r21,lo8(0)	 ;  548	*movqi/2	[length = 1]
 1076 019c FA01      		movw r30,r20	 ;  494	*movhi/1	[length = 1]
 1077 019e 83E0      		ldi r24,3	 ;  609	*ashlhi3_const/5	[length = 5]
 1078 01a0 EE0F      	1:	lsl r30
 1079 01a2 FF1F      		rol r31
 1080 01a4 8A95      		dec r24
 1081 01a6 01F4      		brne 1b
 1082 01a8 E41B      		sub r30,r20	 ;  130	subhi3/1	[length = 2]
 1083 01aa F50B      		sbc r31,r21
 1084 01ac 3E96      		adiw r30,14	 ;  131	*addhi3/2	[length = 1]
 1085 01ae E60D      		add r30,r6	 ;  132	*addhi3/1	[length = 2]
 1086 01b0 F71D      		adc r31,r7
 1087 01b2 D901      		movw r26,r18	 ;  133	*movhi/1	[length = 1]
 1088               	.LBB98:
 1089               	.LSM83:
 1090 01b4 B901      		movw r22,r18	 ;  495	*movhi/1	[length = 1]
 1091 01b6 6A5F      		subi r22,lo8(-(6))	 ;  95	*addhi3/4	[length = 2]
 1092 01b8 7F4F      		sbci r23,hi8(-(6))
 1093 01ba 00C0      		rjmp .L44	 ;  620	jump	[length = 1]
 1094               	.LVL75:
 1095               	.L45:
 1096               	.LBE98:
 1097               	.LSM84:
 1098 01bc 8081      		ld r24,Z	 ;  138	*movqi/4	[length = 1]
 1099 01be 90E0      		ldi r25,lo8(0)	 ;  546	*movqi/2	[length = 1]
 1100 01c0 2A96      		adiw r28,72-62	 ;  141	*movhi/3	[length = 4]
 1101 01c2 9FAF      		std Y+63,r25
 1102 01c4 8EAF      		std Y+62,r24
 1103 01c6 2A97      		sbiw r28,72-62
 1104               	.LSM85:
 1105 01c8 8330      		cpi r24,3	 ;  142	cmphi/2	[length = 2]
 1106 01ca 9105      		cpc r25,__zero_reg__
 1107 01cc 01F0      		breq .L46	 ;  143	branch	[length = 1]
 1108               	.LVL76:
 1109               	.LSM86:
 1110 01ce 00D0      		rcall .	 ;  145	*addhi3_sp_R_pc2	[length = 3]
 1111 01d0 00D0      		rcall .
 1112 01d2 00D0      		rcall .
 1113 01d4 EDB7      		in r30,__SP_L__	 ;  496	*movhi_sp/2	[length = 2]
 1114 01d6 FEB7      		in r31,__SP_H__
 1115               	.LVL77:
 1116 01d8 3196      		adiw r30,1	 ;  364	*addhi3/2	[length = 1]
 1117               	.LBE99:
 1118 01da 20E0      		ldi r18,lo8(__c.1730)	 ;  498	*movhi/4	[length = 2]
 1119 01dc 30E0      		ldi r19,hi8(__c.1730)
 1120               	.LVL78:
 1121 01de ADB7      		in r26,__SP_L__	 ;  497	*movhi_sp/2	[length = 2]
 1122 01e0 BEB7      		in r27,__SP_H__
 1123 01e2 1296      		adiw r26,1+1	 ;  148	*movhi/3	[length = 4]
 1124 01e4 3C93      		st X,r19
 1125 01e6 2E93      		st -X,r18
 1126 01e8 1197      		sbiw r26,1
 1127 01ea A0E0      		ldi r26,lo8(.LC3)	 ;  499	*movhi/4	[length = 2]
 1128 01ec B0E0      		ldi r27,hi8(.LC3)
 1129 01ee B383      		std Z+3,r27	 ;  150	*movhi/3	[length = 2]
 1130 01f0 A283      		std Z+2,r26
 1131 01f2 9583      		std Z+5,r25	 ;  151	*movhi/3	[length = 2]
 1132 01f4 8483      		std Z+4,r24
 1133 01f6 00C0      		rjmp .L61	 ;  622	jump	[length = 1]
 1134               	.LVL79:
 1135               	.L46:
 1136               	.LBB100:
 1137               	.LSM87:
 1138 01f8 CF01      		movw r24,r30	 ;  502	*movhi/1	[length = 1]
 1139 01fa 0196      		adiw r24,1	 ;  158	*addhi3/2	[length = 1]
 1140               	.LVL80:
 1141               	.LSM88:
 1142 01fc 2181      		ldd r18,Z+1	 ;  159	*movqi/4	[length = 1]
 1143 01fe 2B96      		adiw r28,74-63	 ;  161	*movqi/3	[length = 3]
 1144 0200 2FAF      		std Y+63,r18
 1145 0202 2B97      		sbiw r28,74-63
 1146               	.LSM89:
 1147 0204 203F      		cpi r18,lo8(-16)	 ;  162	cmpqi/2	[length = 1]
 1148 0206 01F0      		breq .L47	 ;  163	branch	[length = 1]
 1149               	.LVL81:
 1150               	.LSM90:
 1151 0208 00D0      		rcall .	 ;  165	*addhi3_sp_R_pc2	[length = 3]
 1152 020a 00D0      		rcall .
 1153 020c 00D0      		rcall .
 1154 020e EDB7      		in r30,__SP_L__	 ;  503	*movhi_sp/2	[length = 2]
 1155 0210 FEB7      		in r31,__SP_H__
 1156               	.LVL82:
 1157 0212 3196      		adiw r30,1	 ;  365	*addhi3/2	[length = 1]
 1158               	.LBE100:
 1159 0214 80E0      		ldi r24,lo8(__c.1732)	 ;  505	*movhi/4	[length = 2]
 1160 0216 90E0      		ldi r25,hi8(__c.1732)
 1161               	.LVL83:
 1162 0218 ADB7      		in r26,__SP_L__	 ;  504	*movhi_sp/2	[length = 2]
 1163 021a BEB7      		in r27,__SP_H__
 1164 021c 1296      		adiw r26,1+1	 ;  168	*movhi/3	[length = 4]
 1165 021e 9C93      		st X,r25
 1166 0220 8E93      		st -X,r24
 1167 0222 1197      		sbiw r26,1
 1168 0224 A0E0      		ldi r26,lo8(.LC3)	 ;  506	*movhi/4	[length = 2]
 1169 0226 B0E0      		ldi r27,hi8(.LC3)
 1170 0228 B383      		std Z+3,r27	 ;  170	*movhi/3	[length = 2]
 1171 022a A283      		std Z+2,r26
 1172 022c 2483      		std Z+4,r18	 ;  378	*movqi/3	[length = 1]
 1173 022e 1582      		std Z+5,__zero_reg__	 ;  379	*movqi/3	[length = 1]
 1174               	.L61:
 1175 0230 0E94 0000 		call kprintf_P	 ;  173	call_insn/3	[length = 2]
 1176               	.LVL84:
 1177 0234 EDB7      		in r30,__SP_L__	 ;  507	*movhi_sp/2	[length = 2]
 1178 0236 FEB7      		in r31,__SP_H__
 1179 0238 3696      		adiw r30,6	 ;  174	*addhi3/2	[length = 1]
 1180 023a 0FB6      		in __tmp_reg__,__SREG__	 ;  508	*movhi_sp/1	[length = 5]
 1181 023c F894      		cli
 1182 023e FEBF      		out __SP_H__,r31
 1183 0240 0FBE      		out __SREG__,__tmp_reg__
 1184 0242 EDBF      		out __SP_L__,r30
 1185 0244 00C0      		rjmp .L37	 ;  624	jump	[length = 1]
 1186               	.LVL85:
 1187               	.L47:
 1188               	.LBB101:
 1189               	.LSM91:
 1190 0246 0196      		adiw r24,1	 ;  179	*addhi3/2	[length = 1]
 1191               	.LVL86:
 1192               	.LSM92:
 1193 0248 D801      		movw r26,r16	 ;  509	*movhi/1	[length = 1]
 1194 024a 2D91      		ld r18,X+	 ;  182	*movhi/2	[length = 2]
 1195 024c 3C91      		ld r19,X
 1196 024e 2250      		subi r18,lo8(-(-2))	 ;  183	*addhi3/4	[length = 2]
 1197 0250 3040      		sbci r19,hi8(-(-2))
 1198 0252 A701      		movw r20,r14	 ;  510	*movhi/1	[length = 1]
 1199               	.LVL87:
 1200 0254 481B      		sub r20,r24	 ;  184	subhi3/1	[length = 2]
 1201 0256 590B      		sbc r21,r25
 1202 0258 240F      		add r18,r20	 ;  185	*addhi3/1	[length = 2]
 1203 025a 351F      		adc r19,r21
 1204 025c 2F96      		adiw r28,77-62	 ;  186	*movhi/3	[length = 4]
 1205 025e 3FAF      		std Y+63,r19
 1206 0260 2EAF      		std Y+62,r18
 1207 0262 2F97      		sbiw r28,77-62
 1208               	.LSM93:
 1209 0264 2D96      		adiw r28,75-62	 ;  188	*movhi/3	[length = 4]
 1210 0266 9FAF      		std Y+63,r25
 1211 0268 8EAF      		std Y+62,r24
 1212 026a 2D97      		sbiw r28,75-62
 1213               	.LSM94:
 1214 026c 6396      		adiw r28,81-62	 ;  511	*movhi/2	[length = 4]
 1215 026e AEAD      		ldd r26,Y+62
 1216 0270 BFAD      		ldd r27,Y+63
 1217 0272 6397      		sbiw r28,81-62
 1218 0274 ED91      		ld r30,X+	 ;  190	*movhi/2	[length = 2]
 1219 0276 FC91      		ld r31,X
 1220 0278 3097      		sbiw r30,0	 ;  191	tsthi/1	[length = 1]
 1221 027a 01F0      		breq .L37	 ;  192	branch	[length = 1]
 1222               	.LSM95:
 1223 027c CE01      		movw r24,r28	 ;  512	*movhi/1	[length = 1]
 1224               	.LVL88:
 1225 027e 0196      		adiw r24,1	 ;  195	*addhi3/2	[length = 1]
 1226 0280 0995      		icall	 ;  196	call_insn/1	[length = 1]
 1227               	.LVL89:
 1228               	.L37:
 1229               	.LBE101:
 1230               	.LBE102:
 1231               	.LSM96:
 1232 0282 81E0      		ldi r24,lo8(1)	 ;  200	*movqi/2	[length = 1]
 1233 0284 F501      		movw r30,r10	 ;  513	*movhi/1	[length = 1]
 1234 0286 8083      		st Z,r24	 ;  201	*movqi/3	[length = 1]
 1235               	.LSM97:
 1236 0288 8FEF      		ldi r24,lo8(-1)	 ;  203	*movhi/4	[length = 2]
 1237 028a 9FEF      		ldi r25,hi8(-1)
 1238 028c D601      		movw r26,r12	 ;  514	*movhi/1	[length = 1]
 1239 028e 8D93      		st X+,r24	 ;  204	*movhi/3	[length = 2]
 1240 0290 9C93      		st X,r25
 1241               	.LSM98:
 1242 0292 F801      		movw r30,r16	 ;  515	*movhi/1	[length = 1]
 1243 0294 1182      		std Z+1,__zero_reg__	 ;  206	*movhi/3	[length = 2]
 1244 0296 1082      		st Z,__zero_reg__
 1245 0298 00C0      		rjmp .L60	 ;  626	jump	[length = 1]
 1246               	.L36:
 1247               	.LSM99:
 1248 029a 4F37      		cpi r20,127	 ;  211	cmphi/2	[length = 2]
 1249 029c 5105      		cpc r21,__zero_reg__
 1250 029e 01F4      		brne .L48	 ;  212	branch	[length = 1]
 1251               	.LSM100:
 1252 02a0 D501      		movw r26,r10	 ;  516	*movhi/1	[length = 1]
 1253 02a2 00C0      		rjmp .L62	 ;  628	jump	[length = 1]
 1254               	.L48:
 1255               	.LSM101:
 1256 02a4 4B31      		cpi r20,27	 ;  220	cmphi/2	[length = 2]
 1257 02a6 5105      		cpc r21,__zero_reg__
 1258 02a8 01F4      		brne .L35	 ;  221	branch	[length = 1]
 1259               	.LSM102:
 1260 02aa 81E0      		ldi r24,lo8(1)	 ;  224	*movqi/2	[length = 1]
 1261 02ac F401      		movw r30,r8	 ;  517	*movhi/1	[length = 1]
 1262 02ae 8083      		st Z,r24	 ;  225	*movqi/3	[length = 1]
 1263 02b0 00C0      		rjmp .L60	 ;  630	jump	[length = 1]
 1264               	.L35:
 1265               	.LSM103:
 1266 02b2 D501      		movw r26,r10	 ;  518	*movhi/1	[length = 1]
 1267 02b4 8C91      		ld r24,X	 ;  231	*movqi/4	[length = 1]
 1268 02b6 8823      		tst r24	 ;  232	tstqi	[length = 1]
 1269 02b8 01F0      		breq .L49	 ;  233	branch	[length = 1]
 1270               	.LSM104:
 1271 02ba F801      		movw r30,r16	 ;  519	*movhi/1	[length = 1]
 1272 02bc 2081      		ld r18,Z	 ;  236	*movhi/2	[length = 2]
 1273 02be 3181      		ldd r19,Z+1
 1274 02c0 F1E0      		ldi r31,hi8(330)	 ;  237	cmphi/3	[length = 3]
 1275 02c2 2A34      		cpi r18,lo8(330)
 1276 02c4 3F07      		cpc r19,r31
 1277 02c6 00F4      		brsh .L50	 ;  238	branch	[length = 1]
 1278               	.LSM105:
 1279 02c8 F701      		movw r30,r14	 ;  520	*movhi/1	[length = 1]
 1280 02ca E20F      		add r30,r18	 ;  241	*addhi3/1	[length = 2]
 1281 02cc F31F      		adc r31,r19
 1282 02ce 4083      		st Z,r20	 ;  242	*movqi/3	[length = 1]
 1283 02d0 2F5F      		subi r18,lo8(-(1))	 ;  244	*addhi3/4	[length = 2]
 1284 02d2 3F4F      		sbci r19,hi8(-(1))
 1285 02d4 D801      		movw r26,r16	 ;  521	*movhi/1	[length = 1]
 1286 02d6 2D93      		st X+,r18	 ;  245	*movhi/3	[length = 2]
 1287 02d8 3C93      		st X,r19
 1288               	.LSM106:
 1289 02da F601      		movw r30,r12	 ;  522	*movhi/1	[length = 1]
 1290 02dc 2081      		ld r18,Z	 ;  247	*movhi/2	[length = 2]
 1291 02de 3181      		ldd r19,Z+1
 1292               	.LBB103:
 1293               	.LBB104:
 1294               	.LBB105:
 1295               	.LSM107:
 1296 02e0 E42F      		mov r30,r20	 ;  543	*movqi/1	[length = 1]
 1297               	.LVL90:
 1298 02e2 F0E0      		ldi r31,lo8(0)	 ;  544	*movqi/2	[length = 1]
 1299               	.LVL91:
 1300 02e4 E227      		eor r30,r18	 ;  249	xorhi3	[length = 2]
 1301 02e6 F327      		eor r31,r19
 1302               	.LVL92:
 1303 02e8 F070      		andi r31,hi8(255)	 ;  250	andhi3/2	[length = 2]
 1304 02ea EE0F      		lsl r30	 ;  608	*ashlhi3_const/2	[length = 2]
 1305 02ec FF1F      		rol r31
 1306 02ee E050      		subi r30,lo8(-(crc_ccitt_tab))	 ;  253	*addhi3/4	[length = 2]
 1307 02f0 F040      		sbci r31,hi8(-(crc_ccitt_tab))
 1308               	/* #APP */
 1309               	 ;  60 "bertos/algo/crc_ccitt.h" 1
 1310 02f2 8591      		lpm r24, Z+
 1311 02f4 9491      		lpm r25, Z
 1312               		
 1313               	 ;  0 "" 2
 1314               	.LVL93:
 1315               	/* #NOAPP */
 1316               	.LBE105:
 1317               	.LBE104:
 1318               	.LBE103:
 1319               	.LSM108:
 1320 02f6 232F      		mov r18,r19	 ;  607	*lshrhi3_const/3	[length = 2]
 1321 02f8 3327      		clr r19
 1322 02fa 8227      		eor r24,r18	 ;  257	xorhi3	[length = 2]
 1323 02fc 9327      		eor r25,r19
 1324 02fe D601      		movw r26,r12	 ;  523	*movhi/1	[length = 1]
 1325 0300 8D93      		st X+,r24	 ;  258	*movhi/3	[length = 2]
 1326 0302 9C93      		st X,r25
 1327 0304 00C0      		rjmp .L49	 ;  632	jump	[length = 1]
 1328               	.LVL94:
 1329               	.L50:
 1330               	.LSM109:
 1331 0306 F501      		movw r30,r10	 ;  524	*movhi/1	[length = 1]
 1332 0308 1082      		st Z,__zero_reg__	 ;  264	*movqi/3	[length = 1]
 1333               	.LVL95:
 1334               	.L49:
 1335               	.LSM110:
 1336 030a D401      		movw r26,r8	 ;  525	*movhi/1	[length = 1]
 1337               	.L62:
 1338 030c 1C92      		st X,__zero_reg__	 ;  268	*movqi/3	[length = 1]
 1339               	.L60:
 1340               	.LSM111:
 1341 030e 6196      		adiw r28,79-62	 ;  526	*movhi/2	[length = 4]
 1342 0310 EEAD      		ldd r30,Y+62
 1343 0312 FFAD      		ldd r31,Y+63
 1344 0314 6197      		sbiw r28,79-62
 1345               	.LVL96:
 1346 0316 8081      		ld r24,Z	 ;  274	*movhi/2	[length = 2]
 1347 0318 9181      		ldd r25,Z+1
 1348               	.LVL97:
 1349 031a 0E94 0000 		call kfile_getc	 ;  275	call_value_insn/3	[length = 2]
 1350               	.LVL98:
 1351 031e AC01      		movw r20,r24	 ;  276	*movhi/1	[length = 1]
 1352               	.LVL99:
 1353 0320 FFEF      		ldi r31,hi8(-1)	 ;  278	cmphi/3	[length = 3]
 1354 0322 8F3F      		cpi r24,lo8(-1)
 1355 0324 9F07      		cpc r25,r31
 1356 0326 01F0      		breq .+2	 ;  279	branch	[length = 2]
 1357 0328 00C0      		rjmp .L51
 1358               	.LVL100:
 1359               	.LSM112:
 1360 032a 6196      		adiw r28,79-62	 ;  527	*movhi/2	[length = 4]
 1361 032c AEAD      		ldd r26,Y+62
 1362 032e BFAD      		ldd r27,Y+63
 1363 0330 6197      		sbiw r28,79-62
 1364 0332 0D91      		ld r16,X+	 ;  282	*movhi/2	[length = 2]
 1365 0334 1C91      		ld r17,X
 1366               	.LBB106:
 1367               	.LBB107:
 1368               	.LSM113:
 1369 0336 F801      		movw r30,r16	 ;  528	*movhi/1	[length = 1]
 1370 0338 8485      		ldd r24,Z+12	 ;  283	*movhi/2	[length = 2]
 1371 033a 9585      		ldd r25,Z+13
 1372               	.LVL101:
 1373 033c 892B      		or r24,r25	 ;  284	tsthi/1	[length = 1]
 1374 033e 01F4      		brne .L52	 ;  285	branch	[length = 1]
 1375               	.LBE107:
 1376 0340 80E0      		ldi r24,lo8(__c.1449)	 ;  290	*movhi/4	[length = 2]
 1377 0342 90E0      		ldi r25,hi8(__c.1449)
 1378 0344 60E0      		ldi r22,lo8(__c.1451)	 ;  291	*movhi/4	[length = 2]
 1379 0346 70E0      		ldi r23,hi8(__c.1451)
 1380 0348 4DE0      		ldi r20,lo8(269)	 ;  292	*movhi/4	[length = 2]
 1381 034a 51E0      		ldi r21,hi8(269)
 1382               	.LVL102:
 1383 034c 0E94 0000 		call __bassert_P	 ;  293	call_value_insn/3	[length = 2]
 1384               	.LVL103:
 1385               	.L52:
 1386               	.LSM114:
 1387 0350 D801      		movw r26,r16	 ;  529	*movhi/1	[length = 1]
 1388 0352 1C96      		adiw r26,12	 ;  297	*movhi/2	[length = 4]
 1389 0354 ED91      		ld r30,X+
 1390 0356 FC91      		ld r31,X
 1391 0358 1D97      		sbiw r26,12+1
 1392 035a C801      		movw r24,r16	 ;  298	*movhi/1	[length = 1]
 1393 035c 0995      		icall	 ;  299	call_value_insn/1	[length = 1]
 1394               	.LVL104:
 1395               	.LBE106:
 1396               	.LSM115:
 1397 035e 892B      		or r24,r25	 ;  301	tsthi/1	[length = 1]
 1398 0360 01F4      		brne .+2	 ;  302	branch	[length = 2]
 1399 0362 00C0      		rjmp .L56
 1400               	.LSM116:
 1401 0364 EAE4      		ldi r30,lo8(330)	 ;  530	*movhi/4	[length = 2]
 1402 0366 F1E0      		ldi r31,hi8(330)
 1403 0368 EE0E      		add r14,r30	 ;  304	*addhi3/1	[length = 2]
 1404 036a FF1E      		adc r15,r31
 1405 036c D701      		movw r26,r14	 ;  531	*movhi/1	[length = 1]
 1406 036e 0D91      		ld r16,X+	 ;  305	*movhi/2	[length = 2]
 1407 0370 1C91      		ld r17,X
 1408 0372 E6EB      		ldi r30,lo8(-330)	 ;  532	*movhi/4	[length = 2]
 1409 0374 FEEF      		ldi r31,hi8(-330)
 1410 0376 EE0E      		add r14,r30	 ;  461	*addhi3/1	[length = 2]
 1411 0378 FF1E      		adc r15,r31
 1412               	.LBB108:
 1413               	.LBB109:
 1414               	.LSM117:
 1415 037a D801      		movw r26,r16	 ;  533	*movhi/1	[length = 1]
 1416 037c 1C96      		adiw r26,12	 ;  306	*movhi/2	[length = 4]
 1417 037e 8D91      		ld r24,X+
 1418 0380 9C91      		ld r25,X
 1419 0382 1D97      		sbiw r26,12+1
 1420 0384 892B      		or r24,r25	 ;  307	tsthi/1	[length = 1]
 1421 0386 01F4      		brne .L54	 ;  308	branch	[length = 1]
 1422               	.LBE109:
 1423 0388 80E0      		ldi r24,lo8(__c.1449)	 ;  313	*movhi/4	[length = 2]
 1424 038a 90E0      		ldi r25,hi8(__c.1449)
 1425 038c 60E0      		ldi r22,lo8(__c.1451)	 ;  314	*movhi/4	[length = 2]
 1426 038e 70E0      		ldi r23,hi8(__c.1451)
 1427 0390 4DE0      		ldi r20,lo8(269)	 ;  315	*movhi/4	[length = 2]
 1428 0392 51E0      		ldi r21,hi8(269)
 1429 0394 0E94 0000 		call __bassert_P	 ;  316	call_value_insn/3	[length = 2]
 1430               	.L54:
 1431               	.LSM118:
 1432 0398 D801      		movw r26,r16	 ;  534	*movhi/1	[length = 1]
 1433 039a 1C96      		adiw r26,12	 ;  320	*movhi/2	[length = 4]
 1434 039c ED91      		ld r30,X+
 1435 039e FC91      		ld r31,X
 1436 03a0 1D97      		sbiw r26,12+1
 1437 03a2 C801      		movw r24,r16	 ;  321	*movhi/1	[length = 1]
 1438 03a4 0995      		icall	 ;  322	call_value_insn/1	[length = 1]
 1439               	.LBE108:
 1440               	.LSM119:
 1441 03a6 00D0      		rcall .	 ;  324	*addhi3_sp_R_pc2	[length = 3]
 1442 03a8 00D0      		rcall .
 1443 03aa 00D0      		rcall .
 1444 03ac EDB7      		in r30,__SP_L__	 ;  535	*movhi_sp/2	[length = 2]
 1445 03ae FEB7      		in r31,__SP_H__
 1446 03b0 3196      		adiw r30,1	 ;  373	*addhi3/2	[length = 1]
 1447 03b2 20E0      		ldi r18,lo8(__c.1779)	 ;  326	*movhi/4	[length = 2]
 1448 03b4 30E0      		ldi r19,hi8(__c.1779)
 1449 03b6 ADB7      		in r26,__SP_L__	 ;  536	*movhi_sp/2	[length = 2]
 1450 03b8 BEB7      		in r27,__SP_H__
 1451 03ba 1296      		adiw r26,1+1	 ;  327	*movhi/3	[length = 4]
 1452 03bc 3C93      		st X,r19
 1453 03be 2E93      		st -X,r18
 1454 03c0 1197      		sbiw r26,1
 1455 03c2 20E0      		ldi r18,lo8(.LC4)	 ;  328	*movhi/4	[length = 2]
 1456 03c4 30E0      		ldi r19,hi8(.LC4)
 1457 03c6 3383      		std Z+3,r19	 ;  329	*movhi/3	[length = 2]
 1458 03c8 2283      		std Z+2,r18
 1459 03ca 9583      		std Z+5,r25	 ;  330	*movhi/3	[length = 2]
 1460 03cc 8483      		std Z+4,r24
 1461 03ce 0E94 0000 		call kprintf_P	 ;  331	call_insn/3	[length = 2]
 1462               	.LSM120:
 1463 03d2 EAE4      		ldi r30,lo8(330)	 ;  537	*movhi/4	[length = 2]
 1464 03d4 F1E0      		ldi r31,hi8(330)
 1465 03d6 EE0E      		add r14,r30	 ;  332	*addhi3/1	[length = 2]
 1466 03d8 FF1E      		adc r15,r31
 1467 03da D701      		movw r26,r14	 ;  538	*movhi/1	[length = 1]
 1468 03dc 0D91      		ld r16,X+	 ;  333	*movhi/2	[length = 2]
 1469 03de 1C91      		ld r17,X
 1470               	.LBB110:
 1471               	.LBB111:
 1472               	.LSM121:
 1473 03e0 EDB7      		in r30,__SP_L__	 ;  539	*movhi_sp/2	[length = 2]
 1474 03e2 FEB7      		in r31,__SP_H__
 1475 03e4 3696      		adiw r30,6	 ;  334	*addhi3/2	[length = 1]
 1476 03e6 0FB6      		in __tmp_reg__,__SREG__	 ;  540	*movhi_sp/1	[length = 5]
 1477 03e8 F894      		cli
 1478 03ea FEBF      		out __SP_H__,r31
 1479 03ec 0FBE      		out __SREG__,__tmp_reg__
 1480 03ee EDBF      		out __SP_L__,r30
 1481 03f0 D801      		movw r26,r16	 ;  541	*movhi/1	[length = 1]
 1482 03f2 1E96      		adiw r26,14	 ;  335	*movhi/2	[length = 4]
 1483 03f4 8D91      		ld r24,X+
 1484 03f6 9C91      		ld r25,X
 1485 03f8 1F97      		sbiw r26,14+1
 1486 03fa 892B      		or r24,r25	 ;  336	tsthi/1	[length = 1]
 1487 03fc 01F4      		brne .L55	 ;  337	branch	[length = 1]
 1488               	.LBE111:
 1489 03fe 80E0      		ldi r24,lo8(__c.1463)	 ;  342	*movhi/4	[length = 2]
 1490 0400 90E0      		ldi r25,hi8(__c.1463)
 1491 0402 60E0      		ldi r22,lo8(__c.1465)	 ;  343	*movhi/4	[length = 2]
 1492 0404 70E0      		ldi r23,hi8(__c.1465)
 1493 0406 43E1      		ldi r20,lo8(275)	 ;  344	*movhi/4	[length = 2]
 1494 0408 51E0      		ldi r21,hi8(275)
 1495 040a 0E94 0000 		call __bassert_P	 ;  345	call_value_insn/3	[length = 2]
 1496               	.L55:
 1497               	.LBB112:
 1498               	.LSM122:
 1499 040e D801      		movw r26,r16	 ;  542	*movhi/1	[length = 1]
 1500 0410 1E96      		adiw r26,14	 ;  349	*movhi/2	[length = 4]
 1501 0412 ED91      		ld r30,X+
 1502 0414 FC91      		ld r31,X
 1503 0416 1F97      		sbiw r26,14+1
 1504 0418 C801      		movw r24,r16	 ;  350	*movhi/1	[length = 1]
 1505 041a 0995      		icall	 ;  351	call_insn/1	[length = 1]
 1506               	.L56:
 1507               	/* epilogue start */
 1508               	.LBE112:
 1509               	.LBE110:
 1510               	.LSM123:
 1511 041c CA5A      		subi r28,lo8(-(86))	 ;  576	*addhi3/4	[length = 2]
 1512 041e DF4F      		sbci r29,hi8(-(86))
 1513 0420 0FB6      		in __tmp_reg__,__SREG__	 ;  577	*movhi_sp/1	[length = 5]
 1514 0422 F894      		cli
 1515 0424 DEBF      		out __SP_H__,r29
 1516 0426 0FBE      		out __SREG__,__tmp_reg__
 1517 0428 CDBF      		out __SP_L__,r28
 1518 042a CF91      		pop r28	 ;  578	pophi	[length = 2]
 1519 042c DF91      		pop r29
 1520 042e 1F91      		pop r17	 ;  579	popqi	[length = 1]
 1521 0430 0F91      		pop r16	 ;  580	popqi	[length = 1]
 1522 0432 FF90      		pop r15	 ;  581	popqi	[length = 1]
 1523 0434 EF90      		pop r14	 ;  582	popqi	[length = 1]
 1524               	.LVL105:
 1525 0436 DF90      		pop r13	 ;  583	popqi	[length = 1]
 1526 0438 CF90      		pop r12	 ;  584	popqi	[length = 1]
 1527 043a BF90      		pop r11	 ;  585	popqi	[length = 1]
 1528 043c AF90      		pop r10	 ;  586	popqi	[length = 1]
 1529 043e 9F90      		pop r9	 ;  587	popqi	[length = 1]
 1530 0440 8F90      		pop r8	 ;  588	popqi	[length = 1]
 1531 0442 7F90      		pop r7	 ;  589	popqi	[length = 1]
 1532 0444 6F90      		pop r6	 ;  590	popqi	[length = 1]
 1533 0446 5F90      		pop r5	 ;  591	popqi	[length = 1]
 1534 0448 4F90      		pop r4	 ;  592	popqi	[length = 1]
 1535 044a 3F90      		pop r3	 ;  593	popqi	[length = 1]
 1536 044c 2F90      		pop r2	 ;  594	popqi	[length = 1]
 1537               	.LVL106:
 1538 044e 0895      		ret	 ;  595	return_from_epilogue	[length = 1]
 1539               	.LFE13:
 1541               		.section	.progmem.data,"a",@progbits
 1544               	__c.1938:
 1545 0000 6265 7274 		.string	"bertos/net/ax25.c"
 1545      6F73 2F6E 
 1545      6574 2F61 
 1545      7832 352E 
 1545      6300 
 1548               	__c.1936:
 1549 0012 6368 616E 		.string	"channel"
 1549      6E65 6C00 
 1552               	__c.1934:
 1553 001a 6265 7274 		.string	"bertos/net/ax25.c"
 1553      6F73 2F6E 
 1553      6574 2F61 
 1553      7832 352E 
 1553      6300 
 1556               	__c.1932:
 1557 002c 6374 7800 		.string	"ctx"
 1560               	__c.1877:
 1561 0030 6265 7274 		.string	"bertos/net/ax25.c"
 1561      6F73 2F6E 
 1561      6574 2F61 
 1561      7832 352E 
 1561      6300 
 1564               	__c.1875:
 1565 0042 6374 782D 		.string	"ctx->crc_out == AX25_CRC_CORRECT"
 1565      3E63 7263 
 1565      5F6F 7574 
 1565      203D 3D20 
 1565      4158 3235 
 1568               	__c.1864:
 1569 0063 6265 7274 		.string	"bertos/net/ax25.c"
 1569      6F73 2F6E 
 1569      6574 2F61 
 1569      7832 352E 
 1569      6300 
 1572               	__c.1862:
 1573 0075 7061 7468 		.string	"path_len >= 2"
 1573      5F6C 656E 
 1573      203E 3D20 
 1573      3200 
 1576               	__c.1860:
 1577 0083 6265 7274 		.string	"bertos/net/ax25.c"
 1577      6F73 2F6E 
 1577      6574 2F61 
 1577      7832 352E 
 1577      6300 
 1580               	__c.1858:
 1581 0095 7061 7468 		.string	"path"
 1581      00
 1584               	__c.1818:
 1585 009a 6265 7274 		.string	"bertos/net/ax25.c"
 1585      6F73 2F6E 
 1585      6574 2F61 
 1585      7832 352E 
 1585      6300 
 1588               	__c.1816:
 1589 00ac 6973 616C 		.string	"isalnum(c) || c == ' '"
 1589      6E75 6D28 
 1589      6329 207C 
 1589      7C20 6320 
 1589      3D3D 2027 
 1592               	__c.1779:
 1593 00c3 2573 3A20 		.string	"%s: Channel error [%04x]\n"
 1593      4368 616E 
 1593      6E65 6C20 
 1593      6572 726F 
 1593      7220 5B25 
 1596               	__c.1732:
 1597 00dd 2573 3A20 		.string	"%s: Only frames without layer3 protocol are handled, got [%02X]\n"
 1597      4F6E 6C79 
 1597      2066 7261 
 1597      6D65 7320 
 1597      7769 7468 
 1600               	__c.1730:
 1601 011e 2573 3A20 		.string	"%s: Only UI frames are handled, got [%02X]\n"
 1601      4F6E 6C79 
 1601      2055 4920 
 1601      6672 616D 
 1601      6573 2061 
 1604               	__c.1451:
 1605 014a 6265 7274 		.string	"bertos/kern/kfile.h"
 1605      6F73 2F6B 
 1605      6572 6E2F 
 1605      6B66 696C 
 1605      652E 6800 
 1608               	__c.1449:
 1609 015e 6664 2D3E 		.string	"fd->error"
 1609      6572 726F 
 1609      7200 
 1612               	__c.1465:
 1613 0168 6265 7274 		.string	"bertos/kern/kfile.h"
 1613      6F73 2F6B 
 1613      6572 6E2F 
 1613      6B66 696C 
 1613      652E 6800 
 1616               	__c.1463:
 1617 017c 6664 2D3E 		.string	"fd->clearerr"
 1617      636C 6561 
 1617      7265 7272 
 1617      00
 1682               	.Letext0:
DEFINED SYMBOLS
                            *ABS*:00000000 ax25.c
C:\DOCUME~1\develer\IMPOST~1\Temp/cc0oACTj.s:2      *ABS*:0000003f __SREG__
C:\DOCUME~1\develer\IMPOST~1\Temp/cc0oACTj.s:3      *ABS*:0000003e __SP_H__
C:\DOCUME~1\develer\IMPOST~1\Temp/cc0oACTj.s:4      *ABS*:0000003d __SP_L__
C:\DOCUME~1\develer\IMPOST~1\Temp/cc0oACTj.s:5      *ABS*:00000034 __CCP__
C:\DOCUME~1\develer\IMPOST~1\Temp/cc0oACTj.s:6      *ABS*:00000000 __tmp_reg__
C:\DOCUME~1\develer\IMPOST~1\Temp/cc0oACTj.s:7      *ABS*:00000001 __zero_reg__
C:\DOCUME~1\develer\IMPOST~1\Temp/cc0oACTj.s:19     .text.ax25_init:00000000 ax25_init
C:\DOCUME~1\develer\IMPOST~1\Temp/cc0oACTj.s:1556   .progmem.data:0000002c __c.1932
C:\DOCUME~1\develer\IMPOST~1\Temp/cc0oACTj.s:1552   .progmem.data:0000001a __c.1934
C:\DOCUME~1\develer\IMPOST~1\Temp/cc0oACTj.s:1548   .progmem.data:00000012 __c.1936
C:\DOCUME~1\develer\IMPOST~1\Temp/cc0oACTj.s:1544   .progmem.data:00000000 __c.1938
C:\DOCUME~1\develer\IMPOST~1\Temp/cc0oACTj.s:103    .text.ax25_putchar:00000000 ax25_putchar
C:\DOCUME~1\develer\IMPOST~1\Temp/cc0oACTj.s:206    .text.print_call:00000000 print_call
C:\DOCUME~1\develer\IMPOST~1\Temp/cc0oACTj.s:294    .text.ax25_print:00000000 ax25_print
C:\DOCUME~1\develer\IMPOST~1\Temp/cc0oACTj.s:426    .text.ax25_sendVia:00000000 ax25_sendVia
C:\DOCUME~1\develer\IMPOST~1\Temp/cc0oACTj.s:1580   .progmem.data:00000095 __c.1858
C:\DOCUME~1\develer\IMPOST~1\Temp/cc0oACTj.s:1576   .progmem.data:00000083 __c.1860
C:\DOCUME~1\develer\IMPOST~1\Temp/cc0oACTj.s:1572   .progmem.data:00000075 __c.1862
C:\DOCUME~1\develer\IMPOST~1\Temp/cc0oACTj.s:1568   .progmem.data:00000063 __c.1864
C:\DOCUME~1\develer\IMPOST~1\Temp/cc0oACTj.s:1588   .progmem.data:000000ac __c.1816
C:\DOCUME~1\develer\IMPOST~1\Temp/cc0oACTj.s:1584   .progmem.data:0000009a __c.1818
C:\DOCUME~1\develer\IMPOST~1\Temp/cc0oACTj.s:1564   .progmem.data:00000042 __c.1875
C:\DOCUME~1\develer\IMPOST~1\Temp/cc0oACTj.s:1560   .progmem.data:00000030 __c.1877
C:\DOCUME~1\develer\IMPOST~1\Temp/cc0oACTj.s:796    .text.ax25_poll:00000000 ax25_poll
C:\DOCUME~1\develer\IMPOST~1\Temp/cc0oACTj.s:1600   .progmem.data:0000011e __c.1730
C:\DOCUME~1\develer\IMPOST~1\Temp/cc0oACTj.s:1596   .progmem.data:000000dd __c.1732
C:\DOCUME~1\develer\IMPOST~1\Temp/cc0oACTj.s:1608   .progmem.data:0000015e __c.1449
C:\DOCUME~1\develer\IMPOST~1\Temp/cc0oACTj.s:1604   .progmem.data:0000014a __c.1451
C:\DOCUME~1\develer\IMPOST~1\Temp/cc0oACTj.s:1592   .progmem.data:000000c3 __c.1779
C:\DOCUME~1\develer\IMPOST~1\Temp/cc0oACTj.s:1616   .progmem.data:0000017c __c.1463
C:\DOCUME~1\develer\IMPOST~1\Temp/cc0oACTj.s:1612   .progmem.data:00000168 __c.1465

UNDEFINED SYMBOLS
__bassert_P
kfile_putc
crc_ccitt_tab
kfile_printf
isalnum
toupper
kprintf_P
kfile_getc
__do_copy_data
